#
# There is insufficient memory for the Java Runtime Environment to continue.
# Native memory allocation (malloc) failed to allocate 1637616 bytes for Chunk::new
# Possible reasons:
#   The system is out of physical RAM or swap space
#   The process is running with CompressedOops enabled, and the Java Heap may be blocking the growth of the native heap
# Possible solutions:
#   Reduce memory load on the system
#   Increase physical memory or swap space
#   Check if swap backing store is full
#   Decrease Java heap size (-Xmx/-Xms)
#   Decrease number of Java threads
#   Decrease Java thread stack sizes (-Xss)
#   Set larger code cache with -XX:ReservedCodeCacheSize=
#   JVM is running with Unscaled Compressed Oops mode in which the Java heap is
#     placed in the first 4GB address space. The Java Heap base address is the
#     maximum limit for the native heap growth. Please use -XX:HeapBaseMinAddress
#     to set the Java Heap base and to place the Java Heap above 4GB virtual address.
# This output file may be truncated or incomplete.
#
#  Out of Memory Error (./src/hotspot/share/memory/arena.cpp:197), pid=13472, tid=13828
#
# JRE version: OpenJDK Runtime Environment (11.0.8+10) (build 11.0.8+10-b944.6842174)
# Java VM: OpenJDK 64-Bit Server VM (11.0.8+10-b944.6842174, mixed mode, tiered, compressed oops, g1 gc, windows-amd64)
# No core dump will be written. Minidumps are not enabled by default on client versions of Windows
#

---------------  S U M M A R Y ------------

Command Line: --add-opens=java.base/java.util=ALL-UNNAMED --add-opens=java.base/java.lang=ALL-UNNAMED --add-opens=java.base/java.lang.invoke=ALL-UNNAMED --add-opens=java.prefs/java.util.prefs=ALL-UNNAMED -Xmx2048m -Dfile.encoding=UTF-8 -Duser.country=IL -Duser.language=iw -Duser.variant org.gradle.launcher.daemon.bootstrap.GradleDaemon 6.7.1

Host: Intel(R) Core(TM) i7-9750H CPU @ 2.60GHz, 12 cores, 7G,  Windows 10 , 64 bit Build 19041 (10.0.19041.804)
Time: Fri May  7 00:59:23 2021 שעון קיץ ירושלים elapsed time: 25 seconds (0d 0h 0m 25s)

---------------  T H R E A D  ---------------

Current thread (0x00000201611a1000):  JavaThread "C2 CompilerThread1" daemon [_thread_in_native, id=13828, stack(0x0000005d43a00000,0x0000005d43b00000)]


Current CompileTask:
C2:  25631 15379       4       org.objectweb.asm.ClassReader::readMethod (1061 bytes)

Stack: [0x0000005d43a00000,0x0000005d43b00000]
Native frames: (J=compiled Java code, j=interpreted, Vv=VM code, C=native code)
V  [jvm.dll+0x5de50a]
V  [jvm.dll+0x7122f5]
V  [jvm.dll+0x71384d]
V  [jvm.dll+0x713f03]
V  [jvm.dll+0x23e728]
V  [jvm.dll+0xb899c]
V  [jvm.dll+0xb8e9c]
V  [jvm.dll+0x35020b]
V  [jvm.dll+0x193ebc]
V  [jvm.dll+0x1f780e]
V  [jvm.dll+0x1f68d4]
V  [jvm.dll+0x17f32c]
V  [jvm.dll+0x205047]
V  [jvm.dll+0x203891]
V  [jvm.dll+0x6dad3f]
V  [jvm.dll+0x6d3895]
V  [jvm.dll+0x5dd4a6]
C  [ucrtbase.dll+0x21bb2]
C  [KERNEL32.DLL+0x17034]
C  [ntdll.dll+0x52651]


---------------  P R O C E S S  ---------------

Threads class SMR info:
_java_thread_list=0x0000020168e677d0, length=159, elements={
0x0000020141e1a000, 0x000002015e51a000, 0x000002015e523800, 0x000002015e532800,
0x000002015e534800, 0x000002015e537000, 0x000002015e53f000, 0x000002015e543000,
0x000002015effe800, 0x000002015f030000, 0x0000020160372000, 0x000002015fcfd000,
0x00000201607a3800, 0x000002015fdcc800, 0x00000201609f8800, 0x00000201607f1000,
0x0000020160000800, 0x0000020160fd1800, 0x0000020160168000, 0x00000201601b5800,
0x0000020160654800, 0x0000020160657800, 0x0000020160655000, 0x00000201611a1000,
0x0000020160656000, 0x0000020160653000, 0x0000020160652000, 0x0000020160658800,
0x0000020160653800, 0x0000020160657000, 0x0000020163bbf000, 0x0000020163bc2800,
0x0000020163bc0000, 0x0000020163bc1000, 0x0000020163bc1800, 0x0000020163bbd000,
0x0000020163bc3800, 0x0000020163bbd800, 0x0000020165268800, 0x0000020165266000,
0x0000020165267800, 0x0000020165265000, 0x0000020165266800, 0x0000020165269000,
0x000002016526a000, 0x0000020165264800, 0x000002016526f000, 0x000002016526f800,
0x0000020165270800, 0x000002016526b000, 0x000002016526c800, 0x0000020165271800,
0x000002016526d800, 0x000002016526b800, 0x000002016526e000, 0x0000020165272000,
0x0000020165273000, 0x0000020165976000, 0x0000020165973800, 0x0000020165977800,
0x000002016597a000, 0x0000020165974800, 0x0000020165977000, 0x0000020165979800,
0x0000020165978800, 0x000002016597b000, 0x0000020165975800, 0x000002016597f000,
0x0000020165980000, 0x000002016597c800, 0x000002016597e000, 0x000002016597d800,
0x0000020165981800, 0x0000020165980800, 0x000002016597c000, 0x0000020165982800,
0x000002016474e000, 0x000002016474a000, 0x000002016474b800, 0x000002016474b000,
0x000002016474f000, 0x0000020164749000, 0x000002016474c800, 0x0000020164750800,
0x0000020164750000, 0x0000020164751800, 0x0000020164752000, 0x0000020164753000,
0x000002016474d800, 0x0000020164754000, 0x0000020164755800, 0x0000020164754800,
0x0000020164756800, 0x0000020164757000, 0x0000020164758000, 0x0000020163340000,
0x000002016333f000, 0x000002016333d000, 0x000002016333d800, 0x000002016333e800,
0x0000020163341000, 0x0000020163341800, 0x000002016333c000, 0x0000020163346800,
0x0000020163346000, 0x0000020163345000, 0x0000020163344000, 0x0000020163348000,
0x0000020163347800, 0x0000020163342800, 0x0000020163349000, 0x0000020163343800,
0x000002016334a000, 0x000002016334a800, 0x000002016311d000, 0x000002016311a000,
0x000002016311c800, 0x000002016311e000, 0x0000020163119000, 0x000002016311f800,
0x000002016311a800, 0x000002016311f000, 0x0000020163120800, 0x0000020163121000,
0x000002016311b800, 0x0000020163123800, 0x0000020163122000, 0x0000020163126000,
0x0000020163123000, 0x0000020163124800, 0x0000020163127800, 0x0000020163125800,
0x0000020163127000, 0x0000020163790000, 0x0000020163796000, 0x0000020163797000,
0x0000020163791000, 0x0000020163792000, 0x0000020163797800, 0x0000020163798800,
0x0000020163794800, 0x0000020163795000, 0x0000020163792800, 0x0000020163799000,
0x0000020163793800, 0x0000020164be1000, 0x0000020164bdf000, 0x0000020164be5800,
0x0000020164be4000, 0x0000020164be1800, 0x0000020164be2800, 0x0000020164be9000,
0x0000020164bea800, 0x0000020164bea000, 0x0000020164beb800, 0x0000020164bec000,
0x0000020164bed000, 0x0000020164be7800, 0x0000020164be8000
}

Java Threads: ( => current thread )
  0x0000020141e1a000 JavaThread "main" [_thread_blocked, id=25168, stack(0x0000005d40f00000,0x0000005d41000000)]
  0x000002015e51a000 JavaThread "Reference Handler" daemon [_thread_blocked, id=39668, stack(0x0000005d41600000,0x0000005d41700000)]
  0x000002015e523800 JavaThread "Finalizer" daemon [_thread_blocked, id=12132, stack(0x0000005d41700000,0x0000005d41800000)]
  0x000002015e532800 JavaThread "Signal Dispatcher" daemon [_thread_blocked, id=38584, stack(0x0000005d41800000,0x0000005d41900000)]
  0x000002015e534800 JavaThread "Attach Listener" daemon [_thread_blocked, id=36568, stack(0x0000005d41900000,0x0000005d41a00000)]
  0x000002015e537000 JavaThread "C2 CompilerThread0" daemon [_thread_blocked, id=24544, stack(0x0000005d41a00000,0x0000005d41b00000)]
  0x000002015e53f000 JavaThread "C1 CompilerThread0" daemon [_thread_blocked, id=39860, stack(0x0000005d41b00000,0x0000005d41c00000)]
  0x000002015e543000 JavaThread "Sweeper thread" daemon [_thread_blocked, id=9456, stack(0x0000005d41c00000,0x0000005d41d00000)]
  0x000002015effe800 JavaThread "Common-Cleaner" daemon [_thread_blocked, id=16492, stack(0x0000005d41d00000,0x0000005d41e00000)]
  0x000002015f030000 JavaThread "Service Thread" daemon [_thread_blocked, id=36916, stack(0x0000005d41e00000,0x0000005d41f00000)]
  0x0000020160372000 JavaThread "Daemon health stats" [_thread_blocked, id=11516, stack(0x0000005d42300000,0x0000005d42400000)]
  0x000002015fcfd000 JavaThread "Incoming local TCP Connector on port 57915" [_thread_in_native, id=33552, stack(0x0000005d42500000,0x0000005d42600000)]
  0x00000201607a3800 JavaThread "Daemon periodic checks" [_thread_blocked, id=15080, stack(0x0000005d42600000,0x0000005d42700000)]
  0x000002015fdcc800 JavaThread "Daemon" [_thread_blocked, id=39804, stack(0x0000005d42700000,0x0000005d42800000)]
  0x00000201609f8800 JavaThread "Handler for socket connection from /127.0.0.1:57915 to /127.0.0.1:57916" [_thread_in_native, id=36500, stack(0x0000005d42800000,0x0000005d42900000)]
  0x00000201607f1000 JavaThread "Cancel handler" [_thread_blocked, id=21480, stack(0x0000005d42900000,0x0000005d42a00000)]
  0x0000020160000800 JavaThread "Daemon worker" [_thread_blocked, id=38524, stack(0x0000005d42a00000,0x0000005d42b00000)]
  0x0000020160fd1800 JavaThread "Asynchronous log dispatcher for DefaultDaemonConnection: socket connection from /127.0.0.1:57915 to /127.0.0.1:57916" [_thread_blocked, id=22968, stack(0x0000005d42b00000,0x0000005d42c00000)]
  0x0000020160168000 JavaThread "Stdin handler" [_thread_blocked, id=35760, stack(0x0000005d42c00000,0x0000005d42d00000)]
  0x00000201601b5800 JavaThread "Thread-8" [_thread_blocked, id=28140, stack(0x0000005d42d00000,0x0000005d42e00000)]
  0x0000020160654800 JavaThread "Cache worker for file hash cache (C:\Users\97254\.gradle\caches\6.7.1\fileHashes)" [_thread_blocked, id=37108, stack(0x0000005d43500000,0x0000005d43600000)]
  0x0000020160657800 JavaThread "File lock request listener" [_thread_in_native, id=2536, stack(0x0000005d43600000,0x0000005d43700000)]
  0x0000020160655000 JavaThread "Cache worker for journal cache (C:\Users\97254\.gradle\caches\journal-1)" [_thread_blocked, id=3424, stack(0x0000005d43900000,0x0000005d43a00000)]
=>0x00000201611a1000 JavaThread "C2 CompilerThread1" daemon [_thread_in_native, id=13828, stack(0x0000005d43a00000,0x0000005d43b00000)]
  0x0000020160656000 JavaThread "Cache worker for file hash cache (C:\Users\97254\finalProjectAndroid1\.gradle\6.7.1\fileHashes)" [_thread_blocked, id=18780, stack(0x0000005d43b00000,0x0000005d43c00000)]
  0x0000020160653000 JavaThread "Cache worker for checksums cache (C:\Users\97254\finalProjectAndroid1\.gradle\checksums)" [_thread_blocked, id=38540, stack(0x0000005d43c00000,0x0000005d43d00000)]
  0x0000020160652000 JavaThread "Cache worker for cache directory md-supplier (C:\Users\97254\.gradle\caches\6.7.1\md-supplier)" [_thread_blocked, id=23668, stack(0x0000005d43d00000,0x0000005d43e00000)]
  0x0000020160658800 JavaThread "Cache worker for cache directory md-rule (C:\Users\97254\.gradle\caches\6.7.1\md-rule)" [_thread_blocked, id=34484, stack(0x0000005d43e00000,0x0000005d43f00000)]
  0x0000020160653800 JavaThread "Cache worker for execution history cache (C:\Users\97254\.gradle\caches\6.7.1\executionHistory)" [_thread_blocked, id=24796, stack(0x0000005d43f00000,0x0000005d44000000)]
  0x0000020160657000 JavaThread "jar transforms" [_thread_blocked, id=32024, stack(0x0000005d44000000,0x0000005d44100000)]
  0x0000020163bbf000 JavaThread "Cache worker for file content cache (C:\Users\97254\.gradle\caches\6.7.1\fileContent)" [_thread_blocked, id=31836, stack(0x0000005d44100000,0x0000005d44200000)]
  0x0000020163bc2800 JavaThread "Cache worker for Build Output Cleanup Cache (C:\Users\97254\finalProjectAndroid1\.gradle\buildOutputCleanup)" [_thread_blocked, id=26336, stack(0x0000005d44200000,0x0000005d44300000)]
  0x0000020163bc0000 JavaThread "Build operations" [_thread_blocked, id=7724, stack(0x0000005d44300000,0x0000005d44400000)]
  0x0000020163bc1000 JavaThread "Build operations Thread 2" [_thread_blocked, id=19616, stack(0x0000005d44400000,0x0000005d44500000)]
  0x0000020163bc1800 JavaThread "Build operations Thread 3" [_thread_blocked, id=6688, stack(0x0000005d44500000,0x0000005d44600000)]
  0x0000020163bbd000 JavaThread "Build operations Thread 4" [_thread_blocked, id=16040, stack(0x0000005d44600000,0x0000005d44700000)]
  0x0000020163bc3800 JavaThread "Build operations Thread 5" [_thread_blocked, id=21708, stack(0x0000005d44700000,0x0000005d44800000)]
  0x0000020163bbd800 JavaThread "Build operations Thread 6" [_thread_blocked, id=39132, stack(0x0000005d44800000,0x0000005d44900000)]
  0x0000020165268800 JavaThread "Build operations Thread 7" [_thread_blocked, id=5532, stack(0x0000005d44900000,0x0000005d44a00000)]
  0x0000020165266000 JavaThread "Build operations Thread 8" [_thread_blocked, id=29100, stack(0x0000005d44a00000,0x0000005d44b00000)]
  0x0000020165267800 JavaThread "Build operations Thread 9" [_thread_blocked, id=17444, stack(0x0000005d44b00000,0x0000005d44c00000)]
  0x0000020165265000 JavaThread "Build operations Thread 10" [_thread_blocked, id=6516, stack(0x0000005d44c00000,0x0000005d44d00000)]
  0x0000020165266800 JavaThread "Build operations Thread 11" [_thread_blocked, id=6744, stack(0x0000005d44d00000,0x0000005d44e00000)]
  0x0000020165269000 JavaThread "Build operations Thread 12" [_thread_blocked, id=4868, stack(0x0000005d44e00000,0x0000005d44f00000)]
  0x000002016526a000 JavaThread "jar transforms Thread 2" [_thread_blocked, id=19064, stack(0x0000005d44f00000,0x0000005d45000000)]
  0x0000020165264800 JavaThread "jar transforms Thread 3" [_thread_blocked, id=20452, stack(0x0000005d45000000,0x0000005d45100000)]
  0x000002016526f000 JavaThread "jar transforms Thread 4" [_thread_blocked, id=12856, stack(0x0000005d45100000,0x0000005d45200000)]
  0x000002016526f800 JavaThread "jar transforms Thread 5" [_thread_blocked, id=22772, stack(0x0000005d45200000,0x0000005d45300000)]
  0x0000020165270800 JavaThread "jar transforms Thread 6" [_thread_blocked, id=35472, stack(0x0000005d45300000,0x0000005d45400000)]
  0x000002016526b000 JavaThread "jar transforms Thread 7" [_thread_blocked, id=39380, stack(0x0000005d45400000,0x0000005d45500000)]
  0x000002016526c800 JavaThread "jar transforms Thread 8" [_thread_blocked, id=26836, stack(0x0000005d45500000,0x0000005d45600000)]
  0x0000020165271800 JavaThread "jar transforms Thread 9" [_thread_blocked, id=12516, stack(0x0000005d45600000,0x0000005d45700000)]
  0x000002016526d800 JavaThread "jar transforms Thread 10" [_thread_blocked, id=23308, stack(0x0000005d45700000,0x0000005d45800000)]
  0x000002016526b800 JavaThread "jar transforms Thread 11" [_thread_blocked, id=22496, stack(0x0000005d45800000,0x0000005d45900000)]
  0x000002016526e000 JavaThread "jar transforms Thread 12" [_thread_blocked, id=32952, stack(0x0000005d45900000,0x0000005d45a00000)]
  0x0000020165272000 JavaThread "jar transforms Thread 13" [_thread_blocked, id=28092, stack(0x0000005d45a00000,0x0000005d45b00000)]
  0x0000020165273000 JavaThread "jar transforms Thread 14" [_thread_blocked, id=3988, stack(0x0000005d45b00000,0x0000005d45c00000)]
  0x0000020165976000 JavaThread "jar transforms Thread 15" [_thread_blocked, id=2912, stack(0x0000005d45c00000,0x0000005d45d00000)]
  0x0000020165973800 JavaThread "jar transforms Thread 16" [_thread_blocked, id=13016, stack(0x0000005d45d00000,0x0000005d45e00000)]
  0x0000020165977800 JavaThread "jar transforms Thread 17" [_thread_blocked, id=36616, stack(0x0000005d45e00000,0x0000005d45f00000)]
  0x000002016597a000 JavaThread "jar transforms Thread 18" [_thread_blocked, id=39596, stack(0x0000005d45f00000,0x0000005d46000000)]
  0x0000020165974800 JavaThread "jar transforms Thread 19" [_thread_blocked, id=21644, stack(0x0000005d46000000,0x0000005d46100000)]
  0x0000020165977000 JavaThread "jar transforms Thread 20" [_thread_blocked, id=35876, stack(0x0000005d46100000,0x0000005d46200000)]
  0x0000020165979800 JavaThread "jar transforms Thread 21" [_thread_blocked, id=31388, stack(0x0000005d46200000,0x0000005d46300000)]
  0x0000020165978800 JavaThread "jar transforms Thread 22" [_thread_blocked, id=21036, stack(0x0000005d46300000,0x0000005d46400000)]
  0x000002016597b000 JavaThread "jar transforms Thread 23" [_thread_blocked, id=12872, stack(0x0000005d46400000,0x0000005d46500000)]
  0x0000020165975800 JavaThread "jar transforms Thread 24" [_thread_blocked, id=13308, stack(0x0000005d46500000,0x0000005d46600000)]
  0x000002016597f000 JavaThread "jar transforms Thread 25" [_thread_blocked, id=21424, stack(0x0000005d46600000,0x0000005d46700000)]
  0x0000020165980000 JavaThread "jar transforms Thread 26" [_thread_blocked, id=10224, stack(0x0000005d46700000,0x0000005d46800000)]
  0x000002016597c800 JavaThread "jar transforms Thread 27" [_thread_blocked, id=13152, stack(0x0000005d46800000,0x0000005d46900000)]
  0x000002016597e000 JavaThread "jar transforms Thread 28" [_thread_blocked, id=21132, stack(0x0000005d46900000,0x0000005d46a00000)]
  0x000002016597d800 JavaThread "jar transforms Thread 29" [_thread_blocked, id=19664, stack(0x0000005d46a00000,0x0000005d46b00000)]
  0x0000020165981800 JavaThread "jar transforms Thread 30" [_thread_blocked, id=6916, stack(0x0000005d46b00000,0x0000005d46c00000)]
  0x0000020165980800 JavaThread "jar transforms Thread 31" [_thread_blocked, id=25892, stack(0x0000005d46c00000,0x0000005d46d00000)]
  0x000002016597c000 JavaThread "jar transforms Thread 32" [_thread_blocked, id=8484, stack(0x0000005d46d00000,0x0000005d46e00000)]
  0x0000020165982800 JavaThread "jar transforms Thread 33" [_thread_blocked, id=34384, stack(0x0000005d46e00000,0x0000005d46f00000)]
  0x000002016474e000 JavaThread "jar transforms Thread 34" [_thread_blocked, id=38592, stack(0x0000005d46f00000,0x0000005d47000000)]
  0x000002016474a000 JavaThread "jar transforms Thread 35" [_thread_blocked, id=36092, stack(0x0000005d47000000,0x0000005d47100000)]
  0x000002016474b800 JavaThread "jar transforms Thread 36" [_thread_blocked, id=32120, stack(0x0000005d47100000,0x0000005d47200000)]
  0x000002016474b000 JavaThread "jar transforms Thread 37" [_thread_blocked, id=33276, stack(0x0000005d47200000,0x0000005d47300000)]
  0x000002016474f000 JavaThread "jar transforms Thread 38" [_thread_blocked, id=30136, stack(0x0000005d47300000,0x0000005d47400000)]
  0x0000020164749000 JavaThread "jar transforms Thread 39" [_thread_blocked, id=31116, stack(0x0000005d47400000,0x0000005d47500000)]
  0x000002016474c800 JavaThread "jar transforms Thread 40" [_thread_blocked, id=22776, stack(0x0000005d47500000,0x0000005d47600000)]
  0x0000020164750800 JavaThread "jar transforms Thread 41" [_thread_blocked, id=37780, stack(0x0000005d47600000,0x0000005d47700000)]
  0x0000020164750000 JavaThread "jar transforms Thread 42" [_thread_blocked, id=38136, stack(0x0000005d47700000,0x0000005d47800000)]
  0x0000020164751800 JavaThread "jar transforms Thread 43" [_thread_blocked, id=34696, stack(0x0000005d47800000,0x0000005d47900000)]
  0x0000020164752000 JavaThread "jar transforms Thread 44" [_thread_blocked, id=5956, stack(0x0000005d47900000,0x0000005d47a00000)]
  0x0000020164753000 JavaThread "jar transforms Thread 45" [_thread_blocked, id=27408, stack(0x0000005d47a00000,0x0000005d47b00000)]
  0x000002016474d800 JavaThread "jar transforms Thread 46" [_thread_blocked, id=36440, stack(0x0000005d47b00000,0x0000005d47c00000)]
  0x0000020164754000 JavaThread "jar transforms Thread 47" [_thread_blocked, id=15124, stack(0x0000005d47c00000,0x0000005d47d00000)]
  0x0000020164755800 JavaThread "jar transforms Thread 48" [_thread_blocked, id=26060, stack(0x0000005d47d00000,0x0000005d47e00000)]
  0x0000020164754800 JavaThread "jar transforms Thread 49" [_thread_blocked, id=14008, stack(0x0000005d47e00000,0x0000005d47f00000)]
  0x0000020164756800 JavaThread "jar transforms Thread 50" [_thread_blocked, id=23620, stack(0x0000005d47f00000,0x0000005d48000000)]
  0x0000020164757000 JavaThread "jar transforms Thread 51" [_thread_blocked, id=22600, stack(0x0000005d48000000,0x0000005d48100000)]
  0x0000020164758000 JavaThread "jar transforms Thread 52" [_thread_blocked, id=27208, stack(0x0000005d48100000,0x0000005d48200000)]
  0x0000020163340000 JavaThread "jar transforms Thread 53" [_thread_blocked, id=18436, stack(0x0000005d48200000,0x0000005d48300000)]
  0x000002016333f000 JavaThread "jar transforms Thread 54" [_thread_blocked, id=25148, stack(0x0000005d48300000,0x0000005d48400000)]
  0x000002016333d000 JavaThread "jar transforms Thread 55" [_thread_blocked, id=34176, stack(0x0000005d48400000,0x0000005d48500000)]
  0x000002016333d800 JavaThread "jar transforms Thread 56" [_thread_blocked, id=11804, stack(0x0000005d48500000,0x0000005d48600000)]
  0x000002016333e800 JavaThread "jar transforms Thread 57" [_thread_blocked, id=33680, stack(0x0000005d48600000,0x0000005d48700000)]
  0x0000020163341000 JavaThread "jar transforms Thread 58" [_thread_blocked, id=35932, stack(0x0000005d48700000,0x0000005d48800000)]
  0x0000020163341800 JavaThread "jar transforms Thread 59" [_thread_blocked, id=14000, stack(0x0000005d48800000,0x0000005d48900000)]
  0x000002016333c000 JavaThread "jar transforms Thread 60" [_thread_blocked, id=3128, stack(0x0000005d48900000,0x0000005d48a00000)]
  0x0000020163346800 JavaThread "jar transforms Thread 61" [_thread_blocked, id=37892, stack(0x0000005d48a00000,0x0000005d48b00000)]
  0x0000020163346000 JavaThread "jar transforms Thread 62" [_thread_blocked, id=29060, stack(0x0000005d48b00000,0x0000005d48c00000)]
  0x0000020163345000 JavaThread "jar transforms Thread 63" [_thread_blocked, id=35488, stack(0x0000005d48c00000,0x0000005d48d00000)]
  0x0000020163344000 JavaThread "jar transforms Thread 64" [_thread_blocked, id=36192, stack(0x0000005d48d00000,0x0000005d48e00000)]
  0x0000020163348000 JavaThread "jar transforms Thread 65" [_thread_blocked, id=2768, stack(0x0000005d48e00000,0x0000005d48f00000)]
  0x0000020163347800 JavaThread "jar transforms Thread 66" [_thread_blocked, id=30296, stack(0x0000005d48f00000,0x0000005d49000000)]
  0x0000020163342800 JavaThread "jar transforms Thread 67" [_thread_blocked, id=39300, stack(0x0000005d49000000,0x0000005d49100000)]
  0x0000020163349000 JavaThread "jar transforms Thread 68" [_thread_blocked, id=7664, stack(0x0000005d49100000,0x0000005d49200000)]
  0x0000020163343800 JavaThread "jar transforms Thread 69" [_thread_blocked, id=33356, stack(0x0000005d49200000,0x0000005d49300000)]
  0x000002016334a000 JavaThread "jar transforms Thread 70" [_thread_blocked, id=26136, stack(0x0000005d49300000,0x0000005d49400000)]
  0x000002016334a800 JavaThread "jar transforms Thread 71" [_thread_blocked, id=32736, stack(0x0000005d49400000,0x0000005d49500000)]
  0x000002016311d000 JavaThread "jar transforms Thread 72" [_thread_blocked, id=22900, stack(0x0000005d49500000,0x0000005d49600000)]
  0x000002016311a000 JavaThread "jar transforms Thread 73" [_thread_blocked, id=18524, stack(0x0000005d49600000,0x0000005d49700000)]
  0x000002016311c800 JavaThread "jar transforms Thread 74" [_thread_blocked, id=29128, stack(0x0000005d49700000,0x0000005d49800000)]
  0x000002016311e000 JavaThread "jar transforms Thread 75" [_thread_blocked, id=12352, stack(0x0000005d49800000,0x0000005d49900000)]
  0x0000020163119000 JavaThread "jar transforms Thread 76" [_thread_blocked, id=39752, stack(0x0000005d49900000,0x0000005d49a00000)]
  0x000002016311f800 JavaThread "jar transforms Thread 77" [_thread_blocked, id=38968, stack(0x0000005d49a00000,0x0000005d49b00000)]
  0x000002016311a800 JavaThread "jar transforms Thread 78" [_thread_blocked, id=2828, stack(0x0000005d49b00000,0x0000005d49c00000)]
  0x000002016311f000 JavaThread "jar transforms Thread 79" [_thread_blocked, id=38872, stack(0x0000005d49c00000,0x0000005d49d00000)]
  0x0000020163120800 JavaThread "jar transforms Thread 80" [_thread_blocked, id=33836, stack(0x0000005d49d00000,0x0000005d49e00000)]
  0x0000020163121000 JavaThread "jar transforms Thread 81" [_thread_blocked, id=39364, stack(0x0000005d49e00000,0x0000005d49f00000)]
  0x000002016311b800 JavaThread "jar transforms Thread 82" [_thread_blocked, id=2900, stack(0x0000005d49f00000,0x0000005d4a000000)]
  0x0000020163123800 JavaThread "jar transforms Thread 83" [_thread_blocked, id=30280, stack(0x0000005d4a000000,0x0000005d4a100000)]
  0x0000020163122000 JavaThread "jar transforms Thread 84" [_thread_blocked, id=25232, stack(0x0000005d4a100000,0x0000005d4a200000)]
  0x0000020163126000 JavaThread "jar transforms Thread 85" [_thread_blocked, id=10372, stack(0x0000005d4a200000,0x0000005d4a300000)]
  0x0000020163123000 JavaThread "jar transforms Thread 86" [_thread_blocked, id=17576, stack(0x0000005d4a300000,0x0000005d4a400000)]
  0x0000020163124800 JavaThread "jar transforms Thread 87" [_thread_blocked, id=31124, stack(0x0000005d4a400000,0x0000005d4a500000)]
  0x0000020163127800 JavaThread "jar transforms Thread 88" [_thread_blocked, id=23436, stack(0x0000005d4a500000,0x0000005d4a600000)]
  0x0000020163125800 JavaThread "jar transforms Thread 89" [_thread_blocked, id=35168, stack(0x0000005d4a600000,0x0000005d4a700000)]
  0x0000020163127000 JavaThread "jar transforms Thread 90" [_thread_blocked, id=39112, stack(0x0000005d4a700000,0x0000005d4a800000)]
  0x0000020163790000 JavaThread "jar transforms Thread 91" [_thread_blocked, id=22280, stack(0x0000005d4a800000,0x0000005d4a900000)]
  0x0000020163796000 JavaThread "jar transforms Thread 92" [_thread_blocked, id=28020, stack(0x0000005d4a900000,0x0000005d4aa00000)]
  0x0000020163797000 JavaThread "jar transforms Thread 93" [_thread_blocked, id=37092, stack(0x0000005d4aa00000,0x0000005d4ab00000)]
  0x0000020163791000 JavaThread "jar transforms Thread 94" [_thread_blocked, id=9168, stack(0x0000005d4ab00000,0x0000005d4ac00000)]
  0x0000020163792000 JavaThread "jar transforms Thread 95" [_thread_blocked, id=36008, stack(0x0000005d4ac00000,0x0000005d4ad00000)]
  0x0000020163797800 JavaThread "jar transforms Thread 96" [_thread_blocked, id=31560, stack(0x0000005d4ad00000,0x0000005d4ae00000)]
  0x0000020163798800 JavaThread "jar transforms Thread 97" [_thread_blocked, id=1904, stack(0x0000005d4ae00000,0x0000005d4af00000)]
  0x0000020163794800 JavaThread "jar transforms Thread 98" [_thread_blocked, id=5172, stack(0x0000005d4af00000,0x0000005d4b000000)]
  0x0000020163795000 JavaThread "jar transforms Thread 99" [_thread_blocked, id=37812, stack(0x0000005d4b000000,0x0000005d4b100000)]
  0x0000020163792800 JavaThread "Memory manager" [_thread_blocked, id=31184, stack(0x0000005d4b100000,0x0000005d4b200000)]
  0x0000020163799000 JavaThread "build event listener" [_thread_blocked, id=31028, stack(0x0000005d4b200000,0x0000005d4b300000)]
  0x0000020163793800 JavaThread "build event listener" [_thread_blocked, id=32744, stack(0x0000005d4b300000,0x0000005d4b400000)]
  0x0000020164be1000 JavaThread "Cache worker for execution history cache (C:\Users\97254\finalProjectAndroid1\.gradle\6.7.1\executionHistory)" [_thread_blocked, id=31728, stack(0x0000005d4bf00000,0x0000005d4c000000)]
  0x0000020164bdf000 JavaThread "WorkerExecutor Queue" [_thread_blocked, id=19596, stack(0x0000005d4c000000,0x0000005d4c100000)]
  0x0000020164be5800 JavaThread "WorkerExecutor Queue Thread 2" [_thread_blocked, id=38672, stack(0x0000005d4c100000,0x0000005d4c200000)]
  0x0000020164be4000 JavaThread "WorkerExecutor Queue Thread 3" [_thread_blocked, id=25272, stack(0x0000005d4c200000,0x0000005d4c300000)]
  0x0000020164be1800 JavaThread "WorkerExecutor Queue Thread 4" [_thread_blocked, id=30004, stack(0x0000005d4c300000,0x0000005d4c400000)]
  0x0000020164be2800 JavaThread "WorkerExecutor Queue Thread 5" [_thread_blocked, id=13228, stack(0x0000005d4c400000,0x0000005d4c500000)]
  0x0000020164be9000 JavaThread "WorkerExecutor Queue Thread 6" [_thread_blocked, id=16516, stack(0x0000005d4c500000,0x0000005d4c600000)]
  0x0000020164bea800 JavaThread "WorkerExecutor Queue Thread 7" [_thread_blocked, id=37548, stack(0x0000005d4c600000,0x0000005d4c700000)]
  0x0000020164bea000 JavaThread "WorkerExecutor Queue Thread 8" [_thread_blocked, id=5892, stack(0x0000005d4c700000,0x0000005d4c800000)]
  0x0000020164beb800 JavaThread "WorkerExecutor Queue Thread 9" [_thread_blocked, id=14100, stack(0x0000005d4c800000,0x0000005d4c900000)]
  0x0000020164bec000 JavaThread "WorkerExecutor Queue Thread 10" [_thread_blocked, id=31120, stack(0x0000005d4c900000,0x0000005d4ca00000)]
  0x0000020164bed000 JavaThread "WorkerExecutor Queue Thread 11" [_thread_blocked, id=38784, stack(0x0000005d4ca00000,0x0000005d4cb00000)]
  0x0000020164be7800 JavaThread "WorkerExecutor Queue Thread 12" [_thread_blocked, id=38808, stack(0x0000005d4cb00000,0x0000005d4cc00000)]
  0x0000020164be8000 JavaThread "Java2D Disposer" daemon [_thread_blocked, id=3496, stack(0x0000005d4cc00000,0x0000005d4cd00000)]

Other Threads:
  0x000002015e513000 VMThread "VM Thread" [stack: 0x0000005d41500000,0x0000005d41600000] [id=21508]
  0x000002015f031800 WatcherThread [stack: 0x0000005d41f00000,0x0000005d42000000] [id=20520]
  0x0000020141e31000 GCTaskThread "GC Thread#0" [stack: 0x0000005d41000000,0x0000005d41100000] [id=11216]
  0x000002015f394800 GCTaskThread "GC Thread#1" [stack: 0x0000005d42000000,0x0000005d42100000] [id=36480]
  0x000002015fd56000 GCTaskThread "GC Thread#2" [stack: 0x0000005d42100000,0x0000005d42200000] [id=36316]
  0x0000020160057800 GCTaskThread "GC Thread#3" [stack: 0x0000005d42e00000,0x0000005d42f00000] [id=11768]
  0x00000201601c7000 GCTaskThread "GC Thread#4" [stack: 0x0000005d42f00000,0x0000005d43000000] [id=13944]
  0x0000020160066000 GCTaskThread "GC Thread#5" [stack: 0x0000005d43000000,0x0000005d43100000] [id=35648]
  0x0000020160285800 GCTaskThread "GC Thread#6" [stack: 0x0000005d43100000,0x0000005d43200000] [id=38684]
  0x0000020160561000 GCTaskThread "GC Thread#7" [stack: 0x0000005d43200000,0x0000005d43300000] [id=38128]
  0x00000201612bc800 GCTaskThread "GC Thread#8" [stack: 0x0000005d43300000,0x0000005d43400000] [id=21700]
  0x0000020161174800 GCTaskThread "GC Thread#9" [stack: 0x0000005d43400000,0x0000005d43500000] [id=17280]
  0x0000020141e65000 ConcurrentGCThread "G1 Main Marker" [stack: 0x0000005d41100000,0x0000005d41200000] [id=33676]
  0x0000020141e67000 ConcurrentGCThread "G1 Conc#0" [stack: 0x0000005d41200000,0x0000005d41300000] [id=4312]
  0x00000201601f5000 ConcurrentGCThread "G1 Conc#1" [stack: 0x0000005d43700000,0x0000005d43800000] [id=26860]
  0x0000020161069000 ConcurrentGCThread "G1 Conc#2" [stack: 0x0000005d43800000,0x0000005d43900000] [id=38796]
  0x000002015e362800 ConcurrentGCThread "G1 Refine#0" [stack: 0x0000005d41300000,0x0000005d41400000] [id=12348]
  0x000002015e363000 ConcurrentGCThread "G1 Young RemSet Sampling" [stack: 0x0000005d41400000,0x0000005d41500000] [id=17972]

Threads with active compile tasks:
C2 CompilerThread0  25690 15426       4       org.apache.xerces.impl.XMLEntityScanner::scanLiteral (746 bytes)
C2 CompilerThread1  25690 15379       4       org.objectweb.asm.ClassReader::readMethod (1061 bytes)

VM state:not at safepoint (normal execution)

VM Mutex/Monitor currently owned by a thread: None

OutOfMemory and StackOverflow Exception counts:
OutOfMemoryError java_heap_errors=1
LinkageErrors=148

Heap address: 0x0000000080000000, size: 2048 MB, Compressed Oops mode: 32-bit
Narrow klass base: 0x0000000000000000, Narrow klass shift: 3
Compressed class space size: 1073741824 Address: 0x0000000100000000

Heap:
 garbage-first heap   total 274432K, used 127335K [0x0000000080000000, 0x0000000100000000)
  region size 1024K, 37 young (37888K), 5 survivors (5120K)
 Metaspace       used 95516K, capacity 97812K, committed 97956K, reserved 1134592K
  class space    used 11780K, capacity 12581K, committed 12672K, reserved 1048576K
Heap Regions: E=young(eden), S=young(survivor), O=old, HS=humongous(starts), HC=humongous(continues), CS=collection set, F=free, A=archive, TAMS=top-at-mark-start (previous, next)
|   0|0x0000000080000000, 0x0000000080100000, 0x0000000080100000|100%| O|  |TAMS 0x0000000080100000, 0x0000000080000000| Untracked 
|   1|0x0000000080100000, 0x0000000080200000, 0x0000000080200000|100%| O|  |TAMS 0x0000000080200000, 0x0000000080100000| Untracked 
|   2|0x0000000080200000, 0x0000000080300000, 0x0000000080300000|100%| O|  |TAMS 0x0000000080300000, 0x0000000080200000| Untracked 
|   3|0x0000000080300000, 0x0000000080400000, 0x0000000080400000|100%|HS|  |TAMS 0x0000000080400000, 0x0000000080300000| Complete 
|   4|0x0000000080400000, 0x0000000080500000, 0x0000000080500000|100%|HC|  |TAMS 0x0000000080500000, 0x0000000080400000| Complete 
|   5|0x0000000080500000, 0x0000000080600000, 0x0000000080600000|100%|HC|  |TAMS 0x0000000080600000, 0x0000000080500000| Complete 
|   6|0x0000000080600000, 0x0000000080700000, 0x0000000080700000|100%| O|  |TAMS 0x0000000080700000, 0x0000000080600000| Untracked 
|   7|0x0000000080700000, 0x0000000080800000, 0x0000000080800000|100%| O|  |TAMS 0x0000000080800000, 0x0000000080700000| Untracked 
|   8|0x0000000080800000, 0x0000000080900000, 0x0000000080900000|100%| O|  |TAMS 0x0000000080900000, 0x0000000080800000| Untracked 
|   9|0x0000000080900000, 0x0000000080a00000, 0x0000000080a00000|100%| O|  |TAMS 0x0000000080a00000, 0x0000000080900000| Untracked 
|  10|0x0000000080a00000, 0x0000000080b00000, 0x0000000080b00000|100%| O|  |TAMS 0x0000000080b00000, 0x0000000080a00000| Untracked 
|  11|0x0000000080b00000, 0x0000000080c00000, 0x0000000080c00000|100%| O|  |TAMS 0x0000000080c00000, 0x0000000080b00000| Untracked 
|  12|0x0000000080c00000, 0x0000000080d00000, 0x0000000080d00000|100%| O|  |TAMS 0x0000000080d00000, 0x0000000080c00000| Untracked 
|  13|0x0000000080d00000, 0x0000000080e00000, 0x0000000080e00000|100%| O|  |TAMS 0x0000000080e00000, 0x0000000080d00000| Untracked 
|  14|0x0000000080e00000, 0x0000000080f00000, 0x0000000080f00000|100%| O|  |TAMS 0x0000000080f00000, 0x0000000080e00000| Untracked 
|  15|0x0000000080f00000, 0x0000000081000000, 0x0000000081000000|100%| O|  |TAMS 0x0000000081000000, 0x0000000080f00000| Untracked 
|  16|0x0000000081000000, 0x0000000081100000, 0x0000000081100000|100%| O|  |TAMS 0x0000000081100000, 0x0000000081000000| Untracked 
|  17|0x0000000081100000, 0x0000000081200000, 0x0000000081200000|100%| O|  |TAMS 0x0000000081200000, 0x0000000081100000| Untracked 
|  18|0x0000000081200000, 0x0000000081300000, 0x0000000081300000|100%|HS|  |TAMS 0x0000000081300000, 0x0000000081200000| Complete 
|  19|0x0000000081300000, 0x0000000081400000, 0x0000000081400000|100%| O|  |TAMS 0x0000000081400000, 0x0000000081300000| Untracked 
|  20|0x0000000081400000, 0x0000000081500000, 0x0000000081500000|100%| O|  |TAMS 0x0000000081500000, 0x0000000081400000| Untracked 
|  21|0x0000000081500000, 0x0000000081600000, 0x0000000081600000|100%| O|  |TAMS 0x0000000081600000, 0x0000000081500000| Untracked 
|  22|0x0000000081600000, 0x0000000081700000, 0x0000000081700000|100%| O|  |TAMS 0x0000000081700000, 0x0000000081600000| Untracked 
|  23|0x0000000081700000, 0x0000000081800000, 0x0000000081800000|100%|HS|  |TAMS 0x0000000081800000, 0x0000000081700000| Complete 
|  24|0x0000000081800000, 0x0000000081900000, 0x0000000081900000|100%|HC|  |TAMS 0x0000000081900000, 0x0000000081800000| Complete 
|  25|0x0000000081900000, 0x0000000081a00000, 0x0000000081a00000|100%| O|  |TAMS 0x0000000081a00000, 0x0000000081900000| Untracked 
|  26|0x0000000081a00000, 0x0000000081b00000, 0x0000000081b00000|100%| O|  |TAMS 0x0000000081b00000, 0x0000000081a00000| Untracked 
|  27|0x0000000081b00000, 0x0000000081c00000, 0x0000000081c00000|100%| O|  |TAMS 0x0000000081c00000, 0x0000000081b00000| Untracked 
|  28|0x0000000081c00000, 0x0000000081d00000, 0x0000000081d00000|100%| O|  |TAMS 0x0000000081d00000, 0x0000000081c00000| Untracked 
|  29|0x0000000081d00000, 0x0000000081e00000, 0x0000000081e00000|100%| O|  |TAMS 0x0000000081e00000, 0x0000000081d00000| Untracked 
|  30|0x0000000081e00000, 0x0000000081f00000, 0x0000000081f00000|100%| O|  |TAMS 0x0000000081f00000, 0x0000000081e00000| Untracked 
|  31|0x0000000081f00000, 0x0000000082000000, 0x0000000082000000|100%| O|  |TAMS 0x0000000082000000, 0x0000000081f00000| Untracked 
|  32|0x0000000082000000, 0x0000000082100000, 0x0000000082100000|100%| O|  |TAMS 0x0000000082100000, 0x0000000082000000| Untracked 
|  33|0x0000000082100000, 0x0000000082200000, 0x0000000082200000|100%| O|  |TAMS 0x0000000082200000, 0x0000000082100000| Untracked 
|  34|0x0000000082200000, 0x0000000082300000, 0x0000000082300000|100%| O|  |TAMS 0x0000000082300000, 0x0000000082200000| Untracked 
|  35|0x0000000082300000, 0x0000000082400000, 0x0000000082400000|100%| O|  |TAMS 0x0000000082400000, 0x0000000082300000| Untracked 
|  36|0x0000000082400000, 0x0000000082500000, 0x0000000082500000|100%| O|  |TAMS 0x0000000082500000, 0x0000000082400000| Untracked 
|  37|0x0000000082500000, 0x0000000082600000, 0x0000000082600000|100%| O|  |TAMS 0x0000000082600000, 0x0000000082500000| Untracked 
|  38|0x0000000082600000, 0x0000000082700000, 0x0000000082700000|100%| O|  |TAMS 0x0000000082700000, 0x0000000082600000| Untracked 
|  39|0x0000000082700000, 0x0000000082800000, 0x0000000082800000|100%| O|  |TAMS 0x0000000082800000, 0x0000000082700000| Untracked 
|  40|0x0000000082800000, 0x0000000082900000, 0x0000000082900000|100%| O|  |TAMS 0x0000000082900000, 0x0000000082800000| Untracked 
|  41|0x0000000082900000, 0x0000000082a00000, 0x0000000082a00000|100%| O|  |TAMS 0x0000000082a00000, 0x0000000082900000| Untracked 
|  42|0x0000000082a00000, 0x0000000082b00000, 0x0000000082b00000|100%| O|  |TAMS 0x0000000082b00000, 0x0000000082a00000| Untracked 
|  43|0x0000000082b00000, 0x0000000082c00000, 0x0000000082c00000|100%| O|  |TAMS 0x0000000082c00000, 0x0000000082b00000| Untracked 
|  44|0x0000000082c00000, 0x0000000082d00000, 0x0000000082d00000|100%| O|  |TAMS 0x0000000082d00000, 0x0000000082c00000| Untracked 
|  45|0x0000000082d00000, 0x0000000082e00000, 0x0000000082e00000|100%| O|  |TAMS 0x0000000082e00000, 0x0000000082d00000| Untracked 
|  46|0x0000000082e00000, 0x0000000082f00000, 0x0000000082f00000|100%| O|  |TAMS 0x0000000082f00000, 0x0000000082e00000| Untracked 
|  47|0x0000000082f00000, 0x0000000083000000, 0x0000000083000000|100%| O|  |TAMS 0x0000000083000000, 0x0000000082f00000| Untracked 
|  48|0x0000000083000000, 0x0000000083100000, 0x0000000083100000|100%| O|  |TAMS 0x0000000083100000, 0x0000000083000000| Untracked 
|  49|0x0000000083100000, 0x0000000083200000, 0x0000000083200000|100%| O|  |TAMS 0x0000000083200000, 0x0000000083100000| Untracked 
|  50|0x0000000083200000, 0x0000000083300000, 0x0000000083300000|100%| O|  |TAMS 0x0000000083300000, 0x0000000083200000| Untracked 
|  51|0x0000000083300000, 0x0000000083400000, 0x0000000083400000|100%| O|  |TAMS 0x0000000083400000, 0x0000000083300000| Untracked 
|  52|0x0000000083400000, 0x0000000083500000, 0x0000000083500000|100%| O|  |TAMS 0x0000000083500000, 0x0000000083400000| Untracked 
|  53|0x0000000083500000, 0x0000000083600000, 0x0000000083600000|100%| O|  |TAMS 0x0000000083600000, 0x0000000083500000| Untracked 
|  54|0x0000000083600000, 0x0000000083700000, 0x0000000083700000|100%| O|  |TAMS 0x0000000083600000, 0x0000000083600000| Untracked 
|  55|0x0000000083700000, 0x0000000083800000, 0x0000000083800000|100%| O|  |TAMS 0x0000000083800000, 0x0000000083700000| Untracked 
|  56|0x0000000083800000, 0x0000000083900000, 0x0000000083900000|100%| O|  |TAMS 0x0000000083900000, 0x0000000083800000| Untracked 
|  57|0x0000000083900000, 0x0000000083a00000, 0x0000000083a00000|100%| O|  |TAMS 0x0000000083900000, 0x0000000083900000| Untracked 
|  58|0x0000000083a00000, 0x0000000083b00000, 0x0000000083b00000|100%| O|  |TAMS 0x0000000083a00000, 0x0000000083a00000| Untracked 
|  59|0x0000000083b00000, 0x0000000083c00000, 0x0000000083c00000|100%| O|  |TAMS 0x0000000083c00000, 0x0000000083b00000| Untracked 
|  60|0x0000000083c00000, 0x0000000083d00000, 0x0000000083d00000|100%| O|  |TAMS 0x0000000083d00000, 0x0000000083c00000| Untracked 
|  61|0x0000000083d00000, 0x0000000083e00000, 0x0000000083e00000|100%| O|  |TAMS 0x0000000083e00000, 0x0000000083d00000| Untracked 
|  62|0x0000000083e00000, 0x0000000083f00000, 0x0000000083f00000|100%| O|  |TAMS 0x0000000083f00000, 0x0000000083e00000| Untracked 
|  63|0x0000000083f00000, 0x0000000084000000, 0x0000000084000000|100%| O|  |TAMS 0x0000000084000000, 0x0000000083f00000| Untracked 
|  64|0x0000000084000000, 0x0000000084100000, 0x0000000084100000|100%| O|  |TAMS 0x0000000084100000, 0x0000000084000000| Untracked 
|  65|0x0000000084100000, 0x0000000084200000, 0x0000000084200000|100%| O|  |TAMS 0x0000000084200000, 0x0000000084100000| Untracked 
|  66|0x0000000084200000, 0x0000000084300000, 0x0000000084300000|100%| O|  |TAMS 0x0000000084300000, 0x0000000084200000| Untracked 
|  67|0x0000000084300000, 0x0000000084400000, 0x0000000084400000|100%| O|  |TAMS 0x0000000084400000, 0x0000000084300000| Untracked 
|  68|0x0000000084400000, 0x0000000084500000, 0x0000000084500000|100%| O|  |TAMS 0x0000000084500000, 0x0000000084400000| Untracked 
|  69|0x0000000084500000, 0x0000000084600000, 0x0000000084600000|100%| O|  |TAMS 0x0000000084600000, 0x0000000084500000| Untracked 
|  70|0x0000000084600000, 0x0000000084700000, 0x0000000084700000|100%| O|  |TAMS 0x0000000084700000, 0x0000000084600000| Untracked 
|  71|0x0000000084700000, 0x0000000084800000, 0x0000000084800000|100%| O|  |TAMS 0x0000000084700000, 0x0000000084700000| Untracked 
|  72|0x0000000084800000, 0x0000000084900000, 0x0000000084900000|100%| O|  |TAMS 0x0000000084800000, 0x0000000084800000| Untracked 
|  73|0x0000000084900000, 0x0000000084a00000, 0x0000000084a00000|100%|HS|  |TAMS 0x0000000084900000, 0x0000000084900000| Complete 
|  74|0x0000000084a00000, 0x0000000084b00000, 0x0000000084b00000|100%|HC|  |TAMS 0x0000000084a00000, 0x0000000084a00000| Complete 
|  75|0x0000000084b00000, 0x0000000084c00000, 0x0000000084c00000|100%| O|  |TAMS 0x0000000084b00000, 0x0000000084b00000| Untracked 
|  76|0x0000000084c00000, 0x0000000084d00000, 0x0000000084d00000|100%| O|  |TAMS 0x0000000084c00000, 0x0000000084c00000| Untracked 
|  77|0x0000000084d00000, 0x0000000084e00000, 0x0000000084e00000|100%| O|  |TAMS 0x0000000084e00000, 0x0000000084d00000| Untracked 
|  78|0x0000000084e00000, 0x0000000084f00000, 0x0000000084f00000|100%| O|  |TAMS 0x0000000084e00000, 0x0000000084e00000| Untracked 
|  79|0x0000000084f00000, 0x0000000084f00000, 0x0000000085000000|  0%| F|  |TAMS 0x0000000084f00000, 0x0000000084f00000| Untracked 
|  80|0x0000000085000000, 0x0000000085000000, 0x0000000085100000|  0%| F|  |TAMS 0x0000000085000000, 0x0000000085000000| Untracked 
|  81|0x0000000085100000, 0x0000000085100000, 0x0000000085200000|  0%| F|  |TAMS 0x0000000085100000, 0x0000000085100000| Untracked 
|  82|0x0000000085200000, 0x0000000085200000, 0x0000000085300000|  0%| F|  |TAMS 0x0000000085200000, 0x0000000085200000| Untracked 
|  83|0x0000000085300000, 0x0000000085300000, 0x0000000085400000|  0%| F|  |TAMS 0x0000000085300000, 0x0000000085300000| Untracked 
|  84|0x0000000085400000, 0x0000000085400000, 0x0000000085500000|  0%| F|  |TAMS 0x0000000085400000, 0x0000000085400000| Untracked 
|  85|0x0000000085500000, 0x0000000085500000, 0x0000000085600000|  0%| F|  |TAMS 0x0000000085500000, 0x0000000085500000| Untracked 
|  86|0x0000000085600000, 0x0000000085600000, 0x0000000085700000|  0%| F|  |TAMS 0x0000000085600000, 0x0000000085600000| Untracked 
|  87|0x0000000085700000, 0x0000000085700000, 0x0000000085800000|  0%| F|  |TAMS 0x0000000085700000, 0x0000000085700000| Untracked 
|  88|0x0000000085800000, 0x0000000085800000, 0x0000000085900000|  0%| F|  |TAMS 0x0000000085800000, 0x0000000085800000| Untracked 
|  89|0x0000000085900000, 0x0000000085900000, 0x0000000085a00000|  0%| F|  |TAMS 0x0000000085900000, 0x0000000085900000| Untracked 
|  90|0x0000000085a00000, 0x0000000085a00000, 0x0000000085b00000|  0%| F|  |TAMS 0x0000000085a00000, 0x0000000085a00000| Untracked 
|  91|0x0000000085b00000, 0x0000000085b00000, 0x0000000085c00000|  0%| F|  |TAMS 0x0000000085b00000, 0x0000000085b00000| Untracked 
|  92|0x0000000085c00000, 0x0000000085d00000, 0x0000000085d00000|100%| O|  |TAMS 0x0000000085d00000, 0x0000000085c00000| Untracked 
|  93|0x0000000085d00000, 0x0000000085e00000, 0x0000000085e00000|100%| O|  |TAMS 0x0000000085e00000, 0x0000000085d00000| Untracked 
|  94|0x0000000085e00000, 0x0000000085e00000, 0x0000000085f00000|  0%| F|  |TAMS 0x0000000085e00000, 0x0000000085e00000| Untracked 
|  95|0x0000000085f00000, 0x0000000085f00000, 0x0000000086000000|  0%| F|  |TAMS 0x0000000085f00000, 0x0000000085f00000| Untracked 
|  96|0x0000000086000000, 0x0000000086100000, 0x0000000086100000|100%| O|  |TAMS 0x0000000086100000, 0x0000000086000000| Untracked 
|  97|0x0000000086100000, 0x0000000086200000, 0x0000000086200000|100%| O|  |TAMS 0x0000000086200000, 0x0000000086100000| Untracked 
|  98|0x0000000086200000, 0x0000000086200000, 0x0000000086300000|  0%| F|  |TAMS 0x0000000086200000, 0x0000000086200000| Untracked 
|  99|0x0000000086300000, 0x0000000086400000, 0x0000000086400000|100%| O|  |TAMS 0x0000000086400000, 0x0000000086300000| Untracked 
| 100|0x0000000086400000, 0x0000000086500000, 0x0000000086500000|100%| O|  |TAMS 0x0000000086500000, 0x0000000086400000| Untracked 
| 101|0x0000000086500000, 0x0000000086500000, 0x0000000086600000|  0%| F|  |TAMS 0x0000000086500000, 0x0000000086500000| Untracked 
| 102|0x0000000086600000, 0x0000000086700000, 0x0000000086700000|100%| O|  |TAMS 0x0000000086700000, 0x0000000086600000| Untracked 
| 103|0x0000000086700000, 0x0000000086800000, 0x0000000086800000|100%| O|  |TAMS 0x0000000086800000, 0x0000000086700000| Untracked 
| 104|0x0000000086800000, 0x0000000086900000, 0x0000000086900000|100%| O|  |TAMS 0x0000000086900000, 0x0000000086800000| Untracked 
| 105|0x0000000086900000, 0x0000000086a00000, 0x0000000086a00000|100%| O|  |TAMS 0x0000000086940600, 0x0000000086900000| Untracked 
| 106|0x0000000086a00000, 0x0000000086a00000, 0x0000000086b00000|  0%| F|  |TAMS 0x0000000086a00000, 0x0000000086a00000| Untracked 
| 107|0x0000000086b00000, 0x0000000086b00000, 0x0000000086c00000|  0%| F|  |TAMS 0x0000000086b00000, 0x0000000086b00000| Untracked 
| 108|0x0000000086c00000, 0x0000000086c00000, 0x0000000086d00000|  0%| F|  |TAMS 0x0000000086c00000, 0x0000000086c00000| Untracked 
| 109|0x0000000086d00000, 0x0000000086d00000, 0x0000000086e00000|  0%| F|  |TAMS 0x0000000086d00000, 0x0000000086d00000| Untracked 
| 110|0x0000000086e00000, 0x0000000086e00000, 0x0000000086f00000|  0%| F|  |TAMS 0x0000000086e00000, 0x0000000086e00000| Untracked 
| 111|0x0000000086f00000, 0x0000000086f00000, 0x0000000087000000|  0%| F|  |TAMS 0x0000000086f00000, 0x0000000086f00000| Untracked 
| 112|0x0000000087000000, 0x0000000087000000, 0x0000000087100000|  0%| F|  |TAMS 0x0000000087000000, 0x0000000087000000| Untracked 
| 113|0x0000000087100000, 0x0000000087100000, 0x0000000087200000|  0%| F|  |TAMS 0x0000000087100000, 0x0000000087100000| Untracked 
| 114|0x0000000087200000, 0x0000000087200000, 0x0000000087300000|  0%| F|  |TAMS 0x0000000087200000, 0x0000000087200000| Untracked 
| 115|0x0000000087300000, 0x0000000087300000, 0x0000000087400000|  0%| F|  |TAMS 0x0000000087300000, 0x0000000087300000| Untracked 
| 116|0x0000000087400000, 0x0000000087400000, 0x0000000087500000|  0%| F|  |TAMS 0x0000000087400000, 0x0000000087400000| Untracked 
| 117|0x0000000087500000, 0x0000000087500000, 0x0000000087600000|  0%| F|  |TAMS 0x0000000087500000, 0x0000000087500000| Untracked 
| 118|0x0000000087600000, 0x0000000087600000, 0x0000000087700000|  0%| F|  |TAMS 0x0000000087600000, 0x0000000087600000| Untracked 
| 119|0x0000000087700000, 0x0000000087700000, 0x0000000087800000|  0%| F|  |TAMS 0x0000000087700000, 0x0000000087700000| Untracked 
| 120|0x0000000087800000, 0x0000000087800000, 0x0000000087900000|  0%| F|  |TAMS 0x0000000087800000, 0x0000000087800000| Untracked 
| 121|0x0000000087900000, 0x0000000087900000, 0x0000000087a00000|  0%| F|  |TAMS 0x0000000087900000, 0x0000000087900000| Untracked 
| 122|0x0000000087a00000, 0x0000000087a00000, 0x0000000087b00000|  0%| F|  |TAMS 0x0000000087a00000, 0x0000000087a00000| Untracked 
| 123|0x0000000087b00000, 0x0000000087b00000, 0x0000000087c00000|  0%| F|  |TAMS 0x0000000087b00000, 0x0000000087b00000| Untracked 
| 124|0x0000000087c00000, 0x0000000087c00000, 0x0000000087d00000|  0%| F|  |TAMS 0x0000000087c00000, 0x0000000087c00000| Untracked 
| 125|0x0000000087d00000, 0x0000000087d00000, 0x0000000087e00000|  0%| F|  |TAMS 0x0000000087d00000, 0x0000000087d00000| Untracked 
| 126|0x0000000087e00000, 0x0000000087e00000, 0x0000000087f00000|  0%| F|  |TAMS 0x0000000087e00000, 0x0000000087e00000| Untracked 
| 127|0x0000000087f00000, 0x0000000087f00000, 0x0000000088000000|  0%| F|  |TAMS 0x0000000087f00000, 0x0000000087f00000| Untracked 
| 128|0x0000000088000000, 0x0000000088000000, 0x0000000088100000|  0%| F|  |TAMS 0x0000000088000000, 0x0000000088000000| Untracked 
| 129|0x0000000088100000, 0x0000000088100000, 0x0000000088200000|  0%| F|  |TAMS 0x0000000088100000, 0x0000000088100000| Untracked 
| 130|0x0000000088200000, 0x0000000088200000, 0x0000000088300000|  0%| F|  |TAMS 0x0000000088200000, 0x0000000088200000| Untracked 
| 131|0x0000000088300000, 0x0000000088300000, 0x0000000088400000|  0%| F|  |TAMS 0x0000000088300000, 0x0000000088300000| Untracked 
| 132|0x0000000088400000, 0x0000000088400000, 0x0000000088500000|  0%| F|  |TAMS 0x0000000088400000, 0x0000000088400000| Untracked 
| 133|0x0000000088500000, 0x0000000088500000, 0x0000000088600000|  0%| F|  |TAMS 0x0000000088500000, 0x0000000088500000| Untracked 
| 134|0x0000000088600000, 0x0000000088600000, 0x0000000088700000|  0%| F|  |TAMS 0x0000000088600000, 0x0000000088600000| Untracked 
| 135|0x0000000088700000, 0x0000000088700000, 0x0000000088800000|  0%| F|  |TAMS 0x0000000088700000, 0x0000000088700000| Untracked 
| 136|0x0000000088800000, 0x0000000088800000, 0x0000000088900000|  0%| F|  |TAMS 0x0000000088800000, 0x0000000088800000| Untracked 
| 137|0x0000000088900000, 0x0000000088900000, 0x0000000088a00000|  0%| F|  |TAMS 0x0000000088900000, 0x0000000088900000| Untracked 
| 138|0x0000000088a00000, 0x0000000088a00000, 0x0000000088b00000|  0%| F|  |TAMS 0x0000000088a00000, 0x0000000088a00000| Untracked 
| 139|0x0000000088b00000, 0x0000000088b00000, 0x0000000088c00000|  0%| F|  |TAMS 0x0000000088b00000, 0x0000000088b00000| Untracked 
| 140|0x0000000088c00000, 0x0000000088c00000, 0x0000000088d00000|  0%| F|  |TAMS 0x0000000088c00000, 0x0000000088c00000| Untracked 
| 141|0x0000000088d00000, 0x0000000088d00000, 0x0000000088e00000|  0%| F|  |TAMS 0x0000000088d00000, 0x0000000088d00000| Untracked 
| 142|0x0000000088e00000, 0x0000000088e00000, 0x0000000088f00000|  0%| F|  |TAMS 0x0000000088e00000, 0x0000000088e00000| Untracked 
| 143|0x0000000088f00000, 0x0000000088f00000, 0x0000000089000000|  0%| F|  |TAMS 0x0000000088f00000, 0x0000000088f00000| Untracked 
| 144|0x0000000089000000, 0x0000000089000000, 0x0000000089100000|  0%| F|  |TAMS 0x0000000089000000, 0x0000000089000000| Untracked 
| 145|0x0000000089100000, 0x0000000089100000, 0x0000000089200000|  0%| F|  |TAMS 0x0000000089100000, 0x0000000089100000| Untracked 
| 146|0x0000000089200000, 0x0000000089200000, 0x0000000089300000|  0%| F|  |TAMS 0x0000000089200000, 0x0000000089200000| Untracked 
| 147|0x0000000089300000, 0x0000000089300000, 0x0000000089400000|  0%| F|  |TAMS 0x0000000089300000, 0x0000000089300000| Untracked 
| 148|0x0000000089400000, 0x0000000089400000, 0x0000000089500000|  0%| F|  |TAMS 0x0000000089400000, 0x0000000089400000| Untracked 
| 149|0x0000000089500000, 0x0000000089500000, 0x0000000089600000|  0%| F|  |TAMS 0x0000000089500000, 0x0000000089500000| Untracked 
| 150|0x0000000089600000, 0x0000000089600000, 0x0000000089700000|  0%| F|  |TAMS 0x0000000089600000, 0x0000000089600000| Untracked 
| 151|0x0000000089700000, 0x0000000089700000, 0x0000000089800000|  0%| F|  |TAMS 0x0000000089700000, 0x0000000089700000| Untracked 
| 152|0x0000000089800000, 0x0000000089800000, 0x0000000089900000|  0%| F|  |TAMS 0x0000000089800000, 0x0000000089800000| Untracked 
| 153|0x0000000089900000, 0x0000000089900000, 0x0000000089a00000|  0%| F|  |TAMS 0x0000000089900000, 0x0000000089900000| Untracked 
| 154|0x0000000089a00000, 0x0000000089a00000, 0x0000000089b00000|  0%| F|  |TAMS 0x0000000089a00000, 0x0000000089a00000| Untracked 
| 155|0x0000000089b00000, 0x0000000089b00000, 0x0000000089c00000|  0%| F|  |TAMS 0x0000000089b00000, 0x0000000089b00000| Untracked 
| 156|0x0000000089c00000, 0x0000000089c00000, 0x0000000089d00000|  0%| F|  |TAMS 0x0000000089c00000, 0x0000000089c00000| Untracked 
| 157|0x0000000089d00000, 0x0000000089d00000, 0x0000000089e00000|  0%| F|  |TAMS 0x0000000089d00000, 0x0000000089d00000| Untracked 
| 158|0x0000000089e00000, 0x0000000089e00000, 0x0000000089f00000|  0%| F|  |TAMS 0x0000000089e00000, 0x0000000089e00000| Untracked 
| 159|0x0000000089f00000, 0x0000000089f00000, 0x000000008a000000|  0%| F|  |TAMS 0x0000000089f00000, 0x0000000089f00000| Untracked 
| 160|0x000000008a000000, 0x000000008a000000, 0x000000008a100000|  0%| F|  |TAMS 0x000000008a000000, 0x000000008a000000| Untracked 
| 161|0x000000008a100000, 0x000000008a159cf8, 0x000000008a200000| 35%| S|CS|TAMS 0x000000008a100000, 0x000000008a100000| Complete 
| 162|0x000000008a200000, 0x000000008a300000, 0x000000008a300000|100%| S|CS|TAMS 0x000000008a200000, 0x000000008a200000| Complete 
| 163|0x000000008a300000, 0x000000008a400000, 0x000000008a400000|100%| S|CS|TAMS 0x000000008a300000, 0x000000008a300000| Complete 
| 164|0x000000008a400000, 0x000000008a500000, 0x000000008a500000|100%| S|CS|TAMS 0x000000008a400000, 0x000000008a400000| Complete 
| 165|0x000000008a500000, 0x000000008a600000, 0x000000008a600000|100%| S|CS|TAMS 0x000000008a500000, 0x000000008a500000| Complete 
| 166|0x000000008a600000, 0x000000008a600000, 0x000000008a700000|  0%| F|  |TAMS 0x000000008a600000, 0x000000008a600000| Untracked 
| 167|0x000000008a700000, 0x000000008a700000, 0x000000008a800000|  0%| F|  |TAMS 0x000000008a700000, 0x000000008a700000| Untracked 
| 168|0x000000008a800000, 0x000000008a800000, 0x000000008a900000|  0%| F|  |TAMS 0x000000008a800000, 0x000000008a800000| Untracked 
| 169|0x000000008a900000, 0x000000008a900000, 0x000000008aa00000|  0%| F|  |TAMS 0x000000008a900000, 0x000000008a900000| Untracked 
| 170|0x000000008aa00000, 0x000000008aa00000, 0x000000008ab00000|  0%| F|  |TAMS 0x000000008aa00000, 0x000000008aa00000| Untracked 
| 171|0x000000008ab00000, 0x000000008ab00000, 0x000000008ac00000|  0%| F|  |TAMS 0x000000008ab00000, 0x000000008ab00000| Untracked 
| 172|0x000000008ac00000, 0x000000008ac00000, 0x000000008ad00000|  0%| F|  |TAMS 0x000000008ac00000, 0x000000008ac00000| Untracked 
| 173|0x000000008ad00000, 0x000000008ad00000, 0x000000008ae00000|  0%| F|  |TAMS 0x000000008ad00000, 0x000000008ad00000| Untracked 
| 174|0x000000008ae00000, 0x000000008ae00000, 0x000000008af00000|  0%| F|  |TAMS 0x000000008ae00000, 0x000000008ae00000| Untracked 
| 175|0x000000008af00000, 0x000000008af00000, 0x000000008b000000|  0%| F|  |TAMS 0x000000008af00000, 0x000000008af00000| Untracked 
| 176|0x000000008b000000, 0x000000008b000000, 0x000000008b100000|  0%| F|  |TAMS 0x000000008b000000, 0x000000008b000000| Untracked 
| 177|0x000000008b100000, 0x000000008b100000, 0x000000008b200000|  0%| F|  |TAMS 0x000000008b100000, 0x000000008b100000| Untracked 
| 178|0x000000008b200000, 0x000000008b200000, 0x000000008b300000|  0%| F|  |TAMS 0x000000008b200000, 0x000000008b200000| Untracked 
| 179|0x000000008b300000, 0x000000008b300000, 0x000000008b400000|  0%| F|  |TAMS 0x000000008b300000, 0x000000008b300000| Untracked 
| 180|0x000000008b400000, 0x000000008b400000, 0x000000008b500000|  0%| F|  |TAMS 0x000000008b400000, 0x000000008b400000| Untracked 
| 181|0x000000008b500000, 0x000000008b500000, 0x000000008b600000|  0%| F|  |TAMS 0x000000008b500000, 0x000000008b500000| Untracked 
| 182|0x000000008b600000, 0x000000008b600000, 0x000000008b700000|  0%| F|  |TAMS 0x000000008b600000, 0x000000008b600000| Untracked 
| 183|0x000000008b700000, 0x000000008b700000, 0x000000008b800000|  0%| F|  |TAMS 0x000000008b700000, 0x000000008b700000| Untracked 
| 184|0x000000008b800000, 0x000000008b800000, 0x000000008b900000|  0%| F|  |TAMS 0x000000008b800000, 0x000000008b800000| Untracked 
| 185|0x000000008b900000, 0x000000008b900000, 0x000000008ba00000|  0%| F|  |TAMS 0x000000008b900000, 0x000000008b900000| Untracked 
| 186|0x000000008ba00000, 0x000000008ba00000, 0x000000008bb00000|  0%| F|  |TAMS 0x000000008ba00000, 0x000000008ba00000| Untracked 
| 187|0x000000008bb00000, 0x000000008bb00000, 0x000000008bc00000|  0%| F|  |TAMS 0x000000008bb00000, 0x000000008bb00000| Untracked 
| 188|0x000000008bc00000, 0x000000008bc00000, 0x000000008bd00000|  0%| F|  |TAMS 0x000000008bc00000, 0x000000008bc00000| Untracked 
| 189|0x000000008bd00000, 0x000000008bd00000, 0x000000008be00000|  0%| F|  |TAMS 0x000000008bd00000, 0x000000008bd00000| Untracked 
| 190|0x000000008be00000, 0x000000008be00000, 0x000000008bf00000|  0%| F|  |TAMS 0x000000008be00000, 0x000000008be00000| Untracked 
| 191|0x000000008bf00000, 0x000000008bf00000, 0x000000008c000000|  0%| F|  |TAMS 0x000000008bf00000, 0x000000008bf00000| Untracked 
| 192|0x000000008c000000, 0x000000008c000000, 0x000000008c100000|  0%| F|  |TAMS 0x000000008c000000, 0x000000008c000000| Untracked 
| 193|0x000000008c100000, 0x000000008c100000, 0x000000008c200000|  0%| F|  |TAMS 0x000000008c100000, 0x000000008c100000| Untracked 
| 194|0x000000008c200000, 0x000000008c200000, 0x000000008c300000|  0%| F|  |TAMS 0x000000008c200000, 0x000000008c200000| Untracked 
| 195|0x000000008c300000, 0x000000008c300000, 0x000000008c400000|  0%| F|  |TAMS 0x000000008c300000, 0x000000008c300000| Untracked 
| 196|0x000000008c400000, 0x000000008c400000, 0x000000008c500000|  0%| F|  |TAMS 0x000000008c400000, 0x000000008c400000| Untracked 
| 197|0x000000008c500000, 0x000000008c500000, 0x000000008c600000|  0%| F|  |TAMS 0x000000008c500000, 0x000000008c500000| Untracked 
| 198|0x000000008c600000, 0x000000008c600000, 0x000000008c700000|  0%| F|  |TAMS 0x000000008c600000, 0x000000008c600000| Untracked 
| 199|0x000000008c700000, 0x000000008c700000, 0x000000008c800000|  0%| F|  |TAMS 0x000000008c700000, 0x000000008c700000| Untracked 
| 200|0x000000008c800000, 0x000000008c800000, 0x000000008c900000|  0%| F|  |TAMS 0x000000008c800000, 0x000000008c800000| Untracked 
| 201|0x000000008c900000, 0x000000008c900000, 0x000000008ca00000|  0%| F|  |TAMS 0x000000008c900000, 0x000000008c900000| Untracked 
| 202|0x000000008ca00000, 0x000000008ca00000, 0x000000008cb00000|  0%| F|  |TAMS 0x000000008ca00000, 0x000000008ca00000| Untracked 
| 203|0x000000008cb00000, 0x000000008cb00000, 0x000000008cc00000|  0%| F|  |TAMS 0x000000008cb00000, 0x000000008cb00000| Untracked 
| 204|0x000000008cc00000, 0x000000008cc00000, 0x000000008cd00000|  0%| F|  |TAMS 0x000000008cc00000, 0x000000008cc00000| Untracked 
| 205|0x000000008cd00000, 0x000000008cd00000, 0x000000008ce00000|  0%| F|  |TAMS 0x000000008cd00000, 0x000000008cd00000| Untracked 
| 206|0x000000008ce00000, 0x000000008ce00000, 0x000000008cf00000|  0%| F|  |TAMS 0x000000008ce00000, 0x000000008ce00000| Untracked 
| 207|0x000000008cf00000, 0x000000008cf00000, 0x000000008d000000|  0%| F|  |TAMS 0x000000008cf00000, 0x000000008cf00000| Untracked 
| 208|0x000000008d000000, 0x000000008d000000, 0x000000008d100000|  0%| F|  |TAMS 0x000000008d000000, 0x000000008d000000| Untracked 
| 209|0x000000008d100000, 0x000000008d100000, 0x000000008d200000|  0%| F|  |TAMS 0x000000008d100000, 0x000000008d100000| Untracked 
| 210|0x000000008d200000, 0x000000008d200000, 0x000000008d300000|  0%| F|  |TAMS 0x000000008d200000, 0x000000008d200000| Untracked 
| 211|0x000000008d300000, 0x000000008d300000, 0x000000008d400000|  0%| F|  |TAMS 0x000000008d300000, 0x000000008d300000| Untracked 
| 212|0x000000008d400000, 0x000000008d400000, 0x000000008d500000|  0%| F|  |TAMS 0x000000008d400000, 0x000000008d400000| Untracked 
| 213|0x000000008d500000, 0x000000008d500000, 0x000000008d600000|  0%| F|  |TAMS 0x000000008d500000, 0x000000008d500000| Untracked 
| 214|0x000000008d600000, 0x000000008d600000, 0x000000008d700000|  0%| F|  |TAMS 0x000000008d600000, 0x000000008d600000| Untracked 
| 215|0x000000008d700000, 0x000000008d700000, 0x000000008d800000|  0%| F|  |TAMS 0x000000008d700000, 0x000000008d700000| Untracked 
| 216|0x000000008d800000, 0x000000008d800000, 0x000000008d900000|  0%| F|  |TAMS 0x000000008d800000, 0x000000008d800000| Untracked 
| 217|0x000000008d900000, 0x000000008d900000, 0x000000008da00000|  0%| F|  |TAMS 0x000000008d900000, 0x000000008d900000| Untracked 
| 218|0x000000008da00000, 0x000000008da00000, 0x000000008db00000|  0%| F|  |TAMS 0x000000008da00000, 0x000000008da00000| Untracked 
| 219|0x000000008db00000, 0x000000008db00000, 0x000000008dc00000|  0%| F|  |TAMS 0x000000008db00000, 0x000000008db00000| Untracked 
| 220|0x000000008dc00000, 0x000000008dc00000, 0x000000008dd00000|  0%| F|  |TAMS 0x000000008dc00000, 0x000000008dc00000| Untracked 
| 221|0x000000008dd00000, 0x000000008dd00000, 0x000000008de00000|  0%| F|  |TAMS 0x000000008dd00000, 0x000000008dd00000| Untracked 
| 222|0x000000008de00000, 0x000000008de00000, 0x000000008df00000|  0%| F|  |TAMS 0x000000008de00000, 0x000000008de00000| Untracked 
| 223|0x000000008df00000, 0x000000008df00000, 0x000000008e000000|  0%| F|  |TAMS 0x000000008df00000, 0x000000008df00000| Untracked 
| 224|0x000000008e000000, 0x000000008e000000, 0x000000008e100000|  0%| F|  |TAMS 0x000000008e000000, 0x000000008e000000| Untracked 
| 225|0x000000008e100000, 0x000000008e100000, 0x000000008e200000|  0%| F|  |TAMS 0x000000008e100000, 0x000000008e100000| Untracked 
| 226|0x000000008e200000, 0x000000008e200000, 0x000000008e300000|  0%| F|  |TAMS 0x000000008e200000, 0x000000008e200000| Untracked 
| 227|0x000000008e300000, 0x000000008e300000, 0x000000008e400000|  0%| F|  |TAMS 0x000000008e300000, 0x000000008e300000| Untracked 
| 228|0x000000008e400000, 0x000000008e400000, 0x000000008e500000|  0%| F|  |TAMS 0x000000008e400000, 0x000000008e400000| Untracked 
| 229|0x000000008e500000, 0x000000008e500000, 0x000000008e600000|  0%| F|  |TAMS 0x000000008e500000, 0x000000008e500000| Untracked 
| 230|0x000000008e600000, 0x000000008e600000, 0x000000008e700000|  0%| F|  |TAMS 0x000000008e600000, 0x000000008e600000| Untracked 
| 231|0x000000008e700000, 0x000000008e700000, 0x000000008e800000|  0%| F|  |TAMS 0x000000008e700000, 0x000000008e700000| Untracked 
| 232|0x000000008e800000, 0x000000008e800000, 0x000000008e900000|  0%| F|  |TAMS 0x000000008e800000, 0x000000008e800000| Untracked 
| 233|0x000000008e900000, 0x000000008e900000, 0x000000008ea00000|  0%| F|  |TAMS 0x000000008e900000, 0x000000008e900000| Untracked 
| 234|0x000000008ea00000, 0x000000008ea00000, 0x000000008eb00000|  0%| F|  |TAMS 0x000000008ea00000, 0x000000008ea00000| Untracked 
| 235|0x000000008eb00000, 0x000000008eb00000, 0x000000008ec00000|  0%| F|  |TAMS 0x000000008eb00000, 0x000000008eb00000| Untracked 
| 236|0x000000008ec00000, 0x000000008ecdaba8, 0x000000008ed00000| 85%| E|  |TAMS 0x000000008ec00000, 0x000000008ec00000| Complete 
| 237|0x000000008ed00000, 0x000000008ee00000, 0x000000008ee00000|100%| E|CS|TAMS 0x000000008ed00000, 0x000000008ed00000| Complete 
| 238|0x000000008ee00000, 0x000000008ef00000, 0x000000008ef00000|100%| E|CS|TAMS 0x000000008ee00000, 0x000000008ee00000| Complete 
| 239|0x000000008ef00000, 0x000000008f000000, 0x000000008f000000|100%| E|CS|TAMS 0x000000008ef00000, 0x000000008ef00000| Complete 
| 240|0x000000008f000000, 0x000000008f100000, 0x000000008f100000|100%| E|CS|TAMS 0x000000008f000000, 0x000000008f000000| Complete 
| 241|0x000000008f100000, 0x000000008f200000, 0x000000008f200000|100%| E|CS|TAMS 0x000000008f100000, 0x000000008f100000| Complete 
| 242|0x000000008f200000, 0x000000008f300000, 0x000000008f300000|100%| E|CS|TAMS 0x000000008f200000, 0x000000008f200000| Complete 
| 243|0x000000008f300000, 0x000000008f400000, 0x000000008f400000|100%| E|CS|TAMS 0x000000008f300000, 0x000000008f300000| Complete 
| 244|0x000000008f400000, 0x000000008f500000, 0x000000008f500000|100%| E|CS|TAMS 0x000000008f400000, 0x000000008f400000| Complete 
| 245|0x000000008f500000, 0x000000008f600000, 0x000000008f600000|100%| E|CS|TAMS 0x000000008f500000, 0x000000008f500000| Complete 
| 246|0x000000008f600000, 0x000000008f700000, 0x000000008f700000|100%| E|CS|TAMS 0x000000008f600000, 0x000000008f600000| Complete 
| 247|0x000000008f700000, 0x000000008f800000, 0x000000008f800000|100%| E|CS|TAMS 0x000000008f700000, 0x000000008f700000| Complete 
| 248|0x000000008f800000, 0x000000008f900000, 0x000000008f900000|100%| E|CS|TAMS 0x000000008f800000, 0x000000008f800000| Complete 
| 249|0x000000008f900000, 0x000000008fa00000, 0x000000008fa00000|100%| E|CS|TAMS 0x000000008f900000, 0x000000008f900000| Complete 
| 250|0x000000008fa00000, 0x000000008fb00000, 0x000000008fb00000|100%| E|CS|TAMS 0x000000008fa00000, 0x000000008fa00000| Complete 
| 251|0x000000008fb00000, 0x000000008fc00000, 0x000000008fc00000|100%| E|CS|TAMS 0x000000008fb00000, 0x000000008fb00000| Complete 
| 252|0x000000008fc00000, 0x000000008fd00000, 0x000000008fd00000|100%| E|CS|TAMS 0x000000008fc00000, 0x000000008fc00000| Complete 
| 253|0x000000008fd00000, 0x000000008fe00000, 0x000000008fe00000|100%| E|CS|TAMS 0x000000008fd00000, 0x000000008fd00000| Complete 
| 254|0x000000008fe00000, 0x000000008ff00000, 0x000000008ff00000|100%| E|CS|TAMS 0x000000008fe00000, 0x000000008fe00000| Complete 
| 255|0x000000008ff00000, 0x0000000090000000, 0x0000000090000000|100%| E|CS|TAMS 0x000000008ff00000, 0x000000008ff00000| Complete 
| 256|0x0000000090000000, 0x0000000090100000, 0x0000000090100000|100%| E|CS|TAMS 0x0000000090000000, 0x0000000090000000| Complete 
| 257|0x0000000090100000, 0x0000000090200000, 0x0000000090200000|100%| E|CS|TAMS 0x0000000090100000, 0x0000000090100000| Complete 
| 258|0x0000000090200000, 0x0000000090300000, 0x0000000090300000|100%| E|CS|TAMS 0x0000000090200000, 0x0000000090200000| Complete 
| 259|0x0000000090300000, 0x0000000090400000, 0x0000000090400000|100%| E|CS|TAMS 0x0000000090300000, 0x0000000090300000| Complete 
| 260|0x0000000090400000, 0x0000000090500000, 0x0000000090500000|100%| E|CS|TAMS 0x0000000090400000, 0x0000000090400000| Complete 
| 261|0x0000000090500000, 0x0000000090600000, 0x0000000090600000|100%| E|CS|TAMS 0x0000000090500000, 0x0000000090500000| Complete 
| 262|0x0000000090600000, 0x0000000090700000, 0x0000000090700000|100%| E|CS|TAMS 0x0000000090600000, 0x0000000090600000| Complete 
| 263|0x0000000090700000, 0x0000000090800000, 0x0000000090800000|100%| E|CS|TAMS 0x0000000090700000, 0x0000000090700000| Complete 
| 264|0x0000000090800000, 0x0000000090900000, 0x0000000090900000|100%| E|CS|TAMS 0x0000000090800000, 0x0000000090800000| Complete 
| 265|0x0000000090900000, 0x0000000090a00000, 0x0000000090a00000|100%| E|CS|TAMS 0x0000000090900000, 0x0000000090900000| Complete 
| 266|0x0000000090a00000, 0x0000000090b00000, 0x0000000090b00000|100%| E|CS|TAMS 0x0000000090a00000, 0x0000000090a00000| Complete 
| 267|0x0000000090b00000, 0x0000000090c00000, 0x0000000090c00000|100%| E|CS|TAMS 0x0000000090b00000, 0x0000000090b00000| Complete 

Card table byte_map: [0x0000020157020000,0x0000020157420000] _byte_map_base: 0x0000020156c20000

Marking Bits (Prev, Next): (CMBitMap*) 0x0000020141e5c1f0, (CMBitMap*) 0x0000020141e5c1b8
 Prev Bits: [0x0000020159820000, 0x000002015b820000)
 Next Bits: [0x0000020157820000, 0x0000020159820000)

Polling page: 0x0000020141f00000

Metaspace:

Usage:
  Non-class:     83.36 MB capacity,    81.86 MB ( 98%) used,     1.26 MB (  2%) free+waste,   251.44 KB ( <1%) overhead. 
      Class:     12.32 MB capacity,    11.51 MB ( 93%) used,   714.58 KB (  6%) free+waste,   109.50 KB ( <1%) overhead. 
       Both:     95.68 MB capacity,    93.37 MB ( 98%) used,     1.95 MB (  2%) free+waste,   360.94 KB ( <1%) overhead. 

Virtual space:
  Non-class space:       84.00 MB reserved,      83.54 MB (>99%) committed 
      Class space:        1.00 GB reserved,      12.38 MB (  1%) committed 
             Both:        1.08 GB reserved,      95.91 MB (  9%) committed 

Chunk freelists:
   Non-Class:  50.00 KB
       Class:  27.00 KB
        Both:  77.00 KB

MaxMetaspaceSize: 17179869184.00 GB
CompressedClassSpaceSize: 1.00 GB

CodeHeap 'non-profiled nmethods': size=120000Kb used=7105Kb max_used=7736Kb free=112894Kb
 bounds [0x000002014ea70000, 0x000002014f210000, 0x0000020155fa0000]
CodeHeap 'profiled nmethods': size=120000Kb used=29829Kb max_used=32166Kb free=90170Kb
 bounds [0x0000020147540000, 0x00000201494c0000, 0x000002014ea70000]
CodeHeap 'non-nmethods': size=5760Kb used=2341Kb max_used=2404Kb free=3418Kb
 bounds [0x0000020146fa0000, 0x0000020147210000, 0x0000020147540000]
 total_blobs=14830 nmethods=13852 adapters=889
 compilation: enabled
              stopped_count=0, restarted_count=0
 full_count=0

Compilation events (20 events):
Event: 25.522 Thread 0x000002015e537000 nmethod 15365 0x000002014ead1810 code [0x000002014ead19c0, 0x000002014ead1e98]
Event: 25.522 Thread 0x000002015e537000 15389       4       org.gradle.api.internal.file.archive.impl.FileZipInput$1::computeNext (5 bytes)
Event: 25.531 Thread 0x000002015e537000 nmethod 15389 0x000002014eadc790 code [0x000002014eadc980, 0x000002014eadd1d8]
Event: 25.531 Thread 0x000002015e537000 15361       4       org.gradle.internal.hash.Hashing$MessageDigestHasher::<init> (25 bytes)
Event: 25.535 Thread 0x000002015e537000 nmethod 15361 0x000002014ead7a90 code [0x000002014ead7c40, 0x000002014ead7fd8]
Event: 25.535 Thread 0x000002015e537000 15390       4       org.gradle.api.internal.file.archive.impl.FileZipInput$1::computeNext (57 bytes)
Event: 25.544 Thread 0x000002015e537000 nmethod 15390 0x000002014eadb890 code [0x000002014eadba80, 0x000002014eadc2d8]
Event: 25.544 Thread 0x000002015e537000 15392       4       com.google.common.io.ByteStreams::copy (51 bytes)
Event: 25.548 Thread 0x000002015e537000 nmethod 15392 0x000002014eae1f90 code [0x000002014eae2160, 0x000002014eae2458]
Event: 25.548 Thread 0x000002015e537000 15393       4       org.gradle.internal.hash.HashingOutputStream::<init> (28 bytes)
Event: 25.558 Thread 0x000002015e537000 nmethod 15393 0x000002014eae1310 code [0x000002014eae14e0, 0x000002014eae1c48]
Event: 25.558 Thread 0x000002015e537000 15395   !   4       java.util.zip.ZipFile$Source::readFullyAt (74 bytes)
Event: 25.562 Thread 0x000002015e537000 nmethod 15395 0x000002014eae0890 code [0x000002014eae0a40, 0x000002014eae0f98]
Event: 25.562 Thread 0x000002015e537000 15391       4       org.gradle.api.internal.file.archive.impl.FileZipInput$1$1::get (5 bytes)
Event: 25.564 Thread 0x000002015e537000 nmethod 15391 0x000002014ead9710 code [0x000002014ead98c0, 0x000002014ead99c8]
Event: 25.564 Thread 0x000002015e537000 15394       4       java.util.zip.ZipFile$ZipFileInflaterInputStream::fill (80 bytes)
Event: 25.603 Thread 0x000002015e537000 nmethod 15394 0x000002014eb66810 code [0x000002014eb66a60, 0x000002014eb68a90]
Event: 25.603 Thread 0x000002015e537000 15398       4       java.util.WeakHashMap::transfer (107 bytes)
Event: 25.608 Thread 0x000002015e537000 nmethod 15398 0x000002014eae0110 code [0x000002014eae02a0, 0x000002014eae06f8]
Event: 25.608 Thread 0x000002015e537000 15396   !   4       java.util.zip.ZipFile$ZipFileInputStream::read (135 bytes)

GC Heap History (20 events):
Event: 22.209 GC heap before
{Heap before GC invocations=43 (full 0):
 garbage-first heap   total 189440K, used 143506K [0x0000000080000000, 0x0000000100000000)
  region size 1024K, 31 young (31744K), 1 survivors (1024K)
 Metaspace       used 87851K, capacity 89954K, committed 90148K, reserved 1128448K
  class space    used 10926K, capacity 11681K, committed 11776K, reserved 1048576K
}
Event: 22.213 GC heap after
{Heap after GC invocations=44 (full 0):
 garbage-first heap   total 189440K, used 113740K [0x0000000080000000, 0x0000000100000000)
  region size 1024K, 2 young (2048K), 2 survivors (2048K)
 Metaspace       used 87851K, capacity 89954K, committed 90148K, reserved 1128448K
  class space    used 10926K, capacity 11681K, committed 11776K, reserved 1048576K
}
Event: 22.429 GC heap before
{Heap before GC invocations=45 (full 0):
 garbage-first heap   total 189440K, used 155724K [0x0000000080000000, 0x0000000100000000)
  region size 1024K, 33 young (33792K), 2 survivors (2048K)
 Metaspace       used 88559K, capacity 90766K, committed 90916K, reserved 1128448K
  class space    used 10973K, capacity 11715K, committed 11776K, reserved 1048576K
}
Event: 22.432 GC heap after
{Heap after GC invocations=46 (full 0):
 garbage-first heap   total 189440K, used 113772K [0x0000000080000000, 0x0000000100000000)
  region size 1024K, 2 young (2048K), 2 survivors (2048K)
 Metaspace       used 88559K, capacity 90766K, committed 90916K, reserved 1128448K
  class space    used 10973K, capacity 11715K, committed 11776K, reserved 1048576K
}
Event: 22.495 GC heap before
{Heap before GC invocations=46 (full 0):
 garbage-first heap   total 189440K, used 125036K [0x0000000080000000, 0x0000000100000000)
  region size 1024K, 9 young (9216K), 2 survivors (2048K)
 Metaspace       used 88817K, capacity 90991K, committed 91172K, reserved 1128448K
  class space    used 11001K, capacity 11747K, committed 11776K, reserved 1048576K
}
Event: 22.499 GC heap after
{Heap after GC invocations=47 (full 0):
 garbage-first heap   total 189440K, used 84658K [0x0000000080000000, 0x0000000100000000)
  region size 1024K, 1 young (1024K), 1 survivors (1024K)
 Metaspace       used 88817K, capacity 90991K, committed 91172K, reserved 1128448K
  class space    used 11001K, capacity 11747K, committed 11776K, reserved 1048576K
}
Event: 22.580 GC heap before
{Heap before GC invocations=47 (full 0):
 garbage-first heap   total 189440K, used 92850K [0x0000000080000000, 0x0000000100000000)
  region size 1024K, 9 young (9216K), 1 survivors (1024K)
 Metaspace       used 89207K, capacity 91445K, committed 91556K, reserved 1128448K
  class space    used 11035K, capacity 11811K, committed 11904K, reserved 1048576K
}
Event: 22.586 GC heap after
{Heap after GC invocations=48 (full 0):
 garbage-first heap   total 228352K, used 85222K [0x0000000080000000, 0x0000000100000000)
  region size 1024K, 2 young (2048K), 2 survivors (2048K)
 Metaspace       used 89207K, capacity 91445K, committed 91556K, reserved 1128448K
  class space    used 11035K, capacity 11811K, committed 11904K, reserved 1048576K
}
Event: 23.204 GC heap before
{Heap before GC invocations=48 (full 0):
 garbage-first heap   total 228352K, used 144614K [0x0000000080000000, 0x0000000100000000)
  region size 1024K, 61 young (62464K), 2 survivors (2048K)
 Metaspace       used 91692K, capacity 93892K, committed 94116K, reserved 1132544K
  class space    used 11339K, capacity 12114K, committed 12160K, reserved 1048576K
}
Event: 23.207 GC heap after
{Heap after GC invocations=49 (full 0):
 garbage-first heap   total 228352K, used 85740K [0x0000000080000000, 0x0000000100000000)
  region size 1024K, 3 young (3072K), 3 survivors (3072K)
 Metaspace       used 91692K, capacity 93892K, committed 94116K, reserved 1132544K
  class space    used 11339K, capacity 12114K, committed 12160K, reserved 1048576K
}
Event: 23.916 GC heap before
{Heap before GC invocations=49 (full 0):
 garbage-first heap   total 228352K, used 149228K [0x0000000080000000, 0x0000000100000000)
  region size 1024K, 67 young (68608K), 3 survivors (3072K)
 Metaspace       used 93962K, capacity 96199K, committed 96420K, reserved 1134592K
  class space    used 11610K, capacity 12388K, committed 12416K, reserved 1048576K
}
Event: 23.923 GC heap after
{Heap after GC invocations=50 (full 0):
 garbage-first heap   total 228352K, used 89830K [0x0000000080000000, 0x0000000100000000)
  region size 1024K, 7 young (7168K), 7 survivors (7168K)
 Metaspace       used 93962K, capacity 96199K, committed 96420K, reserved 1134592K
  class space    used 11610K, capacity 12388K, committed 12416K, reserved 1048576K
}
Event: 24.185 GC heap before
{Heap before GC invocations=50 (full 0):
 garbage-first heap   total 228352K, used 156390K [0x0000000080000000, 0x0000000100000000)
  region size 1024K, 73 young (74752K), 7 survivors (7168K)
 Metaspace       used 94458K, capacity 96721K, committed 96804K, reserved 1134592K
  class space    used 11656K, capacity 12464K, committed 12544K, reserved 1048576K
}
Event: 24.194 GC heap after
{Heap after GC invocations=51 (full 0):
 garbage-first heap   total 228352K, used 90529K [0x0000000080000000, 0x0000000100000000)
  region size 1024K, 6 young (6144K), 6 survivors (6144K)
 Metaspace       used 94458K, capacity 96721K, committed 96804K, reserved 1134592K
  class space    used 11656K, capacity 12464K, committed 12544K, reserved 1048576K
}
Event: 24.691 GC heap before
{Heap before GC invocations=51 (full 0):
 garbage-first heap   total 228352K, used 161185K [0x0000000080000000, 0x0000000100000000)
  region size 1024K, 76 young (77824K), 6 survivors (6144K)
 Metaspace       used 94758K, capacity 97056K, committed 97316K, reserved 1134592K
  class space    used 11683K, capacity 12467K, committed 12544K, reserved 1048576K
}
Event: 24.700 GC heap after
{Heap after GC invocations=52 (full 0):
 garbage-first heap   total 228352K, used 94208K [0x0000000080000000, 0x0000000100000000)
  region size 1024K, 9 young (9216K), 9 survivors (9216K)
 Metaspace       used 94758K, capacity 97056K, committed 97316K, reserved 1134592K
  class space    used 11683K, capacity 12467K, committed 12544K, reserved 1048576K
}
Event: 24.971 GC heap before
{Heap before GC invocations=52 (full 0):
 garbage-first heap   total 228352K, used 168960K [0x0000000080000000, 0x0000000100000000)
  region size 1024K, 80 young (81920K), 9 survivors (9216K)
 Metaspace       used 95332K, capacity 97680K, committed 97828K, reserved 1134592K
  class space    used 11758K, capacity 12539K, committed 12544K, reserved 1048576K
}
Event: 24.977 GC heap after
{Heap after GC invocations=53 (full 0):
 garbage-first heap   total 274432K, used 92142K [0x0000000080000000, 0x0000000100000000)
  region size 1024K, 3 young (3072K), 3 survivors (3072K)
 Metaspace       used 95332K, capacity 97680K, committed 97828K, reserved 1134592K
  class space    used 11758K, capacity 12539K, committed 12544K, reserved 1048576K
}
Event: 25.482 GC heap before
{Heap before GC invocations=53 (full 0):
 garbage-first heap   total 274432K, used 197614K [0x0000000080000000, 0x0000000100000000)
  region size 1024K, 105 young (107520K), 3 survivors (3072K)
 Metaspace       used 95393K, capacity 97684K, committed 97828K, reserved 1134592K
  class space    used 11765K, capacity 12540K, committed 12544K, reserved 1048576K
}
Event: 25.486 GC heap after
{Heap after GC invocations=54 (full 0):
 garbage-first heap   total 274432K, used 95591K [0x0000000080000000, 0x0000000100000000)
  region size 1024K, 5 young (5120K), 5 survivors (5120K)
 Metaspace       used 95393K, capacity 97684K, committed 97828K, reserved 1134592K
  class space    used 11765K, capacity 12540K, committed 12544K, reserved 1048576K
}

Deoptimization events (20 events):
Event: 25.414 Thread 0x0000020164be5000 DEOPT PACKING pc=0x00000201475d1829 sp=0x0000005d4befbb30
Event: 25.414 Thread 0x0000020164be5000 DEOPT UNPACKING pc=0x0000020146fc72ce sp=0x0000005d4befb040 mode 0
Event: 25.415 Thread 0x0000020164be5000 DEOPT PACKING pc=0x00000201475d1829 sp=0x0000005d4befb8b0
Event: 25.415 Thread 0x0000020164be5000 DEOPT UNPACKING pc=0x0000020146fc72ce sp=0x0000005d4befadc0 mode 0
Event: 25.416 Thread 0x0000020164be5000 DEOPT PACKING pc=0x00000201475d1829 sp=0x0000005d4befbac0
Event: 25.416 Thread 0x0000020164be5000 DEOPT UNPACKING pc=0x0000020146fc72ce sp=0x0000005d4befafd0 mode 0
Event: 25.417 Thread 0x0000020164be5000 DEOPT PACKING pc=0x00000201475d1829 sp=0x0000005d4befba50
Event: 25.417 Thread 0x0000020164be5000 DEOPT UNPACKING pc=0x0000020146fc72ce sp=0x0000005d4befaf60 mode 0
Event: 25.419 Thread 0x0000020164be5000 DEOPT PACKING pc=0x00000201475d1829 sp=0x0000005d4befbaf0
Event: 25.419 Thread 0x0000020164be5000 DEOPT UNPACKING pc=0x0000020146fc72ce sp=0x0000005d4befb000 mode 0
Event: 25.439 Thread 0x0000020164be5000 Uncommon trap: trap_request=0xffffff4d fr.pc=0x000002014ed04dc0 relative=0x0000000000005400
Event: 25.439 Thread 0x0000020164be5000 Uncommon trap: reason=unstable_if action=reinterpret pc=0x000002014ed04dc0 method=java.util.jar.Manifest$FastInputStream.readLine([BII)I @ 106 c2
Event: 25.439 Thread 0x0000020164be5000 DEOPT PACKING pc=0x000002014ed04dc0 sp=0x0000005d4bef9c50
Event: 25.439 Thread 0x0000020164be5000 DEOPT UNPACKING pc=0x0000020146fc74af sp=0x0000005d4bef9b58 mode 2
Event: 25.439 Thread 0x0000020164be5000 Uncommon trap: trap_request=0xffffff4d fr.pc=0x000002014ecd90bc relative=0x00000000000004dc
Event: 25.439 Thread 0x0000020164be5000 Uncommon trap: reason=unstable_if action=reinterpret pc=0x000002014ecd90bc method=java.util.jar.Manifest$FastInputStream.readLine([BII)I @ 106 c2
Event: 25.439 Thread 0x0000020164be5000 DEOPT PACKING pc=0x000002014ecd90bc sp=0x0000005d4bef9bd0
Event: 25.439 Thread 0x0000020164be5000 DEOPT UNPACKING pc=0x0000020146fc74af sp=0x0000005d4bef9b60 mode 2
Event: 25.566 Thread 0x0000020164be5000 DEOPT PACKING pc=0x00000201486041e1 sp=0x0000005d4bef9e40
Event: 25.566 Thread 0x0000020164be5000 DEOPT UNPACKING pc=0x0000020146fc72ce sp=0x0000005d4bef92c8 mode 0

Classes redefined (0 events):
No events

Internal exceptions (20 events):
Event: 24.321 Thread 0x0000020163bc1800 Exception <a 'sun/nio/fs/WindowsException'{0x000000008cc13090}> (0x000000008cc13090) thrown at [./src/hotspot/share/prims/jni.cpp, line 615]
Event: 24.322 Thread 0x0000020163bc0000 Exception <a 'sun/nio/fs/WindowsException'{0x000000008cc6abc8}> (0x000000008cc6abc8) thrown at [./src/hotspot/share/prims/jni.cpp, line 615]
Event: 24.322 Thread 0x0000020165266000 Exception <a 'sun/nio/fs/WindowsException'{0x000000008cc26c28}> (0x000000008cc26c28) thrown at [./src/hotspot/share/prims/jni.cpp, line 615]
Event: 24.331 Thread 0x0000020165267800 Exception <a 'sun/nio/fs/WindowsException'{0x000000008cb19b08}> (0x000000008cb19b08) thrown at [./src/hotspot/share/prims/jni.cpp, line 615]
Event: 24.332 Thread 0x0000020165265000 Exception <a 'sun/nio/fs/WindowsException'{0x000000008ca4b098}> (0x000000008ca4b098) thrown at [./src/hotspot/share/prims/jni.cpp, line 615]
Event: 24.335 Thread 0x0000020163bbd800 Exception <a 'sun/nio/fs/WindowsException'{0x000000008cae1cb0}> (0x000000008cae1cb0) thrown at [./src/hotspot/share/prims/jni.cpp, line 615]
Event: 24.335 Thread 0x0000020165269000 Exception <a 'sun/nio/fs/WindowsException'{0x000000008cbd3380}> (0x000000008cbd3380) thrown at [./src/hotspot/share/prims/jni.cpp, line 615]
Event: 24.338 Thread 0x0000020165266000 Exception <a 'sun/nio/fs/WindowsException'{0x000000008caed5e8}> (0x000000008caed5e8) thrown at [./src/hotspot/share/prims/jni.cpp, line 615]
Event: 24.338 Thread 0x0000020163bbd000 Exception <a 'sun/nio/fs/WindowsException'{0x000000008caba3c0}> (0x000000008caba3c0) thrown at [./src/hotspot/share/prims/jni.cpp, line 615]
Event: 24.338 Thread 0x0000020165266800 Exception <a 'sun/nio/fs/WindowsException'{0x000000008caa9b40}> (0x000000008caa9b40) thrown at [./src/hotspot/share/prims/jni.cpp, line 615]
Event: 24.342 Thread 0x0000020163bc1800 Exception <a 'sun/nio/fs/WindowsException'{0x000000008c983848}> (0x000000008c983848) thrown at [./src/hotspot/share/prims/jni.cpp, line 615]
Event: 24.344 Thread 0x0000020165268800 Exception <a 'sun/nio/fs/WindowsException'{0x000000008c819518}> (0x000000008c819518) thrown at [./src/hotspot/share/prims/jni.cpp, line 615]
Event: 24.345 Thread 0x0000020165267800 Exception <a 'sun/nio/fs/WindowsException'{0x000000008c958748}> (0x000000008c958748) thrown at [./src/hotspot/share/prims/jni.cpp, line 615]
Event: 24.345 Thread 0x0000020165265000 Exception <a 'sun/nio/fs/WindowsException'{0x000000008c8bf670}> (0x000000008c8bf670) thrown at [./src/hotspot/share/prims/jni.cpp, line 615]
Event: 24.346 Thread 0x0000020163bc3800 Exception <a 'sun/nio/fs/WindowsException'{0x000000008c73c948}> (0x000000008c73c948) thrown at [./src/hotspot/share/prims/jni.cpp, line 615]
Event: 24.355 Thread 0x0000020165265000 Exception <a 'sun/nio/fs/WindowsException'{0x000000008c6abb10}> (0x000000008c6abb10) thrown at [./src/hotspot/share/prims/jni.cpp, line 615]
Event: 24.356 Thread 0x0000020163bc3800 Exception <a 'sun/nio/fs/WindowsException'{0x000000008c6e3ea8}> (0x000000008c6e3ea8) thrown at [./src/hotspot/share/prims/jni.cpp, line 615]
Event: 24.787 Thread 0x0000020164be4000 Exception <a 'java/lang/NoSuchMethodError'{0x000000008d0e63b8}: 'java.lang.Object java.lang.invoke.DirectMethodHandle$Holder.invokeVirtual(java.lang.Object, java.lang.Object, int)'> (0x000000008d0e63b8) thrown at [./src/hotspot/share/interpreter/linkResolver.cpp, line 773]
Event: 24.790 Thread 0x0000020164be4000 Exception <a 'java/lang/NoSuchMethodError'{0x000000008cfa3e08}: 'void java.lang.invoke.DirectMethodHandle$Holder.invokeStatic(java.lang.Object, java.lang.Object, java.lang.Object, int)'> (0x000000008cfa3e08) thrown at [./src/hotspot/share/interpreter/linkResolver.cpp, line 773]
Event: 25.619 Thread 0x0000020164be5000 Exception <a 'java/lang/OutOfMemoryError'{0x000000008f0b83a8}> (0x000000008f0b83a8) thrown at [./src/hotspot/share/prims/jni.cpp, line 636]

Events (20 events):
Event: 24.996 Thread 0x000002015e543000 flushing nmethod 0x0000020147e0bd10
Event: 24.996 Thread 0x000002015e543000 flushing nmethod 0x0000020147e0c610
Event: 24.996 Thread 0x000002015e543000 flushing nmethod 0x0000020147e0f690
Event: 24.996 Thread 0x000002015e543000 flushing nmethod 0x0000020147e10510
Event: 24.996 Thread 0x000002015e543000 flushing nmethod 0x0000020147e12010
Event: 24.996 Thread 0x000002015e543000 flushing nmethod 0x0000020147e16890
Event: 24.996 Thread 0x000002015e543000 flushing nmethod 0x0000020147e1d390
Event: 24.996 Thread 0x000002015e543000 flushing nmethod 0x0000020147e5c890
Event: 25.000 Thread 0x000002015e543000 flushing nmethod 0x0000020148439710
Event: 25.000 Thread 0x000002015e543000 flushing nmethod 0x0000020148458910
Event: 25.000 Thread 0x000002015e543000 flushing nmethod 0x000002014845e010
Event: 25.001 Thread 0x000002015e543000 flushing nmethod 0x000002014859cc10
Event: 25.006 Executing VM operation: ICBufferFull
Event: 25.006 Executing VM operation: ICBufferFull done
Event: 25.422 Executing VM operation: RevokeBias
Event: 25.422 Executing VM operation: RevokeBias done
Event: 25.482 Executing VM operation: G1CollectForAllocation
Event: 25.486 Executing VM operation: G1CollectForAllocation done
Event: 25.619 loading class java/util/zip/DataFormatException
Event: 25.620 loading class java/util/zip/DataFormatException done


Dynamic libraries:
0x00007ff646de0000 - 0x00007ff646dea000 	C:\Program Files\Android\Android Studio\jre\bin\java.exe
0x00007ffc9af90000 - 0x00007ffc9b185000 	C:\WINDOWS\SYSTEM32\ntdll.dll
0x00007ffc9a180000 - 0x00007ffc9a23d000 	C:\WINDOWS\System32\KERNEL32.DLL
0x00007ffc988e0000 - 0x00007ffc98ba9000 	C:\WINDOWS\System32\KERNELBASE.dll
0x00007ffc98d00000 - 0x00007ffc98e00000 	C:\WINDOWS\System32\ucrtbase.dll
0x00007ffc82920000 - 0x00007ffc82937000 	C:\Program Files\Android\Android Studio\jre\bin\VCRUNTIME140.dll
0x00007ffc936c0000 - 0x00007ffc936d9000 	C:\Program Files\Android\Android Studio\jre\bin\jli.dll
0x00007ffc99250000 - 0x00007ffc993f0000 	C:\WINDOWS\System32\USER32.dll
0x00007ffc988b0000 - 0x00007ffc988d2000 	C:\WINDOWS\System32\win32u.dll
0x00007ffc9af20000 - 0x00007ffc9af4a000 	C:\WINDOWS\System32\GDI32.dll
0x00007ffc98e30000 - 0x00007ffc98f3b000 	C:\WINDOWS\System32\gdi32full.dll
0x00007ffc98c60000 - 0x00007ffc98cfd000 	C:\WINDOWS\System32\msvcp_win.dll
0x00007ffc87f90000 - 0x00007ffc8822a000 	C:\WINDOWS\WinSxS\amd64_microsoft.windows.common-controls_6595b64144ccf1df_6.0.19041.844_none_ca00b6081b84eb1d\COMCTL32.dll
0x00007ffc9acd0000 - 0x00007ffc9ad6e000 	C:\WINDOWS\System32\msvcrt.dll
0x00007ffc9a3e0000 - 0x00007ffc9a410000 	C:\WINDOWS\System32\IMM32.DLL
0x00007ffc71cd0000 - 0x00007ffc71d6d000 	C:\Program Files\Android\Android Studio\jre\bin\msvcp140.dll
0x00007ffc4b0a0000 - 0x00007ffc4bb5c000 	C:\Program Files\Android\Android Studio\jre\bin\server\jvm.dll
0x00007ffc993f0000 - 0x00007ffc9949c000 	C:\WINDOWS\System32\ADVAPI32.dll
0x00007ffc9a410000 - 0x00007ffc9a4ac000 	C:\WINDOWS\System32\sechost.dll
0x00007ffc9a5a0000 - 0x00007ffc9a6cb000 	C:\WINDOWS\System32\RPCRT4.dll
0x00007ffc9a240000 - 0x00007ffc9a248000 	C:\WINDOWS\System32\PSAPI.DLL
0x00007ffc937a0000 - 0x00007ffc937a9000 	C:\WINDOWS\SYSTEM32\WSOCK32.dll
0x00007ffc9a4b0000 - 0x00007ffc9a51b000 	C:\WINDOWS\System32\WS2_32.dll
0x00007ffc883e0000 - 0x00007ffc88407000 	C:\WINDOWS\SYSTEM32\WINMM.dll
0x00007ffc8f1a0000 - 0x00007ffc8f1aa000 	C:\WINDOWS\SYSTEM32\VERSION.dll
0x00007ffc96fb0000 - 0x00007ffc96fc2000 	C:\WINDOWS\SYSTEM32\kernel.appcore.dll
0x00007ffc93740000 - 0x00007ffc93751000 	C:\Program Files\Android\Android Studio\jre\bin\verify.dll
0x00007ffc96530000 - 0x00007ffc96714000 	C:\WINDOWS\SYSTEM32\DBGHELP.DLL
0x00007ffc828b0000 - 0x00007ffc828dc000 	C:\WINDOWS\SYSTEM32\dbgcore.DLL
0x00007ffc98830000 - 0x00007ffc988b0000 	C:\WINDOWS\System32\bcryptPrimitives.dll
0x00007ffc84520000 - 0x00007ffc84549000 	C:\Program Files\Android\Android Studio\jre\bin\java.dll
0x00007ffc95c40000 - 0x00007ffc95c4b000 	C:\Program Files\Android\Android Studio\jre\bin\jimage.dll
0x00007ffc92a10000 - 0x00007ffc92a28000 	C:\Program Files\Android\Android Studio\jre\bin\zip.dll
0x00007ffc994a0000 - 0x00007ffc99be2000 	C:\WINDOWS\System32\SHELL32.dll
0x00007ffc96810000 - 0x00007ffc96fa0000 	C:\WINDOWS\SYSTEM32\windows.storage.dll
0x00007ffc99e20000 - 0x00007ffc9a175000 	C:\WINDOWS\System32\combase.dll
0x00007ffc98140000 - 0x00007ffc9816c000 	C:\WINDOWS\SYSTEM32\Wldp.dll
0x00007ffc990c0000 - 0x00007ffc9916e000 	C:\WINDOWS\System32\SHCORE.dll
0x00007ffc9ab80000 - 0x00007ffc9abd5000 	C:\WINDOWS\System32\shlwapi.dll
0x00007ffc98610000 - 0x00007ffc9862f000 	C:\WINDOWS\SYSTEM32\profapi.dll
0x00007ffc929d0000 - 0x00007ffc929ea000 	C:\Program Files\Android\Android Studio\jre\bin\net.dll
0x00007ffc8c8c0000 - 0x00007ffc8c9cc000 	C:\WINDOWS\SYSTEM32\WINHTTP.dll
0x00007ffc97e50000 - 0x00007ffc97eba000 	C:\WINDOWS\system32\mswsock.dll
0x00007ffc84430000 - 0x00007ffc84444000 	C:\Program Files\Android\Android Studio\jre\bin\nio.dll
0x00007ffc77490000 - 0x00007ffc774b7000 	C:\Users\97254\.gradle\native\fdc75f09e3144964f2cf3f50f0aa648679c211496f362492102eb8c894070792\windows-amd64\native-platform.dll
0x00007ffc59890000 - 0x00007ffc59a26000 	C:\Users\97254\.gradle\native\12488b8bf47d2d4c9fbf2f6322a914ad602e24e48041cd04a747c6da556b65c4\windows-amd64\native-platform-file-events.dll
0x00007ffc95c20000 - 0x00007ffc95c2a000 	C:\Program Files\Android\Android Studio\jre\bin\management.dll
0x00007ffc937e0000 - 0x00007ffc937ec000 	C:\Program Files\Android\Android Studio\jre\bin\management_ext.dll
0x00007ffc980a0000 - 0x00007ffc980b8000 	C:\WINDOWS\SYSTEM32\CRYPTSP.dll
0x00007ffc97790000 - 0x00007ffc977c4000 	C:\WINDOWS\system32\rsaenh.dll
0x00007ffc98e00000 - 0x00007ffc98e27000 	C:\WINDOWS\System32\bcrypt.dll
0x00007ffc98590000 - 0x00007ffc985be000 	C:\WINDOWS\SYSTEM32\USERENV.dll
0x00007ffc98090000 - 0x00007ffc9809c000 	C:\WINDOWS\SYSTEM32\CRYPTBASE.dll
0x00007ffc97b40000 - 0x00007ffc97b7b000 	C:\WINDOWS\SYSTEM32\IPHLPAPI.DLL
0x00007ffc9ab70000 - 0x00007ffc9ab78000 	C:\WINDOWS\System32\NSI.dll
0x00007ffc8fb60000 - 0x00007ffc8fb77000 	C:\WINDOWS\SYSTEM32\dhcpcsvc6.DLL
0x00007ffc8fb40000 - 0x00007ffc8fb5d000 	C:\WINDOWS\SYSTEM32\dhcpcsvc.DLL
0x00007ffc97b80000 - 0x00007ffc97c4b000 	C:\WINDOWS\SYSTEM32\DNSAPI.dll
0x00007ffc91130000 - 0x00007ffc9113b000 	C:\WINDOWS\SYSTEM32\WINNSI.DLL
0x00007ffc97420000 - 0x00007ffc97453000 	C:\WINDOWS\SYSTEM32\ntmarta.dll
0x00007ffc62d30000 - 0x00007ffc62ed2000 	C:\Program Files\Android\Android Studio\jre\bin\awt.dll
0x00007ffc98ff0000 - 0x00007ffc990bd000 	C:\WINDOWS\System32\OLEAUT32.dll
0x00007ffc95fa0000 - 0x00007ffc95fcf000 	C:\WINDOWS\SYSTEM32\dwmapi.dll
0x00007ffc95d20000 - 0x00007ffc95db0000 	C:\WINDOWS\SYSTEM32\apphelp.dll
0x00007ffc95dd0000 - 0x00007ffc95e6e000 	C:\WINDOWS\system32\uxtheme.dll

dbghelp: loaded successfully - version: 4.0.5 - missing functions: none
symbol engine: initialized successfully - sym options: 0x614 - pdb path: .;C:\Program Files\Android\Android Studio\jre\bin;C:\WINDOWS\SYSTEM32;C:\WINDOWS\WinSxS\amd64_microsoft.windows.common-controls_6595b64144ccf1df_6.0.19041.844_none_ca00b6081b84eb1d;C:\Program Files\Android\Android Studio\jre\bin\server;C:\Users\97254\.gradle\native\fdc75f09e3144964f2cf3f50f0aa648679c211496f362492102eb8c894070792\windows-amd64;C:\Users\97254\.gradle\native\12488b8bf47d2d4c9fbf2f6322a914ad602e24e48041cd04a747c6da556b65c4\windows-amd64

VM Arguments:
jvm_args: --add-opens=java.base/java.util=ALL-UNNAMED --add-opens=java.base/java.lang=ALL-UNNAMED --add-opens=java.base/java.lang.invoke=ALL-UNNAMED --add-opens=java.prefs/java.util.prefs=ALL-UNNAMED -Xmx2048m -Dfile.encoding=UTF-8 -Duser.country=IL -Duser.language=iw -Duser.variant 
java_command: org.gradle.launcher.daemon.bootstrap.GradleDaemon 6.7.1
java_class_path (initial): C:\Users\97254\.gradle\wrapper\dists\gradle-6.7.1-bin\bwlcbys1h7rz3272sye1xwiv6\gradle-6.7.1\lib\gradle-launcher-6.7.1.jar
Launcher Type: SUN_STANDARD

[Global flags]
     intx CICompilerCount                          = 4                                         {product} {ergonomic}
     uint ConcGCThreads                            = 3                                         {product} {ergonomic}
     uint G1ConcRefinementThreads                  = 10                                        {product} {ergonomic}
   size_t G1HeapRegionSize                         = 1048576                                   {product} {ergonomic}
    uintx GCDrainStackTargetSize                   = 64                                        {product} {ergonomic}
   size_t InitialHeapSize                          = 134217728                                 {product} {ergonomic}
   size_t MarkStackSize                            = 4194304                                   {product} {ergonomic}
   size_t MaxHeapSize                              = 2147483648                                {product} {command line}
   size_t MaxNewSize                               = 1287651328                                {product} {ergonomic}
   size_t MinHeapDeltaBytes                        = 1048576                                   {product} {ergonomic}
    uintx NonNMethodCodeHeapSize                   = 5836300                                {pd product} {ergonomic}
    uintx NonProfiledCodeHeapSize                  = 122910970                              {pd product} {ergonomic}
    uintx ProfiledCodeHeapSize                     = 122910970                              {pd product} {ergonomic}
    uintx ReservedCodeCacheSize                    = 251658240                              {pd product} {ergonomic}
     bool SegmentedCodeCache                       = true                                      {product} {ergonomic}
     bool UseCompressedClassPointers               = true                                 {lp64_product} {ergonomic}
     bool UseCompressedOops                        = true                                 {lp64_product} {ergonomic}
     bool UseG1GC                                  = true                                      {product} {ergonomic}
     bool UseLargePagesIndividualAllocation        = false                                  {pd product} {ergonomic}

Logging:
Log output configuration:
 #0: stdout all=warning uptime,level,tags
 #1: stderr all=off uptime,level,tags

Environment Variables:
PATH=C:\Program Files\AdoptOpenJDK\jdk-11.0.10.9-hotspot\bin;C:\Python38\Scripts\;C:\Python38\;C:\Windows\system32;C:\Windows;C:\Windows\System32\Wbem;C:\Windows\System32\WindowsPowerShell\v1.0\;C:\Windows\System32\OpenSSH\;C:\Program Files (x86)\NVIDIA Corporation\PhysX\Common;C:\Program Files\NVIDIA Corporation\NVIDIA NvDLISR;C:\WINDOWS\system32;C:\WINDOWS;C:\WINDOWS\System32\Wbem;C:\WINDOWS\System32\WindowsPowerShell\v1.0\;C:\WINDOWS\System32\OpenSSH\;C:\Program Files\nodejs\;C:\ProgramData\chocolatey\bin;C:\Users\97254\AppData\Local\Microsoft\WindowsApps;C:\Users\97254\AppData\Roaming\npm;C:\Users\97254\AppData\Local\Programs\Microsoft VS Code\bin;
USERNAME=97254
OS=Windows_NT
PROCESSOR_IDENTIFIER=Intel64 Family 6 Model 158 Stepping 10, GenuineIntel



---------------  S Y S T E M  ---------------

OS: Windows 10 , 64 bit Build 19041 (10.0.19041.804)
OS uptime: 29 days 13:11 hours

CPU:total 12 (initial active 12) (6 cores per cpu, 2 threads per core) family 6 model 158 stepping 10, cmov, cx8, fxsr, mmx, sse, sse2, sse3, ssse3, sse4.1, sse4.2, popcnt, avx, avx2, aes, clmul, erms, 3dnowpref, lzcnt, ht, tsc, tscinvbit, bmi1, bmi2, adx, fma

Memory: 4k page, system-wide physical 8071M (345M free)
TotalPageFile size 32647M (AvailPageFile size 83M)
current process WorkingSet (physical memory assigned to process): 360M, peak: 461M
current process commit charge ("private bytes"): 609M, peak: 694M

vm_info: OpenJDK 64-Bit Server VM (11.0.8+10-b944.6842174) for windows-amd64 JRE (11.0.8+10-b944.6842174), built on Sep 19 2020 01:11:42 by "builder" with MS VC++ 14.0 (VS2015)

END.
