#
# There is insufficient memory for the Java Runtime Environment to continue.
# Native memory allocation (mmap) failed to map 38797312 bytes for Failed to commit area from 0x000000008b900000 to 0x000000008de00000 of length 38797312.
# Possible reasons:
#   The system is out of physical RAM or swap space
#   The process is running with CompressedOops enabled, and the Java Heap may be blocking the growth of the native heap
# Possible solutions:
#   Reduce memory load on the system
#   Increase physical memory or swap space
#   Check if swap backing store is full
#   Decrease Java heap size (-Xmx/-Xms)
#   Decrease number of Java threads
#   Decrease Java thread stack sizes (-Xss)
#   Set larger code cache with -XX:ReservedCodeCacheSize=
#   JVM is running with Unscaled Compressed Oops mode in which the Java heap is
#     placed in the first 4GB address space. The Java Heap base address is the
#     maximum limit for the native heap growth. Please use -XX:HeapBaseMinAddress
#     to set the Java Heap base and to place the Java Heap above 4GB virtual address.
# This output file may be truncated or incomplete.
#
#  Out of Memory Error (./src/hotspot/os/windows/os_windows.cpp:3303), pid=34388, tid=32180
#
# JRE version: OpenJDK Runtime Environment (11.0.8+10) (build 11.0.8+10-b944.6842174)
# Java VM: OpenJDK 64-Bit Server VM (11.0.8+10-b944.6842174, mixed mode, tiered, compressed oops, g1 gc, windows-amd64)
# No core dump will be written. Minidumps are not enabled by default on client versions of Windows
#

---------------  S U M M A R Y ------------

Command Line: --add-opens=java.base/java.util=ALL-UNNAMED --add-opens=java.base/java.lang=ALL-UNNAMED --add-opens=java.base/java.lang.invoke=ALL-UNNAMED --add-opens=java.prefs/java.util.prefs=ALL-UNNAMED -Xmx2048m -Dfile.encoding=UTF-8 -Duser.country=IL -Duser.language=iw -Duser.variant org.gradle.launcher.daemon.bootstrap.GradleDaemon 6.7.1

Host: Intel(R) Core(TM) i7-9750H CPU @ 2.60GHz, 12 cores, 7G,  Windows 10 , 64 bit Build 19041 (10.0.19041.804)
Time: Fri May  7 01:00:14 2021 שעון קיץ ירושלים elapsed time: 10 seconds (0d 0h 0m 10s)

---------------  T H R E A D  ---------------

Current thread (0x000001807a628800):  VMThread "VM Thread" [stack: 0x0000002a38d00000,0x0000002a38e00000] [id=32180]

Stack: [0x0000002a38d00000,0x0000002a38e00000]
[error occurred during error reporting (printing stack bounds), id 0xc0000005, EXCEPTION_ACCESS_VIOLATION (0xc0000005) at pc=0x0000018063120dad]

Native frames: (J=compiled Java code, j=interpreted, Vv=VM code, C=native code)
V  [jvm.dll+0x5de50a]
V  [jvm.dll+0x7122f5]
V  [jvm.dll+0x71384d]
V  [jvm.dll+0x713e65]
V  [jvm.dll+0x713e1b]
V  [jvm.dll+0x5dd958]
V  [jvm.dll+0x5de0f8]
C  [ntdll.dll+0xa1f6f]
C  [ntdll.dll+0x51454]
C  [ntdll.dll+0xa0a9e]
C  0x0000018063120dad

VM_Operation (0x0000002a437fa070): G1CollectForAllocation, mode: safepoint, requested by thread 0x0000018006ca0800


---------------  P R O C E S S  ---------------

Threads class SMR info:
_java_thread_list=0x00000180002add30, length=158, elements={
0x000001805f79b800, 0x000001807a62e800, 0x000001807a637800, 0x000001807afba000,
0x000001807afbc000, 0x000001807afbe000, 0x000001807afc1000, 0x000001807afc3000,
0x000001807b119800, 0x000001807b11d000, 0x000001807d5ac000, 0x000001807b1df800,
0x000001807dd0e800, 0x000001807ca89800, 0x000001807ceec800, 0x000001807bef5800,
0x000001807bef6000, 0x000001807bf8c800, 0x000001807e297800, 0x000001807e298000,
0x000001807d8bc800, 0x000001807d8bb000, 0x000001807d8bd800, 0x000001807d98f800,
0x000001807d8be000, 0x000001807d8bf000, 0x000001807d8ba000, 0x000001807d8bb800,
0x000001807d8b9800, 0x000001807d8c0000, 0x0000018002072000, 0x0000018002077000,
0x0000018002078800, 0x0000018002072800, 0x000001800207a000, 0x0000018002076000,
0x0000018002077800, 0x0000018002079000, 0x0000018002074800, 0x000001800207b000,
0x0000018002075000, 0x000001800207b800, 0x000001800207c800, 0x000001800207d800,
0x000001800207e000, 0x0000018002080800, 0x000001800207f000, 0x0000018002080000,
0x000001807ec35000, 0x000001807ec36000, 0x000001807ec36800, 0x000001807ec33800,
0x000001807ec34000, 0x000001807ec37800, 0x000001807ec32000, 0x000001807ec38800,
0x000001807ec32800, 0x0000018000352000, 0x0000018000353000, 0x000001800034d800,
0x000001800034e000, 0x0000018000354000, 0x0000018000354800, 0x000001800034f000,
0x0000018000350800, 0x0000018000355800, 0x000001800034f800, 0x0000018000357000,
0x0000018000351800, 0x0000018000358000, 0x0000018000358800, 0x0000018000359800,
0x000001800035b000, 0x000001800035c000, 0x0000018000356800, 0x000001800035a800,
0x000001807d715000, 0x000001807d714800, 0x000001807d716000, 0x000001807d717000,
0x000001807d717800, 0x000001807d718800, 0x000001807d719000, 0x000001807d713800,
0x000001807d71d800, 0x000001807d720000, 0x000001807d71f000, 0x000001807d71a000,
0x000001807d720800, 0x000001807d71b000, 0x000001807d721800, 0x000001807d71c800,
0x000001807d71e000, 0x000001807d71b800, 0x000001807d722000, 0x000001807d726000,
0x000001807d724800, 0x000001807d727000, 0x000001807d727800, 0x000001807d728800,
0x000001807d729800, 0x000001807d723800, 0x000001807d72a000, 0x000001807d72b000,
0x000001807d725000, 0x000001807d731800, 0x000001807d72c800, 0x000001807d72f000,
0x000001807d72d800, 0x000001807d730000, 0x000001807d72b800, 0x000001807d730800,
0x000001807d72e000, 0x000001807d732000, 0x0000018000341800, 0x0000018000340800,
0x000001800033e000, 0x000001800033f000, 0x000001800033f800, 0x0000018000342000,
0x0000018000343000, 0x000001800033d800, 0x0000018000344000, 0x0000018000346800,
0x0000018000347000, 0x0000018000348000, 0x0000018000344800, 0x0000018000348800,
0x0000018000349800, 0x000001800034a800, 0x000001800034b000, 0x0000018000345800,
0x000001800034c000, 0x0000018000403000, 0x0000018000400800, 0x0000018000404000,
0x0000018000401800, 0x0000018000402800, 0x00000180003fe800, 0x0000018000405000,
0x00000180003ff000, 0x0000018000405800, 0x0000018000409000, 0x000001800040c000,
0x0000018000408000, 0x0000018000406800, 0x0000018000409800, 0x0000018000407800,
0x000001800040b800, 0x000001800040a800, 0x000001800040d000, 0x0000018006ca2000,
0x0000018006c9e000, 0x0000018006ca0800, 0x0000018006c9f800, 0x0000018006ca3000,
0x0000018006c9f000, 0x0000018006ca1800
}

Java Threads: ( => current thread )
  0x000001805f79b800 JavaThread "main" [_thread_blocked, id=6968, stack(0x0000002a38700000,0x0000002a38800000)]
  0x000001807a62e800 JavaThread "Reference Handler" daemon [_thread_blocked, id=31820, stack(0x0000002a38e00000,0x0000002a38f00000)]
  0x000001807a637800 JavaThread "Finalizer" daemon [_thread_blocked, id=30288, stack(0x0000002a38f00000,0x0000002a39000000)]
  0x000001807afba000 JavaThread "Signal Dispatcher" daemon [_thread_blocked, id=34720, stack(0x0000002a39000000,0x0000002a39100000)]
  0x000001807afbc000 JavaThread "Attach Listener" daemon [_thread_blocked, id=28480, stack(0x0000002a39100000,0x0000002a39200000)]
  0x000001807afbe000 JavaThread "C2 CompilerThread0" daemon [_thread_in_native, id=21688, stack(0x0000002a39200000,0x0000002a39300000)]
  0x000001807afc1000 JavaThread "C1 CompilerThread0" daemon [_thread_blocked, id=25964, stack(0x0000002a39300000,0x0000002a39400000)]
  0x000001807afc3000 JavaThread "Sweeper thread" daemon [_thread_blocked, id=21964, stack(0x0000002a39400000,0x0000002a39500000)]
  0x000001807b119800 JavaThread "Common-Cleaner" daemon [_thread_blocked, id=12636, stack(0x0000002a39500000,0x0000002a39600000)]
  0x000001807b11d000 JavaThread "Service Thread" daemon [_thread_blocked, id=8704, stack(0x0000002a39600000,0x0000002a39700000)]
  0x000001807d5ac000 JavaThread "Daemon health stats" [_thread_blocked, id=38508, stack(0x0000002a39c00000,0x0000002a39d00000)]
  0x000001807b1df800 JavaThread "Incoming local TCP Connector on port 57958" [_thread_in_native, id=17416, stack(0x0000002a39d00000,0x0000002a39e00000)]
  0x000001807dd0e800 JavaThread "Daemon periodic checks" [_thread_blocked, id=22048, stack(0x0000002a39e00000,0x0000002a39f00000)]
  0x000001807ca89800 JavaThread "Daemon" [_thread_blocked, id=15628, stack(0x0000002a39f00000,0x0000002a3a000000)]
  0x000001807ceec800 JavaThread "Handler for socket connection from /127.0.0.1:57958 to /127.0.0.1:57959" [_thread_in_native, id=3948, stack(0x0000002a3a000000,0x0000002a3a100000)]
  0x000001807bef5800 JavaThread "Cancel handler" [_thread_blocked, id=1364, stack(0x0000002a3a100000,0x0000002a3a200000)]
  0x000001807bef6000 JavaThread "Daemon worker" [_thread_blocked, id=12952, stack(0x0000002a3a200000,0x0000002a3a300000)]
  0x000001807bf8c800 JavaThread "Asynchronous log dispatcher for DefaultDaemonConnection: socket connection from /127.0.0.1:57958 to /127.0.0.1:57959" [_thread_blocked, id=17404, stack(0x0000002a3a300000,0x0000002a3a400000)]
  0x000001807e297800 JavaThread "Stdin handler" [_thread_blocked, id=27040, stack(0x0000002a3a400000,0x0000002a3a500000)]
  0x000001807e298000 JavaThread "Thread-8" [_thread_blocked, id=17124, stack(0x0000002a3a500000,0x0000002a3a600000)]
  0x000001807d8bc800 JavaThread "Cache worker for file hash cache (C:\Users\97254\.gradle\caches\6.7.1\fileHashes)" [_thread_blocked, id=8656, stack(0x0000002a3ad00000,0x0000002a3ae00000)]
  0x000001807d8bb000 JavaThread "File lock request listener" [_thread_in_native, id=36172, stack(0x0000002a3ae00000,0x0000002a3af00000)]
  0x000001807d8bd800 JavaThread "Cache worker for journal cache (C:\Users\97254\.gradle\caches\journal-1)" [_thread_blocked, id=14116, stack(0x0000002a3b100000,0x0000002a3b200000)]
  0x000001807d98f800 JavaThread "C2 CompilerThread1" daemon [_thread_in_native, id=35960, stack(0x0000002a3b200000,0x0000002a3b300000)]
  0x000001807d8be000 JavaThread "Cache worker for file hash cache (C:\Users\97254\finalProjectAndroid1\.gradle\6.7.1\fileHashes)" [_thread_blocked, id=37048, stack(0x0000002a3b400000,0x0000002a3b500000)]
  0x000001807d8bf000 JavaThread "Cache worker for checksums cache (C:\Users\97254\finalProjectAndroid1\.gradle\checksums)" [_thread_blocked, id=36944, stack(0x0000002a3b500000,0x0000002a3b600000)]
  0x000001807d8ba000 JavaThread "Cache worker for cache directory md-supplier (C:\Users\97254\.gradle\caches\6.7.1\md-supplier)" [_thread_blocked, id=10688, stack(0x0000002a3b600000,0x0000002a3b700000)]
  0x000001807d8bb800 JavaThread "Cache worker for cache directory md-rule (C:\Users\97254\.gradle\caches\6.7.1\md-rule)" [_thread_blocked, id=38776, stack(0x0000002a3b700000,0x0000002a3b800000)]
  0x000001807d8b9800 JavaThread "Cache worker for execution history cache (C:\Users\97254\.gradle\caches\6.7.1\executionHistory)" [_thread_blocked, id=22472, stack(0x0000002a3b800000,0x0000002a3b900000)]
  0x000001807d8c0000 JavaThread "jar transforms" [_thread_blocked, id=3672, stack(0x0000002a3b900000,0x0000002a3ba00000)]
  0x0000018002072000 JavaThread "Cache worker for file content cache (C:\Users\97254\.gradle\caches\6.7.1\fileContent)" [_thread_blocked, id=12068, stack(0x0000002a3ba00000,0x0000002a3bb00000)]
  0x0000018002077000 JavaThread "Cache worker for Build Output Cleanup Cache (C:\Users\97254\finalProjectAndroid1\.gradle\buildOutputCleanup)" [_thread_blocked, id=28988, stack(0x0000002a3bb00000,0x0000002a3bc00000)]
  0x0000018002078800 JavaThread "Build operations" [_thread_blocked, id=7676, stack(0x0000002a3bc00000,0x0000002a3bd00000)]
  0x0000018002072800 JavaThread "Build operations Thread 2" [_thread_blocked, id=31992, stack(0x0000002a3bd00000,0x0000002a3be00000)]
  0x000001800207a000 JavaThread "Build operations Thread 3" [_thread_blocked, id=29372, stack(0x0000002a3be00000,0x0000002a3bf00000)]
  0x0000018002076000 JavaThread "Build operations Thread 4" [_thread_blocked, id=22188, stack(0x0000002a3bf00000,0x0000002a3c000000)]
  0x0000018002077800 JavaThread "Build operations Thread 5" [_thread_blocked, id=12280, stack(0x0000002a3c000000,0x0000002a3c100000)]
  0x0000018002079000 JavaThread "Build operations Thread 6" [_thread_blocked, id=34548, stack(0x0000002a3c100000,0x0000002a3c200000)]
  0x0000018002074800 JavaThread "Build operations Thread 7" [_thread_blocked, id=38420, stack(0x0000002a3c200000,0x0000002a3c300000)]
  0x000001800207b000 JavaThread "Build operations Thread 8" [_thread_blocked, id=18832, stack(0x0000002a3c300000,0x0000002a3c400000)]
  0x0000018002075000 JavaThread "Build operations Thread 9" [_thread_blocked, id=37768, stack(0x0000002a3c400000,0x0000002a3c500000)]
  0x000001800207b800 JavaThread "Build operations Thread 10" [_thread_blocked, id=21200, stack(0x0000002a3c500000,0x0000002a3c600000)]
  0x000001800207c800 JavaThread "Build operations Thread 11" [_thread_blocked, id=28972, stack(0x0000002a3c600000,0x0000002a3c700000)]
  0x000001800207d800 JavaThread "Build operations Thread 12" [_thread_blocked, id=16908, stack(0x0000002a3c700000,0x0000002a3c800000)]
  0x000001800207e000 JavaThread "jar transforms Thread 2" [_thread_blocked, id=14056, stack(0x0000002a3c800000,0x0000002a3c900000)]
  0x0000018002080800 JavaThread "jar transforms Thread 3" [_thread_blocked, id=28568, stack(0x0000002a3c900000,0x0000002a3ca00000)]
  0x000001800207f000 JavaThread "jar transforms Thread 4" [_thread_blocked, id=39868, stack(0x0000002a3ca00000,0x0000002a3cb00000)]
  0x0000018002080000 JavaThread "jar transforms Thread 5" [_thread_blocked, id=38736, stack(0x0000002a3cb00000,0x0000002a3cc00000)]
  0x000001807ec35000 JavaThread "jar transforms Thread 6" [_thread_blocked, id=38120, stack(0x0000002a3cc00000,0x0000002a3cd00000)]
  0x000001807ec36000 JavaThread "jar transforms Thread 7" [_thread_blocked, id=39128, stack(0x0000002a3cd00000,0x0000002a3ce00000)]
  0x000001807ec36800 JavaThread "jar transforms Thread 8" [_thread_blocked, id=37764, stack(0x0000002a3ce00000,0x0000002a3cf00000)]
  0x000001807ec33800 JavaThread "jar transforms Thread 9" [_thread_blocked, id=28340, stack(0x0000002a3cf00000,0x0000002a3d000000)]
  0x000001807ec34000 JavaThread "jar transforms Thread 10" [_thread_blocked, id=34144, stack(0x0000002a3d000000,0x0000002a3d100000)]
  0x000001807ec37800 JavaThread "jar transforms Thread 11" [_thread_blocked, id=28076, stack(0x0000002a3d100000,0x0000002a3d200000)]
  0x000001807ec32000 JavaThread "jar transforms Thread 12" [_thread_blocked, id=18284, stack(0x0000002a3d200000,0x0000002a3d300000)]
  0x000001807ec38800 JavaThread "jar transforms Thread 13" [_thread_blocked, id=35996, stack(0x0000002a3d300000,0x0000002a3d400000)]
  0x000001807ec32800 JavaThread "jar transforms Thread 14" [_thread_blocked, id=30300, stack(0x0000002a3d400000,0x0000002a3d500000)]
  0x0000018000352000 JavaThread "jar transforms Thread 15" [_thread_blocked, id=10856, stack(0x0000002a3d500000,0x0000002a3d600000)]
  0x0000018000353000 JavaThread "jar transforms Thread 16" [_thread_blocked, id=38616, stack(0x0000002a3d600000,0x0000002a3d700000)]
  0x000001800034d800 JavaThread "jar transforms Thread 17" [_thread_blocked, id=32168, stack(0x0000002a3d700000,0x0000002a3d800000)]
  0x000001800034e000 JavaThread "jar transforms Thread 18" [_thread_blocked, id=31516, stack(0x0000002a3d800000,0x0000002a3d900000)]
  0x0000018000354000 JavaThread "jar transforms Thread 19" [_thread_blocked, id=21908, stack(0x0000002a3d900000,0x0000002a3da00000)]
  0x0000018000354800 JavaThread "jar transforms Thread 20" [_thread_blocked, id=8524, stack(0x0000002a3da00000,0x0000002a3db00000)]
  0x000001800034f000 JavaThread "jar transforms Thread 21" [_thread_blocked, id=22408, stack(0x0000002a3db00000,0x0000002a3dc00000)]
  0x0000018000350800 JavaThread "jar transforms Thread 22" [_thread_blocked, id=6328, stack(0x0000002a3dc00000,0x0000002a3dd00000)]
  0x0000018000355800 JavaThread "jar transforms Thread 23" [_thread_blocked, id=33872, stack(0x0000002a3dd00000,0x0000002a3de00000)]
  0x000001800034f800 JavaThread "jar transforms Thread 24" [_thread_blocked, id=33724, stack(0x0000002a3de00000,0x0000002a3df00000)]
  0x0000018000357000 JavaThread "jar transforms Thread 25" [_thread_blocked, id=39136, stack(0x0000002a3df00000,0x0000002a3e000000)]
  0x0000018000351800 JavaThread "jar transforms Thread 26" [_thread_blocked, id=38228, stack(0x0000002a3e000000,0x0000002a3e100000)]
  0x0000018000358000 JavaThread "jar transforms Thread 27" [_thread_blocked, id=3336, stack(0x0000002a3e100000,0x0000002a3e200000)]
  0x0000018000358800 JavaThread "jar transforms Thread 28" [_thread_blocked, id=33684, stack(0x0000002a3e200000,0x0000002a3e300000)]
  0x0000018000359800 JavaThread "jar transforms Thread 29" [_thread_blocked, id=20732, stack(0x0000002a3e300000,0x0000002a3e400000)]
  0x000001800035b000 JavaThread "jar transforms Thread 30" [_thread_blocked, id=3964, stack(0x0000002a3e400000,0x0000002a3e500000)]
  0x000001800035c000 JavaThread "jar transforms Thread 31" [_thread_blocked, id=23688, stack(0x0000002a3e500000,0x0000002a3e600000)]
  0x0000018000356800 JavaThread "jar transforms Thread 32" [_thread_blocked, id=14444, stack(0x0000002a3e600000,0x0000002a3e700000)]
  0x000001800035a800 JavaThread "jar transforms Thread 33" [_thread_blocked, id=9380, stack(0x0000002a3e700000,0x0000002a3e800000)]
  0x000001807d715000 JavaThread "jar transforms Thread 34" [_thread_blocked, id=28036, stack(0x0000002a3e800000,0x0000002a3e900000)]
  0x000001807d714800 JavaThread "jar transforms Thread 35" [_thread_blocked, id=12912, stack(0x0000002a3e900000,0x0000002a3ea00000)]
  0x000001807d716000 JavaThread "jar transforms Thread 36" [_thread_blocked, id=23908, stack(0x0000002a3ea00000,0x0000002a3eb00000)]
  0x000001807d717000 JavaThread "jar transforms Thread 37" [_thread_blocked, id=36900, stack(0x0000002a3eb00000,0x0000002a3ec00000)]
  0x000001807d717800 JavaThread "jar transforms Thread 38" [_thread_blocked, id=32388, stack(0x0000002a3ec00000,0x0000002a3ed00000)]
  0x000001807d718800 JavaThread "jar transforms Thread 39" [_thread_blocked, id=36052, stack(0x0000002a3ed00000,0x0000002a3ee00000)]
  0x000001807d719000 JavaThread "jar transforms Thread 40" [_thread_blocked, id=30584, stack(0x0000002a3ee00000,0x0000002a3ef00000)]
  0x000001807d713800 JavaThread "jar transforms Thread 41" [_thread_blocked, id=35076, stack(0x0000002a3ef00000,0x0000002a3f000000)]
  0x000001807d71d800 JavaThread "jar transforms Thread 42" [_thread_blocked, id=28456, stack(0x0000002a3f000000,0x0000002a3f100000)]
  0x000001807d720000 JavaThread "jar transforms Thread 43" [_thread_blocked, id=39272, stack(0x0000002a3f100000,0x0000002a3f200000)]
  0x000001807d71f000 JavaThread "jar transforms Thread 44" [_thread_blocked, id=38164, stack(0x0000002a3f200000,0x0000002a3f300000)]
  0x000001807d71a000 JavaThread "jar transforms Thread 45" [_thread_blocked, id=39212, stack(0x0000002a3f300000,0x0000002a3f400000)]
  0x000001807d720800 JavaThread "jar transforms Thread 46" [_thread_blocked, id=11496, stack(0x0000002a3f400000,0x0000002a3f500000)]
  0x000001807d71b000 JavaThread "jar transforms Thread 47" [_thread_blocked, id=29828, stack(0x0000002a3f500000,0x0000002a3f600000)]
  0x000001807d721800 JavaThread "jar transforms Thread 48" [_thread_blocked, id=38668, stack(0x0000002a3f600000,0x0000002a3f700000)]
  0x000001807d71c800 JavaThread "jar transforms Thread 49" [_thread_blocked, id=10468, stack(0x0000002a3f700000,0x0000002a3f800000)]
  0x000001807d71e000 JavaThread "jar transforms Thread 50" [_thread_blocked, id=27008, stack(0x0000002a3f800000,0x0000002a3f900000)]
  0x000001807d71b800 JavaThread "jar transforms Thread 51" [_thread_blocked, id=18320, stack(0x0000002a3f900000,0x0000002a3fa00000)]
  0x000001807d722000 JavaThread "jar transforms Thread 52" [_thread_blocked, id=2952, stack(0x0000002a3fa00000,0x0000002a3fb00000)]
  0x000001807d726000 JavaThread "jar transforms Thread 53" [_thread_blocked, id=7648, stack(0x0000002a3fb00000,0x0000002a3fc00000)]
  0x000001807d724800 JavaThread "jar transforms Thread 54" [_thread_blocked, id=36240, stack(0x0000002a3fc00000,0x0000002a3fd00000)]
  0x000001807d727000 JavaThread "jar transforms Thread 55" [_thread_blocked, id=18208, stack(0x0000002a3fd00000,0x0000002a3fe00000)]
  0x000001807d727800 JavaThread "jar transforms Thread 56" [_thread_blocked, id=13464, stack(0x0000002a3fe00000,0x0000002a3ff00000)]
  0x000001807d728800 JavaThread "jar transforms Thread 57" [_thread_blocked, id=28736, stack(0x0000002a3ff00000,0x0000002a40000000)]
  0x000001807d729800 JavaThread "jar transforms Thread 58" [_thread_blocked, id=7308, stack(0x0000002a40000000,0x0000002a40100000)]
  0x000001807d723800 JavaThread "jar transforms Thread 59" [_thread_blocked, id=28912, stack(0x0000002a40100000,0x0000002a40200000)]
  0x000001807d72a000 JavaThread "jar transforms Thread 60" [_thread_blocked, id=38536, stack(0x0000002a40200000,0x0000002a40300000)]
  0x000001807d72b000 JavaThread "jar transforms Thread 61" [_thread_blocked, id=11200, stack(0x0000002a40300000,0x0000002a40400000)]
  0x000001807d725000 JavaThread "jar transforms Thread 62" [_thread_blocked, id=38432, stack(0x0000002a40400000,0x0000002a40500000)]
  0x000001807d731800 JavaThread "jar transforms Thread 63" [_thread_blocked, id=25220, stack(0x0000002a40500000,0x0000002a40600000)]
  0x000001807d72c800 JavaThread "jar transforms Thread 64" [_thread_blocked, id=21748, stack(0x0000002a40600000,0x0000002a40700000)]
  0x000001807d72f000 JavaThread "jar transforms Thread 65" [_thread_blocked, id=38928, stack(0x0000002a40700000,0x0000002a40800000)]
  0x000001807d72d800 JavaThread "jar transforms Thread 66" [_thread_blocked, id=16664, stack(0x0000002a40800000,0x0000002a40900000)]
  0x000001807d730000 JavaThread "jar transforms Thread 67" [_thread_blocked, id=8356, stack(0x0000002a40900000,0x0000002a40a00000)]
  0x000001807d72b800 JavaThread "jar transforms Thread 68" [_thread_blocked, id=38920, stack(0x0000002a40a00000,0x0000002a40b00000)]
  0x000001807d730800 JavaThread "jar transforms Thread 69" [_thread_blocked, id=37480, stack(0x0000002a40b00000,0x0000002a40c00000)]
  0x000001807d72e000 JavaThread "jar transforms Thread 70" [_thread_blocked, id=25640, stack(0x0000002a40c00000,0x0000002a40d00000)]
  0x000001807d732000 JavaThread "jar transforms Thread 71" [_thread_blocked, id=36572, stack(0x0000002a40d00000,0x0000002a40e00000)]
  0x0000018000341800 JavaThread "jar transforms Thread 72" [_thread_blocked, id=12424, stack(0x0000002a40e00000,0x0000002a40f00000)]
  0x0000018000340800 JavaThread "jar transforms Thread 73" [_thread_blocked, id=8228, stack(0x0000002a40f00000,0x0000002a41000000)]
  0x000001800033e000 JavaThread "jar transforms Thread 74" [_thread_blocked, id=22460, stack(0x0000002a41000000,0x0000002a41100000)]
  0x000001800033f000 JavaThread "jar transforms Thread 75" [_thread_blocked, id=37312, stack(0x0000002a41100000,0x0000002a41200000)]
  0x000001800033f800 JavaThread "jar transforms Thread 76" [_thread_blocked, id=33844, stack(0x0000002a41200000,0x0000002a41300000)]
  0x0000018000342000 JavaThread "jar transforms Thread 77" [_thread_blocked, id=38256, stack(0x0000002a41300000,0x0000002a41400000)]
  0x0000018000343000 JavaThread "jar transforms Thread 78" [_thread_blocked, id=31604, stack(0x0000002a41400000,0x0000002a41500000)]
  0x000001800033d800 JavaThread "jar transforms Thread 79" [_thread_blocked, id=37388, stack(0x0000002a41500000,0x0000002a41600000)]
  0x0000018000344000 JavaThread "jar transforms Thread 80" [_thread_blocked, id=34768, stack(0x0000002a41600000,0x0000002a41700000)]
  0x0000018000346800 JavaThread "jar transforms Thread 81" [_thread_blocked, id=26640, stack(0x0000002a41700000,0x0000002a41800000)]
  0x0000018000347000 JavaThread "jar transforms Thread 82" [_thread_blocked, id=8436, stack(0x0000002a41800000,0x0000002a41900000)]
  0x0000018000348000 JavaThread "jar transforms Thread 83" [_thread_blocked, id=37980, stack(0x0000002a41900000,0x0000002a41a00000)]
  0x0000018000344800 JavaThread "jar transforms Thread 84" [_thread_blocked, id=19496, stack(0x0000002a41a00000,0x0000002a41b00000)]
  0x0000018000348800 JavaThread "jar transforms Thread 85" [_thread_blocked, id=38364, stack(0x0000002a41b00000,0x0000002a41c00000)]
  0x0000018000349800 JavaThread "jar transforms Thread 86" [_thread_blocked, id=26404, stack(0x0000002a41c00000,0x0000002a41d00000)]
  0x000001800034a800 JavaThread "jar transforms Thread 87" [_thread_blocked, id=16288, stack(0x0000002a41d00000,0x0000002a41e00000)]
  0x000001800034b000 JavaThread "jar transforms Thread 88" [_thread_blocked, id=26428, stack(0x0000002a41e00000,0x0000002a41f00000)]
  0x0000018000345800 JavaThread "jar transforms Thread 89" [_thread_blocked, id=18188, stack(0x0000002a41f00000,0x0000002a42000000)]
  0x000001800034c000 JavaThread "jar transforms Thread 90" [_thread_blocked, id=38032, stack(0x0000002a42000000,0x0000002a42100000)]
  0x0000018000403000 JavaThread "jar transforms Thread 91" [_thread_blocked, id=37644, stack(0x0000002a42100000,0x0000002a42200000)]
  0x0000018000400800 JavaThread "jar transforms Thread 92" [_thread_blocked, id=2276, stack(0x0000002a42200000,0x0000002a42300000)]
  0x0000018000404000 JavaThread "jar transforms Thread 93" [_thread_blocked, id=38988, stack(0x0000002a42300000,0x0000002a42400000)]
  0x0000018000401800 JavaThread "jar transforms Thread 94" [_thread_blocked, id=22756, stack(0x0000002a42400000,0x0000002a42500000)]
  0x0000018000402800 JavaThread "jar transforms Thread 95" [_thread_blocked, id=26120, stack(0x0000002a42500000,0x0000002a42600000)]
  0x00000180003fe800 JavaThread "jar transforms Thread 96" [_thread_blocked, id=29276, stack(0x0000002a42600000,0x0000002a42700000)]
  0x0000018000405000 JavaThread "jar transforms Thread 97" [_thread_blocked, id=12076, stack(0x0000002a42700000,0x0000002a42800000)]
  0x00000180003ff000 JavaThread "jar transforms Thread 98" [_thread_blocked, id=7432, stack(0x0000002a42800000,0x0000002a42900000)]
  0x0000018000405800 JavaThread "jar transforms Thread 99" [_thread_blocked, id=38516, stack(0x0000002a42900000,0x0000002a42a00000)]
  0x0000018000409000 JavaThread "Memory manager" [_thread_blocked, id=30088, stack(0x0000002a42c00000,0x0000002a42d00000)]
  0x000001800040c000 JavaThread "build event listener" [_thread_blocked, id=37292, stack(0x0000002a42d00000,0x0000002a42e00000)]
  0x0000018000408000 JavaThread "build event listener" [_thread_blocked, id=6640, stack(0x0000002a42e00000,0x0000002a42f00000)]
  0x0000018000406800 JavaThread "Execution worker for ':'" [_thread_blocked, id=17252, stack(0x0000002a42f00000,0x0000002a43000000)]
  0x0000018000409800 JavaThread "Execution worker for ':' Thread 2" [_thread_blocked, id=30856, stack(0x0000002a43000000,0x0000002a43100000)]
  0x0000018000407800 JavaThread "Execution worker for ':' Thread 3" [_thread_blocked, id=7520, stack(0x0000002a43100000,0x0000002a43200000)]
  0x000001800040b800 JavaThread "Execution worker for ':' Thread 4" [_thread_blocked, id=17268, stack(0x0000002a43200000,0x0000002a43300000)]
  0x000001800040a800 JavaThread "Execution worker for ':' Thread 5" [_thread_blocked, id=25176, stack(0x0000002a43300000,0x0000002a43400000)]
  0x000001800040d000 JavaThread "Execution worker for ':' Thread 6" [_thread_blocked, id=39812, stack(0x0000002a43400000,0x0000002a43500000)]
  0x0000018006ca2000 JavaThread "Execution worker for ':' Thread 7" [_thread_blocked, id=7852, stack(0x0000002a43500000,0x0000002a43600000)]
  0x0000018006c9e000 JavaThread "Execution worker for ':' Thread 8" [_thread_blocked, id=35104, stack(0x0000002a43600000,0x0000002a43700000)]
  0x0000018006ca0800 JavaThread "Execution worker for ':' Thread 9" [_thread_blocked, id=20936, stack(0x0000002a43700000,0x0000002a43800000)]
  0x0000018006c9f800 JavaThread "Execution worker for ':' Thread 10" [_thread_blocked, id=17616, stack(0x0000002a43800000,0x0000002a43900000)]
  0x0000018006ca3000 JavaThread "Execution worker for ':' Thread 11" [_thread_blocked, id=39416, stack(0x0000002a43900000,0x0000002a43a00000)]
  0x0000018006c9f000 JavaThread "Cache worker for execution history cache (C:\Users\97254\finalProjectAndroid1\.gradle\6.7.1\executionHistory)" [_thread_blocked, id=38464, stack(0x0000002a43a00000,0x0000002a43b00000)]
  0x0000018006ca1800 JavaThread "WorkerExecutor Queue" [_thread_blocked, id=34140, stack(0x0000002a3b300000,0x0000002a3b400000)]

Other Threads:
=>0x000001807a628800 VMThread "VM Thread" [stack: 0x0000002a38d00000,0x0000002a38e00000] [id=32180]
  0x000001807b11e000 WatcherThread [stack: 0x0000002a39700000,0x0000002a39800000] [id=37920]
  0x000001805f7b1800 GCTaskThread "GC Thread#0" [stack: 0x0000002a38800000,0x0000002a38900000] [id=22696]
  0x000001807bcf9000 GCTaskThread "GC Thread#1" [stack: 0x0000002a39900000,0x0000002a39a00000] [id=1916]
  0x000001807be2e800 GCTaskThread "GC Thread#2" [stack: 0x0000002a39a00000,0x0000002a39b00000] [id=31500]
  0x000001807b555800 GCTaskThread "GC Thread#3" [stack: 0x0000002a3a600000,0x0000002a3a700000] [id=19576]
  0x000001807d096800 GCTaskThread "GC Thread#4" [stack: 0x0000002a3a700000,0x0000002a3a800000] [id=29948]
  0x000001807c1da800 GCTaskThread "GC Thread#5" [stack: 0x0000002a3a800000,0x0000002a3a900000] [id=13028]
  0x000001807dff4800 GCTaskThread "GC Thread#6" [stack: 0x0000002a3a900000,0x0000002a3aa00000] [id=27476]
  0x000001807e354800 GCTaskThread "GC Thread#7" [stack: 0x0000002a3aa00000,0x0000002a3ab00000] [id=18192]
  0x000001807d5d4000 GCTaskThread "GC Thread#8" [stack: 0x0000002a3ab00000,0x0000002a3ac00000] [id=38996]
  0x000001807c7c2000 GCTaskThread "GC Thread#9" [stack: 0x0000002a3ac00000,0x0000002a3ad00000] [id=35536]
  0x000001805f7e5000 ConcurrentGCThread "G1 Main Marker" [stack: 0x0000002a38900000,0x0000002a38a00000] [id=31436]
  0x000001805f7e8800 ConcurrentGCThread "G1 Conc#0" [stack: 0x0000002a38a00000,0x0000002a38b00000] [id=22108]
  0x000001807e7cc800 ConcurrentGCThread "G1 Conc#1" [stack: 0x0000002a3af00000,0x0000002a3b000000] [id=17148]
  0x000001807c5ad000 ConcurrentGCThread "G1 Conc#2" [stack: 0x0000002a3b000000,0x0000002a3b100000] [id=36736]
  0x000001807a476800 ConcurrentGCThread "G1 Refine#0" [stack: 0x0000002a38b00000,0x0000002a38c00000] [id=5696]
  0x00000180034ab000 ConcurrentGCThread "G1 Refine#1" [stack: 0x0000002a42a00000,0x0000002a42b00000] [id=36412]
  0x000001807d30e000 ConcurrentGCThread "G1 Refine#2" [stack: 0x0000002a42b00000,0x0000002a42c00000] [id=39888]
  0x000001807a477800 ConcurrentGCThread "G1 Young RemSet Sampling" [stack: 0x0000002a38c00000,0x0000002a38d00000] [id=36908]

Threads with active compile tasks:
C2 CompilerThread0  11020 10554       4       com.google.common.io.ByteStreams::copy (51 bytes)
C2 CompilerThread1  11021 10556       4       org.gradle.api.internal.changedetection.state.RuntimeClasspathResourceHasher::hash (23 bytes)

VM state:at safepoint (normal execution)

VM Mutex/Monitor currently owned by a thread:  ([mutex/lock_event])
[0x000001805f797fa0] Threads_lock - owner thread: 0x000001807a628800
[0x000001805f7986f0] Heap_lock - owner thread: 0x0000018006ca0800

Heap address: 0x0000000080000000, size: 2048 MB, Compressed Oops mode: 32-bit
Narrow klass base: 0x0000000000000000, Narrow klass shift: 3
Compressed class space size: 1073741824 Address: 0x0000000100000000

Heap:
 garbage-first heap   total 227328K, used 84278K [0x0000000080000000, 0x0000000100000000)
  region size 1024K, 10 young (10240K), 10 survivors (10240K)
 Metaspace       used 83622K, capacity 85998K, committed 86140K, reserved 1124352K
  class space    used 10837K, capacity 11654K, committed 11776K, reserved 1048576K
Heap Regions: E=young(eden), S=young(survivor), O=old, HS=humongous(starts), HC=humongous(continues), CS=collection set, F=free, A=archive, TAMS=top-at-mark-start (previous, next)
|   0|0x0000000080000000, 0x0000000080100000, 0x0000000080100000|100%| O|  |TAMS 0x0000000080100000, 0x0000000080000000| Untracked 
|   1|0x0000000080100000, 0x0000000080200000, 0x0000000080200000|100%| O|  |TAMS 0x0000000080200000, 0x0000000080100000| Untracked 
|   2|0x0000000080200000, 0x0000000080300000, 0x0000000080300000|100%| O|  |TAMS 0x0000000080300000, 0x0000000080200000| Untracked 
|   3|0x0000000080300000, 0x0000000080400000, 0x0000000080400000|100%|HS|  |TAMS 0x0000000080400000, 0x0000000080300000| Complete 
|   4|0x0000000080400000, 0x0000000080500000, 0x0000000080500000|100%|HC|  |TAMS 0x0000000080500000, 0x0000000080400000| Complete 
|   5|0x0000000080500000, 0x0000000080600000, 0x0000000080600000|100%|HC|  |TAMS 0x0000000080600000, 0x0000000080500000| Complete 
|   6|0x0000000080600000, 0x0000000080700000, 0x0000000080700000|100%| O|  |TAMS 0x0000000080700000, 0x0000000080600000| Untracked 
|   7|0x0000000080700000, 0x0000000080800000, 0x0000000080800000|100%| O|  |TAMS 0x0000000080800000, 0x0000000080700000| Untracked 
|   8|0x0000000080800000, 0x0000000080900000, 0x0000000080900000|100%| O|  |TAMS 0x0000000080900000, 0x0000000080800000| Untracked 
|   9|0x0000000080900000, 0x0000000080a00000, 0x0000000080a00000|100%| O|  |TAMS 0x0000000080a00000, 0x0000000080900000| Untracked 
|  10|0x0000000080a00000, 0x0000000080b00000, 0x0000000080b00000|100%| O|  |TAMS 0x0000000080b00000, 0x0000000080a00000| Untracked 
|  11|0x0000000080b00000, 0x0000000080c00000, 0x0000000080c00000|100%| O|  |TAMS 0x0000000080c00000, 0x0000000080b00000| Untracked 
|  12|0x0000000080c00000, 0x0000000080d00000, 0x0000000080d00000|100%| O|  |TAMS 0x0000000080d00000, 0x0000000080c00000| Untracked 
|  13|0x0000000080d00000, 0x0000000080e00000, 0x0000000080e00000|100%| O|  |TAMS 0x0000000080e00000, 0x0000000080d00000| Untracked 
|  14|0x0000000080e00000, 0x0000000080f00000, 0x0000000080f00000|100%| O|  |TAMS 0x0000000080f00000, 0x0000000080e00000| Untracked 
|  15|0x0000000080f00000, 0x0000000081000000, 0x0000000081000000|100%| O|  |TAMS 0x0000000081000000, 0x0000000080f00000| Untracked 
|  16|0x0000000081000000, 0x0000000081100000, 0x0000000081100000|100%| O|  |TAMS 0x0000000081100000, 0x0000000081000000| Untracked 
|  17|0x0000000081100000, 0x0000000081200000, 0x0000000081200000|100%| O|  |TAMS 0x0000000081200000, 0x0000000081100000| Untracked 
|  18|0x0000000081200000, 0x0000000081300000, 0x0000000081300000|100%| O|  |TAMS 0x0000000081300000, 0x0000000081200000| Untracked 
|  19|0x0000000081300000, 0x0000000081400000, 0x0000000081400000|100%|HS|  |TAMS 0x0000000081400000, 0x0000000081300000| Complete 
|  20|0x0000000081400000, 0x0000000081500000, 0x0000000081500000|100%| O|  |TAMS 0x0000000081500000, 0x0000000081400000| Untracked 
|  21|0x0000000081500000, 0x0000000081600000, 0x0000000081600000|100%| O|  |TAMS 0x0000000081600000, 0x0000000081500000| Untracked 
|  22|0x0000000081600000, 0x0000000081700000, 0x0000000081700000|100%|HS|  |TAMS 0x0000000081700000, 0x0000000081600000| Complete 
|  23|0x0000000081700000, 0x0000000081800000, 0x0000000081800000|100%|HC|  |TAMS 0x0000000081800000, 0x0000000081700000| Complete 
|  24|0x0000000081800000, 0x0000000081900000, 0x0000000081900000|100%| O|  |TAMS 0x0000000081900000, 0x0000000081800000| Untracked 
|  25|0x0000000081900000, 0x0000000081a00000, 0x0000000081a00000|100%| O|  |TAMS 0x0000000081a00000, 0x0000000081900000| Untracked 
|  26|0x0000000081a00000, 0x0000000081b00000, 0x0000000081b00000|100%| O|  |TAMS 0x0000000081b00000, 0x0000000081a00000| Untracked 
|  27|0x0000000081b00000, 0x0000000081c00000, 0x0000000081c00000|100%| O|  |TAMS 0x0000000081b00000, 0x0000000081b00000| Untracked 
|  28|0x0000000081c00000, 0x0000000081d00000, 0x0000000081d00000|100%| O|  |TAMS 0x0000000081d00000, 0x0000000081c00000| Untracked 
|  29|0x0000000081d00000, 0x0000000081e00000, 0x0000000081e00000|100%| O|  |TAMS 0x0000000081e00000, 0x0000000081d00000| Untracked 
|  30|0x0000000081e00000, 0x0000000081f00000, 0x0000000081f00000|100%| O|  |TAMS 0x0000000081f00000, 0x0000000081e00000| Untracked 
|  31|0x0000000081f00000, 0x0000000082000000, 0x0000000082000000|100%| O|  |TAMS 0x0000000082000000, 0x0000000081f00000| Untracked 
|  32|0x0000000082000000, 0x0000000082100000, 0x0000000082100000|100%| O|  |TAMS 0x0000000082100000, 0x0000000082000000| Untracked 
|  33|0x0000000082100000, 0x0000000082200000, 0x0000000082200000|100%| O|  |TAMS 0x0000000082200000, 0x0000000082100000| Untracked 
|  34|0x0000000082200000, 0x0000000082300000, 0x0000000082300000|100%| O|  |TAMS 0x0000000082300000, 0x0000000082200000| Untracked 
|  35|0x0000000082300000, 0x0000000082400000, 0x0000000082400000|100%| O|  |TAMS 0x0000000082400000, 0x0000000082300000| Untracked 
|  36|0x0000000082400000, 0x0000000082500000, 0x0000000082500000|100%| O|  |TAMS 0x0000000082500000, 0x0000000082400000| Untracked 
|  37|0x0000000082500000, 0x0000000082600000, 0x0000000082600000|100%| O|  |TAMS 0x0000000082600000, 0x0000000082500000| Untracked 
|  38|0x0000000082600000, 0x0000000082700000, 0x0000000082700000|100%| O|  |TAMS 0x0000000082658800, 0x0000000082600000| Untracked 
|  39|0x0000000082700000, 0x0000000082800000, 0x0000000082800000|100%| O|  |TAMS 0x0000000082700000, 0x0000000082700000| Untracked 
|  40|0x0000000082800000, 0x0000000082900000, 0x0000000082900000|100%| O|  |TAMS 0x0000000082800000, 0x0000000082800000| Untracked 
|  41|0x0000000082900000, 0x0000000082a00000, 0x0000000082a00000|100%| O|  |TAMS 0x0000000082900000, 0x0000000082900000| Untracked 
|  42|0x0000000082a00000, 0x0000000082b00000, 0x0000000082b00000|100%| O|  |TAMS 0x0000000082a00000, 0x0000000082a00000| Untracked 
|  43|0x0000000082b00000, 0x0000000082c00000, 0x0000000082c00000|100%| O|  |TAMS 0x0000000082b00000, 0x0000000082b00000| Untracked 
|  44|0x0000000082c00000, 0x0000000082d00000, 0x0000000082d00000|100%| O|  |TAMS 0x0000000082c00000, 0x0000000082c00000| Untracked 
|  45|0x0000000082d00000, 0x0000000082e00000, 0x0000000082e00000|100%| O|  |TAMS 0x0000000082d00000, 0x0000000082d00000| Untracked 
|  46|0x0000000082e00000, 0x0000000082f00000, 0x0000000082f00000|100%| O|  |TAMS 0x0000000082e00000, 0x0000000082e00000| Untracked 
|  47|0x0000000082f00000, 0x0000000083000000, 0x0000000083000000|100%| O|  |TAMS 0x0000000082f00000, 0x0000000082f00000| Untracked 
|  48|0x0000000083000000, 0x0000000083100000, 0x0000000083100000|100%| O|  |TAMS 0x0000000083000000, 0x0000000083000000| Untracked 
|  49|0x0000000083100000, 0x0000000083200000, 0x0000000083200000|100%| O|  |TAMS 0x0000000083100000, 0x0000000083100000| Untracked 
|  50|0x0000000083200000, 0x0000000083300000, 0x0000000083300000|100%| O|  |TAMS 0x0000000083200000, 0x0000000083200000| Untracked 
|  51|0x0000000083300000, 0x0000000083400000, 0x0000000083400000|100%| O|  |TAMS 0x0000000083300000, 0x0000000083300000| Untracked 
|  52|0x0000000083400000, 0x0000000083500000, 0x0000000083500000|100%| O|  |TAMS 0x0000000083400000, 0x0000000083400000| Untracked 
|  53|0x0000000083500000, 0x0000000083600000, 0x0000000083600000|100%| O|  |TAMS 0x0000000083500000, 0x0000000083500000| Untracked 
|  54|0x0000000083600000, 0x0000000083700000, 0x0000000083700000|100%| O|  |TAMS 0x0000000083600000, 0x0000000083600000| Untracked 
|  55|0x0000000083700000, 0x0000000083800000, 0x0000000083800000|100%| O|  |TAMS 0x0000000083700000, 0x0000000083700000| Untracked 
|  56|0x0000000083800000, 0x0000000083900000, 0x0000000083900000|100%| O|  |TAMS 0x0000000083800000, 0x0000000083800000| Untracked 
|  57|0x0000000083900000, 0x0000000083a00000, 0x0000000083a00000|100%| O|  |TAMS 0x0000000083900000, 0x0000000083900000| Untracked 
|  58|0x0000000083a00000, 0x0000000083b00000, 0x0000000083b00000|100%|HS|  |TAMS 0x0000000083a00000, 0x0000000083a00000| Complete 
|  59|0x0000000083b00000, 0x0000000083c00000, 0x0000000083c00000|100%|HC|  |TAMS 0x0000000083b00000, 0x0000000083b00000| Complete 
|  60|0x0000000083c00000, 0x0000000083d00000, 0x0000000083d00000|100%| O|  |TAMS 0x0000000083c00000, 0x0000000083c00000| Untracked 
|  61|0x0000000083d00000, 0x0000000083e00000, 0x0000000083e00000|100%| O|  |TAMS 0x0000000083d00000, 0x0000000083d00000| Untracked 
|  62|0x0000000083e00000, 0x0000000083f00000, 0x0000000083f00000|100%| O|  |TAMS 0x0000000083e00000, 0x0000000083e00000| Untracked 
|  63|0x0000000083f00000, 0x0000000084000000, 0x0000000084000000|100%| O|  |TAMS 0x0000000083f00000, 0x0000000083f00000| Untracked 
|  64|0x0000000084000000, 0x0000000084100000, 0x0000000084100000|100%| O|  |TAMS 0x0000000084000000, 0x0000000084000000| Untracked 
|  65|0x0000000084100000, 0x0000000084200000, 0x0000000084200000|100%| O|  |TAMS 0x0000000084100000, 0x0000000084100000| Untracked 
|  66|0x0000000084200000, 0x0000000084300000, 0x0000000084300000|100%| O|  |TAMS 0x0000000084200000, 0x0000000084200000| Untracked 
|  67|0x0000000084300000, 0x0000000084400000, 0x0000000084400000|100%| O|  |TAMS 0x0000000084300000, 0x0000000084300000| Untracked 
|  68|0x0000000084400000, 0x0000000084500000, 0x0000000084500000|100%| O|  |TAMS 0x0000000084400000, 0x0000000084400000| Untracked 
|  69|0x0000000084500000, 0x0000000084600000, 0x0000000084600000|100%| O|  |TAMS 0x0000000084500000, 0x0000000084500000| Untracked 
|  70|0x0000000084600000, 0x0000000084700000, 0x0000000084700000|100%| O|  |TAMS 0x0000000084600000, 0x0000000084600000| Untracked 
|  71|0x0000000084700000, 0x0000000084800000, 0x0000000084800000|100%| O|  |TAMS 0x0000000084700000, 0x0000000084700000| Untracked 
|  72|0x0000000084800000, 0x000000008484d800, 0x0000000084900000| 30%| O|  |TAMS 0x0000000084800000, 0x0000000084800000| Untracked 
|  73|0x0000000084900000, 0x0000000084900000, 0x0000000084a00000|  0%| F|  |TAMS 0x0000000084900000, 0x0000000084900000| Untracked 
|  74|0x0000000084a00000, 0x0000000084a00000, 0x0000000084b00000|  0%| F|  |TAMS 0x0000000084a00000, 0x0000000084a00000| Untracked 
|  75|0x0000000084b00000, 0x0000000084b00000, 0x0000000084c00000|  0%| F|  |TAMS 0x0000000084b00000, 0x0000000084b00000| Untracked 
|  76|0x0000000084c00000, 0x0000000084c00000, 0x0000000084d00000|  0%| F|  |TAMS 0x0000000084c00000, 0x0000000084c00000| Untracked 
|  77|0x0000000084d00000, 0x0000000084d00000, 0x0000000084e00000|  0%| F|  |TAMS 0x0000000084d00000, 0x0000000084d00000| Untracked 
|  78|0x0000000084e00000, 0x0000000084e00000, 0x0000000084f00000|  0%| F|  |TAMS 0x0000000084e00000, 0x0000000084e00000| Untracked 
|  79|0x0000000084f00000, 0x0000000084f00000, 0x0000000085000000|  0%| F|  |TAMS 0x0000000084f00000, 0x0000000084f00000| Untracked 
|  80|0x0000000085000000, 0x0000000085000000, 0x0000000085100000|  0%| F|  |TAMS 0x0000000085000000, 0x0000000085000000| Untracked 
|  81|0x0000000085100000, 0x0000000085100000, 0x0000000085200000|  0%| F|  |TAMS 0x0000000085100000, 0x0000000085100000| Untracked 
|  82|0x0000000085200000, 0x0000000085200000, 0x0000000085300000|  0%| F|  |TAMS 0x0000000085200000, 0x0000000085200000| Untracked 
|  83|0x0000000085300000, 0x0000000085300000, 0x0000000085400000|  0%| F|  |TAMS 0x0000000085300000, 0x0000000085300000| Untracked 
|  84|0x0000000085400000, 0x0000000085400000, 0x0000000085500000|  0%| F|  |TAMS 0x0000000085400000, 0x0000000085400000| Untracked 
|  85|0x0000000085500000, 0x0000000085500000, 0x0000000085600000|  0%| F|  |TAMS 0x0000000085500000, 0x0000000085500000| Untracked 
|  86|0x0000000085600000, 0x0000000085600000, 0x0000000085700000|  0%| F|  |TAMS 0x0000000085600000, 0x0000000085600000| Untracked 
|  87|0x0000000085700000, 0x0000000085700000, 0x0000000085800000|  0%| F|  |TAMS 0x0000000085700000, 0x0000000085700000| Untracked 
|  88|0x0000000085800000, 0x0000000085800000, 0x0000000085900000|  0%| F|  |TAMS 0x0000000085800000, 0x0000000085800000| Untracked 
|  89|0x0000000085900000, 0x0000000085900000, 0x0000000085a00000|  0%| F|  |TAMS 0x0000000085900000, 0x0000000085900000| Untracked 
|  90|0x0000000085a00000, 0x0000000085a00000, 0x0000000085b00000|  0%| F|  |TAMS 0x0000000085a00000, 0x0000000085a00000| Untracked 
|  91|0x0000000085b00000, 0x0000000085b00000, 0x0000000085c00000|  0%| F|  |TAMS 0x0000000085b00000, 0x0000000085b00000| Untracked 
|  92|0x0000000085c00000, 0x0000000085c00000, 0x0000000085d00000|  0%| F|  |TAMS 0x0000000085c00000, 0x0000000085c00000| Untracked 
|  93|0x0000000085d00000, 0x0000000085d00000, 0x0000000085e00000|  0%| F|  |TAMS 0x0000000085d00000, 0x0000000085d00000| Untracked 
|  94|0x0000000085e00000, 0x0000000085e00000, 0x0000000085f00000|  0%| F|  |TAMS 0x0000000085e00000, 0x0000000085e00000| Untracked 
|  95|0x0000000085f00000, 0x0000000085f00000, 0x0000000086000000|  0%| F|  |TAMS 0x0000000085f00000, 0x0000000085f00000| Untracked 
|  96|0x0000000086000000, 0x0000000086000000, 0x0000000086100000|  0%| F|  |TAMS 0x0000000086000000, 0x0000000086000000| Untracked 
|  97|0x0000000086100000, 0x0000000086100000, 0x0000000086200000|  0%| F|  |TAMS 0x0000000086100000, 0x0000000086100000| Untracked 
|  98|0x0000000086200000, 0x0000000086200000, 0x0000000086300000|  0%| F|  |TAMS 0x0000000086200000, 0x0000000086200000| Untracked 
|  99|0x0000000086300000, 0x0000000086300000, 0x0000000086400000|  0%| F|  |TAMS 0x0000000086300000, 0x0000000086300000| Untracked 
| 100|0x0000000086400000, 0x0000000086400000, 0x0000000086500000|  0%| F|  |TAMS 0x0000000086400000, 0x0000000086400000| Untracked 
| 101|0x0000000086500000, 0x0000000086500000, 0x0000000086600000|  0%| F|  |TAMS 0x0000000086500000, 0x0000000086500000| Untracked 
| 102|0x0000000086600000, 0x0000000086600000, 0x0000000086700000|  0%| F|  |TAMS 0x0000000086600000, 0x0000000086600000| Untracked 
| 103|0x0000000086700000, 0x0000000086700000, 0x0000000086800000|  0%| F|  |TAMS 0x0000000086700000, 0x0000000086700000| Untracked 
| 104|0x0000000086800000, 0x0000000086800000, 0x0000000086900000|  0%| F|  |TAMS 0x0000000086800000, 0x0000000086800000| Untracked 
| 105|0x0000000086900000, 0x0000000086a00000, 0x0000000086a00000|100%| S|CS|TAMS 0x0000000086900000, 0x0000000086900000| Complete 
| 106|0x0000000086a00000, 0x0000000086b00000, 0x0000000086b00000|100%| S|CS|TAMS 0x0000000086a00000, 0x0000000086a00000| Complete 
| 107|0x0000000086b00000, 0x0000000086c00000, 0x0000000086c00000|100%| S|CS|TAMS 0x0000000086b00000, 0x0000000086b00000| Complete 
| 108|0x0000000086c00000, 0x0000000086d00000, 0x0000000086d00000|100%| S|CS|TAMS 0x0000000086c00000, 0x0000000086c00000| Complete 
| 109|0x0000000086d00000, 0x0000000086e00000, 0x0000000086e00000|100%| S|CS|TAMS 0x0000000086d00000, 0x0000000086d00000| Complete 
| 110|0x0000000086e00000, 0x0000000086f00000, 0x0000000086f00000|100%| S|CS|TAMS 0x0000000086e00000, 0x0000000086e00000| Complete 
| 111|0x0000000086f00000, 0x0000000087000000, 0x0000000087000000|100%| S|CS|TAMS 0x0000000086f00000, 0x0000000086f00000| Complete 
| 112|0x0000000087000000, 0x0000000087100000, 0x0000000087100000|100%| S|CS|TAMS 0x0000000087000000, 0x0000000087000000| Complete 
| 113|0x0000000087100000, 0x0000000087200000, 0x0000000087200000|100%| S|CS|TAMS 0x0000000087100000, 0x0000000087100000| Complete 
| 114|0x0000000087200000, 0x0000000087300000, 0x0000000087300000|100%| S|CS|TAMS 0x0000000087200000, 0x0000000087200000| Complete 
| 115|0x0000000087300000, 0x0000000087300000, 0x0000000087400000|  0%| F|  |TAMS 0x0000000087300000, 0x0000000087300000| Untracked 
| 116|0x0000000087400000, 0x0000000087400000, 0x0000000087500000|  0%| F|  |TAMS 0x0000000087400000, 0x0000000087400000| Untracked 
| 117|0x0000000087500000, 0x0000000087500000, 0x0000000087600000|  0%| F|  |TAMS 0x0000000087500000, 0x0000000087500000| Untracked 
| 118|0x0000000087600000, 0x0000000087600000, 0x0000000087700000|  0%| F|  |TAMS 0x0000000087600000, 0x0000000087600000| Untracked 
| 119|0x0000000087700000, 0x0000000087700000, 0x0000000087800000|  0%| F|  |TAMS 0x0000000087700000, 0x0000000087700000| Untracked 
| 120|0x0000000087800000, 0x0000000087800000, 0x0000000087900000|  0%| F|  |TAMS 0x0000000087800000, 0x0000000087800000| Untracked 
| 121|0x0000000087900000, 0x0000000087900000, 0x0000000087a00000|  0%| F|  |TAMS 0x0000000087900000, 0x0000000087900000| Untracked 
| 122|0x0000000087a00000, 0x0000000087a00000, 0x0000000087b00000|  0%| F|  |TAMS 0x0000000087a00000, 0x0000000087a00000| Untracked 
| 123|0x0000000087b00000, 0x0000000087b00000, 0x0000000087c00000|  0%| F|  |TAMS 0x0000000087b00000, 0x0000000087b00000| Untracked 
| 124|0x0000000087c00000, 0x0000000087c00000, 0x0000000087d00000|  0%| F|  |TAMS 0x0000000087c00000, 0x0000000087c00000| Untracked 
| 125|0x0000000087d00000, 0x0000000087d00000, 0x0000000087e00000|  0%| F|  |TAMS 0x0000000087d00000, 0x0000000087d00000| Untracked 
| 126|0x0000000087e00000, 0x0000000087e00000, 0x0000000087f00000|  0%| F|  |TAMS 0x0000000087e00000, 0x0000000087e00000| Untracked 
| 127|0x0000000087f00000, 0x0000000087f00000, 0x0000000088000000|  0%| F|  |TAMS 0x0000000087f00000, 0x0000000087f00000| Untracked 
| 128|0x0000000088000000, 0x0000000088000000, 0x0000000088100000|  0%| F|  |TAMS 0x0000000088000000, 0x0000000088000000| Untracked 
| 129|0x0000000088100000, 0x0000000088100000, 0x0000000088200000|  0%| F|  |TAMS 0x0000000088100000, 0x0000000088100000| Untracked 
| 130|0x0000000088200000, 0x0000000088200000, 0x0000000088300000|  0%| F|  |TAMS 0x0000000088200000, 0x0000000088200000| Untracked 
| 131|0x0000000088300000, 0x0000000088300000, 0x0000000088400000|  0%| F|  |TAMS 0x0000000088300000, 0x0000000088300000| Untracked 
| 132|0x0000000088400000, 0x0000000088400000, 0x0000000088500000|  0%| F|  |TAMS 0x0000000088400000, 0x0000000088400000| Untracked 
| 133|0x0000000088500000, 0x0000000088500000, 0x0000000088600000|  0%| F|  |TAMS 0x0000000088500000, 0x0000000088500000| Untracked 
| 134|0x0000000088600000, 0x0000000088600000, 0x0000000088700000|  0%| F|  |TAMS 0x0000000088600000, 0x0000000088600000| Untracked 
| 135|0x0000000088700000, 0x0000000088700000, 0x0000000088800000|  0%| F|  |TAMS 0x0000000088700000, 0x0000000088700000| Untracked 
| 136|0x0000000088800000, 0x0000000088800000, 0x0000000088900000|  0%| F|  |TAMS 0x0000000088800000, 0x0000000088800000| Untracked 
| 137|0x0000000088900000, 0x0000000088900000, 0x0000000088a00000|  0%| F|  |TAMS 0x0000000088900000, 0x0000000088900000| Untracked 
| 138|0x0000000088a00000, 0x0000000088a00000, 0x0000000088b00000|  0%| F|  |TAMS 0x0000000088a00000, 0x0000000088a00000| Untracked 
| 139|0x0000000088b00000, 0x0000000088b00000, 0x0000000088c00000|  0%| F|  |TAMS 0x0000000088b00000, 0x0000000088b00000| Untracked 
| 140|0x0000000088c00000, 0x0000000088c00000, 0x0000000088d00000|  0%| F|  |TAMS 0x0000000088c00000, 0x0000000088c00000| Untracked 
| 141|0x0000000088d00000, 0x0000000088d00000, 0x0000000088e00000|  0%| F|  |TAMS 0x0000000088d00000, 0x0000000088d00000| Untracked 
| 142|0x0000000088e00000, 0x0000000088e00000, 0x0000000088f00000|  0%| F|  |TAMS 0x0000000088e00000, 0x0000000088e00000| Untracked 
| 143|0x0000000088f00000, 0x0000000088f00000, 0x0000000089000000|  0%| F|  |TAMS 0x0000000088f00000, 0x0000000088f00000| Untracked 
| 144|0x0000000089000000, 0x0000000089000000, 0x0000000089100000|  0%| F|  |TAMS 0x0000000089000000, 0x0000000089000000| Untracked 
| 145|0x0000000089100000, 0x0000000089100000, 0x0000000089200000|  0%| F|  |TAMS 0x0000000089100000, 0x0000000089100000| Untracked 
| 146|0x0000000089200000, 0x0000000089200000, 0x0000000089300000|  0%| F|  |TAMS 0x0000000089200000, 0x0000000089200000| Untracked 
| 147|0x0000000089300000, 0x0000000089300000, 0x0000000089400000|  0%| F|  |TAMS 0x0000000089300000, 0x0000000089300000| Untracked 
| 148|0x0000000089400000, 0x0000000089400000, 0x0000000089500000|  0%| F|  |TAMS 0x0000000089400000, 0x0000000089400000| Untracked 
| 149|0x0000000089500000, 0x0000000089500000, 0x0000000089600000|  0%| F|  |TAMS 0x0000000089500000, 0x0000000089500000| Untracked 
| 150|0x0000000089600000, 0x0000000089600000, 0x0000000089700000|  0%| F|  |TAMS 0x0000000089600000, 0x0000000089600000| Untracked 
| 151|0x0000000089700000, 0x0000000089700000, 0x0000000089800000|  0%| F|  |TAMS 0x0000000089700000, 0x0000000089700000| Untracked 
| 152|0x0000000089800000, 0x0000000089800000, 0x0000000089900000|  0%| F|  |TAMS 0x0000000089800000, 0x0000000089800000| Untracked 
| 153|0x0000000089900000, 0x0000000089900000, 0x0000000089a00000|  0%| F|  |TAMS 0x0000000089900000, 0x0000000089900000| Untracked 
| 154|0x0000000089a00000, 0x0000000089a00000, 0x0000000089b00000|  0%| F|  |TAMS 0x0000000089a00000, 0x0000000089a00000| Untracked 
| 155|0x0000000089b00000, 0x0000000089b00000, 0x0000000089c00000|  0%| F|  |TAMS 0x0000000089b00000, 0x0000000089b00000| Untracked 
| 156|0x0000000089c00000, 0x0000000089c00000, 0x0000000089d00000|  0%| F|  |TAMS 0x0000000089c00000, 0x0000000089c00000| Untracked 
| 157|0x0000000089d00000, 0x0000000089d00000, 0x0000000089e00000|  0%| F|  |TAMS 0x0000000089d00000, 0x0000000089d00000| Untracked 
| 158|0x0000000089e00000, 0x0000000089e00000, 0x0000000089f00000|  0%| F|  |TAMS 0x0000000089e00000, 0x0000000089e00000| Untracked 
| 159|0x0000000089f00000, 0x0000000089f00000, 0x000000008a000000|  0%| F|  |TAMS 0x0000000089f00000, 0x0000000089f00000| Untracked 
| 160|0x000000008a000000, 0x000000008a000000, 0x000000008a100000|  0%| F|  |TAMS 0x000000008a000000, 0x000000008a000000| Untracked 
| 161|0x000000008a100000, 0x000000008a100000, 0x000000008a200000|  0%| F|  |TAMS 0x000000008a100000, 0x000000008a100000| Untracked 
| 162|0x000000008a200000, 0x000000008a200000, 0x000000008a300000|  0%| F|  |TAMS 0x000000008a200000, 0x000000008a200000| Untracked 
| 163|0x000000008a300000, 0x000000008a300000, 0x000000008a400000|  0%| F|  |TAMS 0x000000008a300000, 0x000000008a300000| Untracked 
| 164|0x000000008a400000, 0x000000008a400000, 0x000000008a500000|  0%| F|  |TAMS 0x000000008a400000, 0x000000008a400000| Untracked 
| 165|0x000000008a500000, 0x000000008a500000, 0x000000008a600000|  0%| F|  |TAMS 0x000000008a500000, 0x000000008a500000| Untracked 
| 166|0x000000008a600000, 0x000000008a600000, 0x000000008a700000|  0%| F|  |TAMS 0x000000008a600000, 0x000000008a600000| Untracked 
| 167|0x000000008a700000, 0x000000008a700000, 0x000000008a800000|  0%| F|  |TAMS 0x000000008a700000, 0x000000008a700000| Untracked 
| 168|0x000000008a800000, 0x000000008a800000, 0x000000008a900000|  0%| F|  |TAMS 0x000000008a800000, 0x000000008a800000| Untracked 
| 169|0x000000008a900000, 0x000000008a900000, 0x000000008aa00000|  0%| F|  |TAMS 0x000000008a900000, 0x000000008a900000| Untracked 
| 170|0x000000008aa00000, 0x000000008aa00000, 0x000000008ab00000|  0%| F|  |TAMS 0x000000008aa00000, 0x000000008aa00000| Untracked 
| 171|0x000000008ab00000, 0x000000008ab00000, 0x000000008ac00000|  0%| F|  |TAMS 0x000000008ab00000, 0x000000008ab00000| Untracked 
| 172|0x000000008ac00000, 0x000000008ac00000, 0x000000008ad00000|  0%| F|  |TAMS 0x000000008ac00000, 0x000000008ac00000| Untracked 
| 173|0x000000008ad00000, 0x000000008ad00000, 0x000000008ae00000|  0%| F|  |TAMS 0x000000008ad00000, 0x000000008ad00000| Untracked 
| 174|0x000000008ae00000, 0x000000008ae00000, 0x000000008af00000|  0%| F|  |TAMS 0x000000008ae00000, 0x000000008ae00000| Untracked 
| 175|0x000000008af00000, 0x000000008af00000, 0x000000008b000000|  0%| F|  |TAMS 0x000000008af00000, 0x000000008af00000| Untracked 
| 176|0x000000008b000000, 0x000000008b000000, 0x000000008b100000|  0%| F|  |TAMS 0x000000008b000000, 0x000000008b000000| Untracked 
| 177|0x000000008b100000, 0x000000008b100000, 0x000000008b200000|  0%| F|  |TAMS 0x000000008b100000, 0x000000008b100000| Untracked 
| 178|0x000000008b200000, 0x000000008b200000, 0x000000008b300000|  0%| F|  |TAMS 0x000000008b200000, 0x000000008b200000| Untracked 
| 179|0x000000008b300000, 0x000000008b300000, 0x000000008b400000|  0%| F|  |TAMS 0x000000008b300000, 0x000000008b300000| Untracked 
| 180|0x000000008b400000, 0x000000008b400000, 0x000000008b500000|  0%| F|  |TAMS 0x000000008b400000, 0x000000008b400000| Untracked 
| 181|0x000000008b500000, 0x000000008b500000, 0x000000008b600000|  0%| F|  |TAMS 0x000000008b500000, 0x000000008b500000| Untracked 
| 182|0x000000008b600000, 0x000000008b600000, 0x000000008b700000|  0%| F|  |TAMS 0x000000008b600000, 0x000000008b600000| Untracked 
| 183|0x000000008b700000, 0x000000008b700000, 0x000000008b800000|  0%| F|  |TAMS 0x000000008b700000, 0x000000008b700000| Untracked 
| 184|0x000000008b800000, 0x000000008b800000, 0x000000008b900000|  0%| F|  |TAMS 0x000000008b800000, 0x000000008b800000| Untracked 

Card table byte_map: [0x00000180731a0000,0x00000180735a0000] _byte_map_base: 0x0000018072da0000

Marking Bits (Prev, Next): (CMBitMap*) 0x000001805f7dc6d0, (CMBitMap*) 0x000001805f7dc698
 Prev Bits: [0x00000180759a0000, 0x00000180779a0000)
 Next Bits: [0x00000180739a0000, 0x00000180759a0000)

Polling page: 0x000001805df10000

Metaspace:

Usage:
  Non-class:     72.60 MB capacity,    71.08 MB ( 98%) used,     1.29 MB (  2%) free+waste,   236.69 KB ( <1%) overhead. 
      Class:     11.38 MB capacity,    10.58 MB ( 93%) used,   708.55 KB (  6%) free+waste,   107.63 KB ( <1%) overhead. 
       Both:     83.98 MB capacity,    81.66 MB ( 97%) used,     1.98 MB (  2%) free+waste,   344.31 KB ( <1%) overhead. 

Virtual space:
  Non-class space:       74.00 MB reserved,      72.62 MB ( 98%) committed 
      Class space:        1.00 GB reserved,      11.50 MB (  1%) committed 
             Both:        1.07 GB reserved,      84.12 MB (  8%) committed 

Chunk freelists:
   Non-Class:  20.00 KB
       Class:  0 bytes
        Both:  20.00 KB

MaxMetaspaceSize: 17179869184.00 GB
CompressedClassSpaceSize: 1.00 GB

CodeHeap 'non-profiled nmethods': size=120000Kb used=6085Kb max_used=6085Kb free=113914Kb
 bounds [0x000001806abf0000, 0x000001806b1f0000, 0x0000018072120000]
CodeHeap 'profiled nmethods': size=120000Kb used=21796Kb max_used=21796Kb free=98203Kb
 bounds [0x00000180636c0000, 0x0000018064c10000, 0x000001806abf0000]
CodeHeap 'non-nmethods': size=5760Kb used=2256Kb max_used=2315Kb free=3503Kb
 bounds [0x0000018063120000, 0x0000018063390000, 0x00000180636c0000]
 total_blobs=11109 nmethods=10260 adapters=760
 compilation: enabled
              stopped_count=0, restarted_count=0
 full_count=0

Compilation events (20 events):
Event: 10.870 Thread 0x000001807afc1000 10544       3       java.io.InputStream::read (9 bytes)
Event: 10.870 Thread 0x000001807afc1000 nmethod 10544 0x0000018064c0b790 code [0x0000018064c0b940, 0x0000018064c0bb08]
Event: 10.875 Thread 0x000001807afbe000 10545       4       com.google.common.io.ByteStreams$1::write (6 bytes)
Event: 10.876 Thread 0x000001807d98f800 10546       4       org.gradle.internal.hash.HashingOutputStream::write (23 bytes)
Event: 10.876 Thread 0x000001807afbe000 nmethod 10545 0x000001806b1daa10 code [0x000001806b1daba0, 0x000001806b1dac18]
Event: 10.876 Thread 0x000001807afbe000 10547       4       org.gradle.api.internal.changedetection.state.ZipHasher::isZipFile (19 bytes)
Event: 10.878 Thread 0x000001807d98f800 nmethod 10546 0x000001806b1dad10 code [0x000001806b1daec0, 0x000001806b1db058]
Event: 10.884 Thread 0x000001807d98f800 10548       4       org.gradle.api.internal.changedetection.state.ZipEntryContext::<init> (20 bytes)
Event: 10.888 Thread 0x000001807d98f800 nmethod 10548 0x000001806b1db310 code [0x000001806b1db4a0, 0x000001806b1db758]
Event: 10.888 Thread 0x000001807d98f800 10549       4       org.gradle.api.internal.changedetection.state.ZipHasher$ZipEntryRelativePath::<init> (6 bytes)
Event: 10.889 Thread 0x000001807d98f800 nmethod 10549 0x000001806b1db810 code [0x000001806b1db9a0, 0x000001806b1dbad8]
Event: 10.889 Thread 0x000001807d98f800 10550       4       org.gradle.api.internal.changedetection.state.MetaInfAwareClasspathResourceHasher::hash (60 bytes)
Event: 10.919 Thread 0x000001807afbe000 nmethod 10547 0x000001806b1dbb90 code [0x000001806b1dbda0, 0x000001806b1dd1b8]
Event: 10.919 Thread 0x000001807afbe000 10551   !   4       java.util.zip.ZipFile$Source::readFullyAt (74 bytes)
Event: 10.924 Thread 0x000001807afbe000 nmethod 10551 0x000001806b1ddc90 code [0x000001806b1dde40, 0x000001806b1de378]
Event: 10.924 Thread 0x000001807afbe000 10553       4       org.gradle.api.internal.file.archive.impl.JdkZipEntry::isDirectory (8 bytes)
Event: 10.926 Thread 0x000001807afbe000 nmethod 10553 0x000001806b1de710 code [0x000001806b1de8a0, 0x000001806b1de998]
Event: 10.926 Thread 0x000001807afbe000 10554       4       com.google.common.io.ByteStreams::copy (51 bytes)
Event: 10.935 Thread 0x000001807d98f800 nmethod 10550 0x000001806b1deb10 code [0x000001806b1dee00, 0x000001806b1e0120]
Event: 10.935 Thread 0x000001807d98f800 10556       4       org.gradle.api.internal.changedetection.state.RuntimeClasspathResourceHasher::hash (23 bytes)

GC Heap History (20 events):
Event: 4.613 GC heap after
{Heap after GC invocations=9 (full 0):
 garbage-first heap   total 157696K, used 27184K [0x0000000080000000, 0x0000000100000000)
  region size 1024K, 6 young (6144K), 6 survivors (6144K)
 Metaspace       used 44245K, capacity 45366K, committed 45436K, reserved 1089536K
  class space    used 5682K, capacity 6076K, committed 6144K, reserved 1048576K
}
Event: 5.514 GC heap before
{Heap before GC invocations=9 (full 0):
 garbage-first heap   total 157696K, used 106032K [0x0000000080000000, 0x0000000100000000)
  region size 1024K, 81 young (82944K), 6 survivors (6144K)
 Metaspace       used 53341K, capacity 54648K, committed 54780K, reserved 1097728K
  class space    used 6803K, capacity 7252K, committed 7296K, reserved 1048576K
}
Event: 5.523 GC heap after
{Heap after GC invocations=10 (full 0):
 garbage-first heap   total 157696K, used 38753K [0x0000000080000000, 0x0000000100000000)
  region size 1024K, 11 young (11264K), 11 survivors (11264K)
 Metaspace       used 53341K, capacity 54648K, committed 54780K, reserved 1097728K
  class space    used 6803K, capacity 7252K, committed 7296K, reserved 1048576K
}
Event: 6.097 GC heap before
{Heap before GC invocations=10 (full 0):
 garbage-first heap   total 157696K, used 80737K [0x0000000080000000, 0x0000000100000000)
  region size 1024K, 53 young (54272K), 11 survivors (11264K)
 Metaspace       used 58292K, capacity 59805K, committed 59940K, reserved 1101824K
  class space    used 7415K, capacity 7936K, committed 7936K, reserved 1048576K
}
Event: 6.117 GC heap after
{Heap after GC invocations=11 (full 0):
 garbage-first heap   total 157696K, used 42682K [0x0000000080000000, 0x0000000100000000)
  region size 1024K, 5 young (5120K), 5 survivors (5120K)
 Metaspace       used 58292K, capacity 59805K, committed 59940K, reserved 1101824K
  class space    used 7415K, capacity 7936K, committed 7936K, reserved 1048576K
}
Event: 6.727 GC heap before
{Heap before GC invocations=12 (full 0):
 garbage-first heap   total 157696K, used 104122K [0x0000000080000000, 0x0000000100000000)
  region size 1024K, 65 young (66560K), 5 survivors (5120K)
 Metaspace       used 62413K, capacity 63929K, committed 64124K, reserved 1105920K
  class space    used 8042K, capacity 8560K, committed 8704K, reserved 1048576K
}
Event: 6.734 GC heap after
{Heap after GC invocations=13 (full 0):
 garbage-first heap   total 157696K, used 46601K [0x0000000080000000, 0x0000000100000000)
  region size 1024K, 9 young (9216K), 9 survivors (9216K)
 Metaspace       used 62413K, capacity 63929K, committed 64124K, reserved 1105920K
  class space    used 8042K, capacity 8560K, committed 8704K, reserved 1048576K
}
Event: 7.410 GC heap before
{Heap before GC invocations=13 (full 0):
 garbage-first heap   total 157696K, used 108041K [0x0000000080000000, 0x0000000100000000)
  region size 1024K, 69 young (70656K), 9 survivors (9216K)
 Metaspace       used 66186K, capacity 67756K, committed 67964K, reserved 1107968K
  class space    used 8654K, capacity 9182K, committed 9216K, reserved 1048576K
}
Event: 7.419 GC heap after
{Heap after GC invocations=14 (full 0):
 garbage-first heap   total 157696K, used 51414K [0x0000000080000000, 0x0000000100000000)
  region size 1024K, 9 young (9216K), 9 survivors (9216K)
 Metaspace       used 66186K, capacity 67756K, committed 67964K, reserved 1107968K
  class space    used 8654K, capacity 9182K, committed 9216K, reserved 1048576K
}
Event: 7.957 GC heap before
{Heap before GC invocations=14 (full 0):
 garbage-first heap   total 157696K, used 111830K [0x0000000080000000, 0x0000000100000000)
  region size 1024K, 69 young (70656K), 9 survivors (9216K)
 Metaspace       used 69036K, capacity 70984K, committed 71164K, reserved 1110016K
  class space    used 9094K, capacity 9778K, committed 9856K, reserved 1048576K
}
Event: 7.967 GC heap after
{Heap after GC invocations=15 (full 0):
 garbage-first heap   total 189440K, used 56061K [0x0000000080000000, 0x0000000100000000)
  region size 1024K, 5 young (5120K), 5 survivors (5120K)
 Metaspace       used 69036K, capacity 70984K, committed 71164K, reserved 1110016K
  class space    used 9094K, capacity 9778K, committed 9856K, reserved 1048576K
}
Event: 8.574 GC heap before
{Heap before GC invocations=15 (full 0):
 garbage-first heap   total 189440K, used 128765K [0x0000000080000000, 0x0000000100000000)
  region size 1024K, 76 young (77824K), 5 survivors (5120K)
 Metaspace       used 72067K, capacity 74039K, committed 74364K, reserved 1114112K
  class space    used 9451K, capacity 10154K, committed 10240K, reserved 1048576K
}
Event: 8.581 GC heap after
{Heap after GC invocations=16 (full 0):
 garbage-first heap   total 189440K, used 59518K [0x0000000080000000, 0x0000000100000000)
  region size 1024K, 8 young (8192K), 8 survivors (8192K)
 Metaspace       used 72067K, capacity 74039K, committed 74364K, reserved 1114112K
  class space    used 9451K, capacity 10154K, committed 10240K, reserved 1048576K
}
Event: 9.363 GC heap before
{Heap before GC invocations=16 (full 0):
 garbage-first heap   total 189440K, used 133246K [0x0000000080000000, 0x0000000100000000)
  region size 1024K, 81 young (82944K), 8 survivors (8192K)
 Metaspace       used 78035K, capacity 80236K, committed 80508K, reserved 1118208K
  class space    used 10146K, capacity 10888K, committed 11008K, reserved 1048576K
}
Event: 9.373 GC heap after
{Heap after GC invocations=17 (full 0):
 garbage-first heap   total 189440K, used 65295K [0x0000000080000000, 0x0000000100000000)
  region size 1024K, 10 young (10240K), 10 survivors (10240K)
 Metaspace       used 78035K, capacity 80236K, committed 80508K, reserved 1118208K
  class space    used 10146K, capacity 10888K, committed 11008K, reserved 1048576K
}
Event: 10.104 GC heap before
{Heap before GC invocations=17 (full 0):
 garbage-first heap   total 189440K, used 137999K [0x0000000080000000, 0x0000000100000000)
  region size 1024K, 82 young (83968K), 10 survivors (10240K)
 Metaspace       used 82753K, capacity 84992K, committed 85244K, reserved 1122304K
  class space    used 10730K, capacity 11522K, committed 11648K, reserved 1048576K
}
Event: 10.114 GC heap after
{Heap after GC invocations=18 (full 0):
 garbage-first heap   total 189440K, used 67933K [0x0000000080000000, 0x0000000100000000)
  region size 1024K, 9 young (9216K), 9 survivors (9216K)
 Metaspace       used 82753K, capacity 84992K, committed 85244K, reserved 1122304K
  class space    used 10730K, capacity 11522K, committed 11648K, reserved 1048576K
}
Event: 10.671 GC heap before
{Heap before GC invocations=18 (full 0):
 garbage-first heap   total 189440K, used 143709K [0x0000000080000000, 0x0000000100000000)
  region size 1024K, 82 young (83968K), 9 survivors (9216K)
 Metaspace       used 83621K, capacity 85934K, committed 86140K, reserved 1124352K
  class space    used 10837K, capacity 11654K, committed 11776K, reserved 1048576K
}
Event: 10.681 GC heap after
{Heap after GC invocations=19 (full 0):
 garbage-first heap   total 189440K, used 76211K [0x0000000080000000, 0x0000000100000000)
  region size 1024K, 9 young (9216K), 9 survivors (9216K)
 Metaspace       used 83621K, capacity 85934K, committed 86140K, reserved 1124352K
  class space    used 10837K, capacity 11654K, committed 11776K, reserved 1048576K
}
Event: 10.969 GC heap before
{Heap before GC invocations=19 (full 0):
 garbage-first heap   total 189440K, used 146867K [0x0000000080000000, 0x0000000100000000)
  region size 1024K, 79 young (80896K), 9 survivors (9216K)
 Metaspace       used 83622K, capacity 85998K, committed 86140K, reserved 1124352K
  class space    used 10837K, capacity 11654K, committed 11776K, reserved 1048576K
}

Deoptimization events (20 events):
Event: 10.418 Thread 0x0000018002072800 DEOPT PACKING pc=0x0000018064b5be9c sp=0x0000002a3bdfdb50
Event: 10.418 Thread 0x0000018002072800 DEOPT UNPACKING pc=0x00000180631472ce sp=0x0000002a3bdfd0f0 mode 0
Event: 10.434 Thread 0x0000018002079000 DEOPT PACKING pc=0x0000018064b5be9c sp=0x0000002a3c1fd4d0
Event: 10.434 Thread 0x0000018002079000 DEOPT UNPACKING pc=0x00000180631472ce sp=0x0000002a3c1fca70 mode 0
Event: 10.530 Thread 0x0000018006ca0800 DEOPT PACKING pc=0x000001806434808e sp=0x0000002a437fd760
Event: 10.530 Thread 0x0000018006ca0800 DEOPT UNPACKING pc=0x00000180631472ce sp=0x0000002a437fcca8 mode 0
Event: 10.547 Thread 0x0000018002074800 DEOPT PACKING pc=0x0000018064b5be9c sp=0x0000002a3c2fd3d0
Event: 10.547 Thread 0x0000018002074800 DEOPT UNPACKING pc=0x00000180631472ce sp=0x0000002a3c2fc970 mode 0
Event: 10.593 Thread 0x0000018006ca0800 Uncommon trap: trap_request=0xffffff4d fr.pc=0x000001806aefcf54 relative=0x00000000000053b4
Event: 10.593 Thread 0x0000018006ca0800 Uncommon trap: reason=unstable_if action=reinterpret pc=0x000001806aefcf54 method=java.util.jar.Manifest$FastInputStream.readLine([BII)I @ 106 c2
Event: 10.593 Thread 0x0000018006ca0800 DEOPT PACKING pc=0x000001806aefcf54 sp=0x0000002a437f9fd0
Event: 10.593 Thread 0x0000018006ca0800 DEOPT UNPACKING pc=0x00000180631474af sp=0x0000002a437f9ee8 mode 2
Event: 10.593 Thread 0x0000018006ca0800 Uncommon trap: trap_request=0xffffff4d fr.pc=0x000001806aecada4 relative=0x00000000000004c4
Event: 10.593 Thread 0x0000018006ca0800 Uncommon trap: reason=unstable_if action=reinterpret pc=0x000001806aecada4 method=java.util.jar.Manifest$FastInputStream.readLine([BII)I @ 106 c2
Event: 10.593 Thread 0x0000018006ca0800 DEOPT PACKING pc=0x000001806aecada4 sp=0x0000002a437f9fa0
Event: 10.593 Thread 0x0000018006ca0800 DEOPT UNPACKING pc=0x00000180631474af sp=0x0000002a437f9ed8 mode 2
Event: 10.593 Thread 0x0000018006ca0800 Uncommon trap: trap_request=0xffffff4d fr.pc=0x000001806aeadc34 relative=0x00000000000004d4
Event: 10.593 Thread 0x0000018006ca0800 Uncommon trap: reason=unstable_if action=reinterpret pc=0x000001806aeadc34 method=java.util.jar.Manifest$FastInputStream.readLine([BII)I @ 106 c2
Event: 10.593 Thread 0x0000018006ca0800 DEOPT PACKING pc=0x000001806aeadc34 sp=0x0000002a437f9f30
Event: 10.593 Thread 0x0000018006ca0800 DEOPT UNPACKING pc=0x00000180631474af sp=0x0000002a437f9ee0 mode 2

Classes redefined (0 events):
No events

Internal exceptions (20 events):
Event: 9.204 Thread 0x000001807e298000 Exception <a 'java/lang/NoSuchMethodError'{0x00000000880aaf98}: <clinit>> (0x00000000880aaf98) thrown at [./src/hotspot/share/prims/jni.cpp, line 1362]
Event: 9.205 Thread 0x000001807e298000 Exception <a 'java/lang/NoSuchMethodError'{0x00000000880fbab0}: <clinit>> (0x00000000880fbab0) thrown at [./src/hotspot/share/prims/jni.cpp, line 1362]
Event: 9.205 Thread 0x000001807e298000 Exception <a 'java/lang/NoSuchMethodError'{0x00000000880fcfc8}: <clinit>> (0x00000000880fcfc8) thrown at [./src/hotspot/share/prims/jni.cpp, line 1362]
Event: 9.207 Thread 0x0000018006ca2000 Exception <a 'java/lang/NoSuchMethodError'{0x00000000880d7200}: 'java.lang.Object java.lang.invoke.Invokers$Holder.linkToTargetMethod(java.lang.Object, java.lang.Object, java.lang.Object, java.lang.Object, java.lang.Object, java.lang.Object, java.lang.Object, java.lang.Object)'> (0x00000000880d7200) thrown at [./src/hotspot/share/interpreter/linkResolver.cpp, line 773]
Event: 9.222 Thread 0x000001800040c000 Exception <a 'java/lang/NoSuchMethodError'{0x0000000087e09928}: <clinit>> (0x0000000087e09928) thrown at [./src/hotspot/share/prims/jni.cpp, line 1362]
Event: 9.226 Thread 0x000001800040c000 Exception <a 'java/lang/NoSuchMethodError'{0x0000000087ea7cf0}: <clinit>> (0x0000000087ea7cf0) thrown at [./src/hotspot/share/prims/jni.cpp, line 1362]
Event: 9.251 Thread 0x000001807e298000 Exception <a 'java/lang/NoSuchMethodError'{0x0000000087cd4f90}: <clinit>> (0x0000000087cd4f90) thrown at [./src/hotspot/share/prims/jni.cpp, line 1362]
Event: 9.460 Thread 0x0000018006ca2000 Exception <a 'java/lang/NoSuchMethodError'{0x000000008abda020}: <clinit>> (0x000000008abda020) thrown at [./src/hotspot/share/prims/jni.cpp, line 1362]
Event: 9.492 Thread 0x0000018006ca2000 Exception <a 'java/lang/NoSuchMethodError'{0x000000008aaeb590}: 'java.lang.Object java.lang.invoke.DirectMethodHandle$Holder.invokeSpecial(java.lang.Object, java.lang.Object, int, java.lang.Object, java.lang.Object)'> (0x000000008aaeb590) thrown at [./src/hotspot/share/interpreter/linkResolver.cpp, line 773]
Event: 9.492 Thread 0x0000018006ca2000 Exception <a 'java/lang/NoSuchMethodError'{0x000000008aaf4078}: 'java.lang.Object java.lang.invoke.DirectMethodHandle$Holder.invokeStatic(java.lang.Object, java.lang.Object, int, java.lang.Object)'> (0x000000008aaf4078) thrown at [./src/hotspot/share/interpreter/linkResolver.cpp, line 773]
Event: 9.493 Thread 0x0000018006ca2000 Exception <a 'java/lang/NoSuchMethodError'{0x000000008aaf7d70}: 'java.lang.Object java.lang.invoke.Invokers$Holder.linkToTargetMethod(java.lang.Object, int, java.lang.Object, java.lang.Object)'> (0x000000008aaf7d70) thrown at [./src/hotspot/share/interpreter/linkResolver.cpp, line 773]
Event: 9.496 Thread 0x0000018006ca2000 Exception <a 'java/lang/NoSuchMethodError'{0x000000008a90e980}: 'void java.lang.invoke.DirectMethodHandle$Holder.invokeVirtual(java.lang.Object, java.lang.Object)'> (0x000000008a90e980) thrown at [./src/hotspot/share/interpreter/linkResolver.cpp, line 773]
Event: 9.740 Thread 0x0000018006ca2000 Implicit null exception at 0x000001806af0d914 to 0x000001806af0ded8
Event: 9.828 Thread 0x000001807e298000 Exception <a 'java/lang/NoSuchMethodError'{0x00000000891f8540}: <clinit>> (0x00000000891f8540) thrown at [./src/hotspot/share/prims/jni.cpp, line 1362]
Event: 10.258 Thread 0x000001800207b000 Implicit null exception at 0x000001806b12b750 to 0x000001806b12c078
Event: 10.258 Thread 0x0000018002072800 Implicit null exception at 0x000001806b12b750 to 0x000001806b12c078
Event: 10.295 Thread 0x0000018006ca3000 Exception <a 'java/lang/NoSuchMethodError'{0x000000008aaf7890}: 'void java.lang.invoke.DirectMethodHandle$Holder.invokeStatic(java.lang.Object, java.lang.Object, java.lang.Object, java.lang.Object, int, java.lang.Object)'> (0x000000008aaf7890) thrown at [./src/hotspot/share/interpreter/linkResolver.cpp, line 773]
Event: 10.375 Thread 0x0000018006ca3000 Exception <a 'sun/nio/fs/WindowsException'{0x0000000089feba58}> (0x0000000089feba58) thrown at [./src/hotspot/share/prims/jni.cpp, line 615]
Event: 10.375 Thread 0x0000018006ca3000 Exception <a 'sun/nio/fs/WindowsException'{0x0000000089fecb98}> (0x0000000089fecb98) thrown at [./src/hotspot/share/prims/jni.cpp, line 615]
Event: 10.645 Thread 0x0000018000409000 Exception <a 'java/lang/NoSuchMethodError'{0x0000000087599fd0}: 'int java.lang.invoke.DirectMethodHandle$Holder.invokeVirtual(java.lang.Object, java.lang.Object)'> (0x0000000087599fd0) thrown at [./src/hotspot/share/interpreter/linkResolver.cpp, line 773]

Events (20 events):
Event: 10.590 loading class org/gradle/api/internal/changedetection/state/ZipEntryContext done
Event: 10.594 loading class org/gradle/api/internal/changedetection/state/ManifestFileZipEntryHasher
Event: 10.594 loading class org/gradle/api/internal/changedetection/state/ManifestFileZipEntryHasher done
Event: 10.644 loading class org/gradle/workers/internal/WorkerDaemonExpiration$SimpleMemoryExpirationSelector
Event: 10.644 loading class org/gradle/workers/internal/WorkerDaemonExpiration$SimpleMemoryExpirationSelector done
Event: 10.644 loading class org/gradle/workers/internal/WorkerDaemonClient
Event: 10.644 loading class org/gradle/workers/internal/WorkerDaemonClient done
Event: 10.645 loading class org/gradle/workers/internal/WorkerDaemonClient
Event: 10.645 loading class org/gradle/workers/internal/WorkerDaemonClient done
Event: 10.646 loading class org/gradle/process/internal/health/memory/JvmMemoryStatusSnapshot
Event: 10.646 loading class org/gradle/process/internal/health/memory/JvmMemoryStatusSnapshot done
Event: 10.646 Executing VM operation: RevokeBias
Event: 10.646 Executing VM operation: RevokeBias done
Event: 10.646 Executing VM operation: RevokeBias
Event: 10.646 Executing VM operation: RevokeBias done
Event: 10.671 Executing VM operation: G1CollectForAllocation
Event: 10.681 Executing VM operation: G1CollectForAllocation done
Event: 10.885 loading class org/gradle/api/internal/changedetection/state/ZipHasher$1
Event: 10.885 loading class org/gradle/api/internal/changedetection/state/ZipHasher$1 done
Event: 10.969 Executing VM operation: G1CollectForAllocation


Dynamic libraries:
0x00007ff646de0000 - 0x00007ff646dea000 	C:\Program Files\Android\Android Studio\jre\bin\java.exe
0x00007ffc9af90000 - 0x00007ffc9b185000 	C:\WINDOWS\SYSTEM32\ntdll.dll
0x00007ffc9a180000 - 0x00007ffc9a23d000 	C:\WINDOWS\System32\KERNEL32.DLL
0x00007ffc988e0000 - 0x00007ffc98ba9000 	C:\WINDOWS\System32\KERNELBASE.dll
0x00007ffc98d00000 - 0x00007ffc98e00000 	C:\WINDOWS\System32\ucrtbase.dll
0x00007ffc936c0000 - 0x00007ffc936d9000 	C:\Program Files\Android\Android Studio\jre\bin\jli.dll
0x00007ffc82920000 - 0x00007ffc82937000 	C:\Program Files\Android\Android Studio\jre\bin\VCRUNTIME140.dll
0x00007ffc99250000 - 0x00007ffc993f0000 	C:\WINDOWS\System32\USER32.dll
0x00007ffc988b0000 - 0x00007ffc988d2000 	C:\WINDOWS\System32\win32u.dll
0x00007ffc9af20000 - 0x00007ffc9af4a000 	C:\WINDOWS\System32\GDI32.dll
0x00007ffc87f90000 - 0x00007ffc8822a000 	C:\WINDOWS\WinSxS\amd64_microsoft.windows.common-controls_6595b64144ccf1df_6.0.19041.844_none_ca00b6081b84eb1d\COMCTL32.dll
0x00007ffc98e30000 - 0x00007ffc98f3b000 	C:\WINDOWS\System32\gdi32full.dll
0x00007ffc9acd0000 - 0x00007ffc9ad6e000 	C:\WINDOWS\System32\msvcrt.dll
0x00007ffc98c60000 - 0x00007ffc98cfd000 	C:\WINDOWS\System32\msvcp_win.dll
0x00007ffc9a3e0000 - 0x00007ffc9a410000 	C:\WINDOWS\System32\IMM32.DLL
0x00007ffc71cd0000 - 0x00007ffc71d6d000 	C:\Program Files\Android\Android Studio\jre\bin\msvcp140.dll
0x00007ffc4b0a0000 - 0x00007ffc4bb5c000 	C:\Program Files\Android\Android Studio\jre\bin\server\jvm.dll
0x00007ffc993f0000 - 0x00007ffc9949c000 	C:\WINDOWS\System32\ADVAPI32.dll
0x00007ffc9a410000 - 0x00007ffc9a4ac000 	C:\WINDOWS\System32\sechost.dll
0x00007ffc9a5a0000 - 0x00007ffc9a6cb000 	C:\WINDOWS\System32\RPCRT4.dll
0x00007ffc9a240000 - 0x00007ffc9a248000 	C:\WINDOWS\System32\PSAPI.DLL
0x00007ffc937a0000 - 0x00007ffc937a9000 	C:\WINDOWS\SYSTEM32\WSOCK32.dll
0x00007ffc883e0000 - 0x00007ffc88407000 	C:\WINDOWS\SYSTEM32\WINMM.dll
0x00007ffc8f1a0000 - 0x00007ffc8f1aa000 	C:\WINDOWS\SYSTEM32\VERSION.dll
0x00007ffc9a4b0000 - 0x00007ffc9a51b000 	C:\WINDOWS\System32\WS2_32.dll
0x00007ffc96fb0000 - 0x00007ffc96fc2000 	C:\WINDOWS\SYSTEM32\kernel.appcore.dll
0x00007ffc93740000 - 0x00007ffc93751000 	C:\Program Files\Android\Android Studio\jre\bin\verify.dll
0x00007ffc96530000 - 0x00007ffc96714000 	C:\WINDOWS\SYSTEM32\DBGHELP.DLL
0x00007ffc828b0000 - 0x00007ffc828dc000 	C:\WINDOWS\SYSTEM32\dbgcore.DLL
0x00007ffc98830000 - 0x00007ffc988b0000 	C:\WINDOWS\System32\bcryptPrimitives.dll
0x00007ffc84520000 - 0x00007ffc84549000 	C:\Program Files\Android\Android Studio\jre\bin\java.dll
0x00007ffc95c40000 - 0x00007ffc95c4b000 	C:\Program Files\Android\Android Studio\jre\bin\jimage.dll
0x00007ffc92a10000 - 0x00007ffc92a28000 	C:\Program Files\Android\Android Studio\jre\bin\zip.dll
0x00007ffc994a0000 - 0x00007ffc99be2000 	C:\WINDOWS\System32\SHELL32.dll
0x00007ffc96810000 - 0x00007ffc96fa0000 	C:\WINDOWS\SYSTEM32\windows.storage.dll
0x00007ffc99e20000 - 0x00007ffc9a175000 	C:\WINDOWS\System32\combase.dll
0x00007ffc98140000 - 0x00007ffc9816c000 	C:\WINDOWS\SYSTEM32\Wldp.dll
0x00007ffc990c0000 - 0x00007ffc9916e000 	C:\WINDOWS\System32\SHCORE.dll
0x00007ffc9ab80000 - 0x00007ffc9abd5000 	C:\WINDOWS\System32\shlwapi.dll
0x00007ffc98610000 - 0x00007ffc9862f000 	C:\WINDOWS\SYSTEM32\profapi.dll
0x00007ffc929d0000 - 0x00007ffc929ea000 	C:\Program Files\Android\Android Studio\jre\bin\net.dll
0x00007ffc8c8c0000 - 0x00007ffc8c9cc000 	C:\WINDOWS\SYSTEM32\WINHTTP.dll
0x00007ffc97e50000 - 0x00007ffc97eba000 	C:\WINDOWS\system32\mswsock.dll
0x00007ffc84430000 - 0x00007ffc84444000 	C:\Program Files\Android\Android Studio\jre\bin\nio.dll
0x00007ffc77490000 - 0x00007ffc774b7000 	C:\Users\97254\.gradle\native\fdc75f09e3144964f2cf3f50f0aa648679c211496f362492102eb8c894070792\windows-amd64\native-platform.dll
0x00007ffc59890000 - 0x00007ffc59a26000 	C:\Users\97254\.gradle\native\12488b8bf47d2d4c9fbf2f6322a914ad602e24e48041cd04a747c6da556b65c4\windows-amd64\native-platform-file-events.dll
0x00007ffc95c20000 - 0x00007ffc95c2a000 	C:\Program Files\Android\Android Studio\jre\bin\management.dll
0x00007ffc937e0000 - 0x00007ffc937ec000 	C:\Program Files\Android\Android Studio\jre\bin\management_ext.dll
0x00007ffc980a0000 - 0x00007ffc980b8000 	C:\WINDOWS\SYSTEM32\CRYPTSP.dll
0x00007ffc97790000 - 0x00007ffc977c4000 	C:\WINDOWS\system32\rsaenh.dll
0x00007ffc98e00000 - 0x00007ffc98e27000 	C:\WINDOWS\System32\bcrypt.dll
0x00007ffc98590000 - 0x00007ffc985be000 	C:\WINDOWS\SYSTEM32\USERENV.dll
0x00007ffc98090000 - 0x00007ffc9809c000 	C:\WINDOWS\SYSTEM32\CRYPTBASE.dll
0x00007ffc97b40000 - 0x00007ffc97b7b000 	C:\WINDOWS\SYSTEM32\IPHLPAPI.DLL
0x00007ffc9ab70000 - 0x00007ffc9ab78000 	C:\WINDOWS\System32\NSI.dll
0x00007ffc8fb60000 - 0x00007ffc8fb77000 	C:\WINDOWS\SYSTEM32\dhcpcsvc6.DLL
0x00007ffc8fb40000 - 0x00007ffc8fb5d000 	C:\WINDOWS\SYSTEM32\dhcpcsvc.DLL
0x00007ffc97b80000 - 0x00007ffc97c4b000 	C:\WINDOWS\SYSTEM32\DNSAPI.dll
0x00007ffc91130000 - 0x00007ffc9113b000 	C:\WINDOWS\SYSTEM32\WINNSI.DLL

dbghelp: loaded successfully - version: 4.0.5 - missing functions: none
symbol engine: initialized successfully - sym options: 0x614 - pdb path: .;C:\Program Files\Android\Android Studio\jre\bin;C:\WINDOWS\SYSTEM32;C:\WINDOWS\WinSxS\amd64_microsoft.windows.common-controls_6595b64144ccf1df_6.0.19041.844_none_ca00b6081b84eb1d;C:\Program Files\Android\Android Studio\jre\bin\server;C:\Users\97254\.gradle\native\fdc75f09e3144964f2cf3f50f0aa648679c211496f362492102eb8c894070792\windows-amd64;C:\Users\97254\.gradle\native\12488b8bf47d2d4c9fbf2f6322a914ad602e24e48041cd04a747c6da556b65c4\windows-amd64

VM Arguments:
jvm_args: --add-opens=java.base/java.util=ALL-UNNAMED --add-opens=java.base/java.lang=ALL-UNNAMED --add-opens=java.base/java.lang.invoke=ALL-UNNAMED --add-opens=java.prefs/java.util.prefs=ALL-UNNAMED -Xmx2048m -Dfile.encoding=UTF-8 -Duser.country=IL -Duser.language=iw -Duser.variant 
java_command: org.gradle.launcher.daemon.bootstrap.GradleDaemon 6.7.1
java_class_path (initial): C:\Users\97254\.gradle\wrapper\dists\gradle-6.7.1-bin\bwlcbys1h7rz3272sye1xwiv6\gradle-6.7.1\lib\gradle-launcher-6.7.1.jar
Launcher Type: SUN_STANDARD

[Global flags]
     intx CICompilerCount                          = 4                                         {product} {ergonomic}
     uint ConcGCThreads                            = 3                                         {product} {ergonomic}
     uint G1ConcRefinementThreads                  = 10                                        {product} {ergonomic}
   size_t G1HeapRegionSize                         = 1048576                                   {product} {ergonomic}
    uintx GCDrainStackTargetSize                   = 64                                        {product} {ergonomic}
   size_t InitialHeapSize                          = 134217728                                 {product} {ergonomic}
   size_t MarkStackSize                            = 4194304                                   {product} {ergonomic}
   size_t MaxHeapSize                              = 2147483648                                {product} {command line}
   size_t MaxNewSize                               = 1287651328                                {product} {ergonomic}
   size_t MinHeapDeltaBytes                        = 1048576                                   {product} {ergonomic}
    uintx NonNMethodCodeHeapSize                   = 5836300                                {pd product} {ergonomic}
    uintx NonProfiledCodeHeapSize                  = 122910970                              {pd product} {ergonomic}
    uintx ProfiledCodeHeapSize                     = 122910970                              {pd product} {ergonomic}
    uintx ReservedCodeCacheSize                    = 251658240                              {pd product} {ergonomic}
     bool SegmentedCodeCache                       = true                                      {product} {ergonomic}
     bool UseCompressedClassPointers               = true                                 {lp64_product} {ergonomic}
     bool UseCompressedOops                        = true                                 {lp64_product} {ergonomic}
     bool UseG1GC                                  = true                                      {product} {ergonomic}
     bool UseLargePagesIndividualAllocation        = false                                  {pd product} {ergonomic}

Logging:
Log output configuration:
 #0: stdout all=warning uptime,level,tags
 #1: stderr all=off uptime,level,tags

Environment Variables:
PATH=C:\Program Files\AdoptOpenJDK\jdk-11.0.10.9-hotspot\bin;C:\Python38\Scripts\;C:\Python38\;C:\Windows\system32;C:\Windows;C:\Windows\System32\Wbem;C:\Windows\System32\WindowsPowerShell\v1.0\;C:\Windows\System32\OpenSSH\;C:\Program Files (x86)\NVIDIA Corporation\PhysX\Common;C:\Program Files\NVIDIA Corporation\NVIDIA NvDLISR;C:\WINDOWS\system32;C:\WINDOWS;C:\WINDOWS\System32\Wbem;C:\WINDOWS\System32\WindowsPowerShell\v1.0\;C:\WINDOWS\System32\OpenSSH\;C:\Program Files\nodejs\;C:\ProgramData\chocolatey\bin;C:\Users\97254\AppData\Local\Microsoft\WindowsApps;C:\Users\97254\AppData\Roaming\npm;C:\Users\97254\AppData\Local\Programs\Microsoft VS Code\bin;
USERNAME=97254
OS=Windows_NT
PROCESSOR_IDENTIFIER=Intel64 Family 6 Model 158 Stepping 10, GenuineIntel



---------------  S Y S T E M  ---------------

OS: Windows 10 , 64 bit Build 19041 (10.0.19041.804)
OS uptime: 29 days 13:12 hours

CPU:total 12 (initial active 12) (6 cores per cpu, 2 threads per core) family 6 model 158 stepping 10, cmov, cx8, fxsr, mmx, sse, sse2, sse3, ssse3, sse4.1, sse4.2, popcnt, avx, avx2, aes, clmul, erms, 3dnowpref, lzcnt, ht, tsc, tscinvbit, bmi1, bmi2, adx, fma

Memory: 4k page, system-wide physical 8071M (424M free)
TotalPageFile size 32647M (AvailPageFile size 24M)
current process WorkingSet (physical memory assigned to process): 513M, peak: 513M
current process commit charge ("private bytes"): 673M, peak: 707M

vm_info: OpenJDK 64-Bit Server VM (11.0.8+10-b944.6842174) for windows-amd64 JRE (11.0.8+10-b944.6842174), built on Sep 19 2020 01:11:42 by "builder" with MS VC++ 14.0 (VS2015)

END.
