#
# There is insufficient memory for the Java Runtime Environment to continue.
# Native memory allocation (malloc) failed to allocate 191216 bytes for Chunk::new
# Possible reasons:
#   The system is out of physical RAM or swap space
#   The process is running with CompressedOops enabled, and the Java Heap may be blocking the growth of the native heap
# Possible solutions:
#   Reduce memory load on the system
#   Increase physical memory or swap space
#   Check if swap backing store is full
#   Decrease Java heap size (-Xmx/-Xms)
#   Decrease number of Java threads
#   Decrease Java thread stack sizes (-Xss)
#   Set larger code cache with -XX:ReservedCodeCacheSize=
#   JVM is running with Unscaled Compressed Oops mode in which the Java heap is
#     placed in the first 4GB address space. The Java Heap base address is the
#     maximum limit for the native heap growth. Please use -XX:HeapBaseMinAddress
#     to set the Java Heap base and to place the Java Heap above 4GB virtual address.
# This output file may be truncated or incomplete.
#
#  Out of Memory Error (allocation.cpp:389), pid=23980, tid=0x0000000000003694
#
# JRE version: OpenJDK Runtime Environment (8.0_242-b01) (build 1.8.0_242-release-1644-b01)
# Java VM: OpenJDK 64-Bit Server VM (25.242-b01 mixed mode windows-amd64 compressed oops)
# Failed to write core dump. Minidumps are not enabled by default on client versions of Windows
#

---------------  T H R E A D  ---------------

Current thread (0x000000001900a000):  JavaThread "C2 CompilerThread1" daemon [_thread_in_native, id=13972, stack(0x000000001a760000,0x000000001a860000)]

Stack: [0x000000001a760000,0x000000001a860000]
[error occurred during error reporting (printing stack bounds), id 0xc0000005]

Native frames: (J=compiled Java code, j=interpreted, Vv=VM code, C=native code)


Current CompileTask:
C2:  17426 9990       4       com.google.common.cache.LocalCache$Segment::recordWrite (72 bytes)


---------------  P R O C E S S  ---------------

Java Threads: ( => current thread )
  0x0000000021951800 JavaThread "stdout" [_thread_in_native, id=39916, stack(0x0000000030360000,0x0000000030460000)]
  0x0000000021948800 JavaThread "stderr" [_thread_in_native, id=29924, stack(0x000000002fae0000,0x000000002fbe0000)]
  0x000000002194e800 JavaThread "stdout" [_thread_in_native, id=26428, stack(0x0000000030260000,0x0000000030360000)]
  0x000000002194f000 JavaThread "stderr" [_thread_in_native, id=11588, stack(0x0000000030160000,0x0000000030260000)]
  0x000000002194d800 JavaThread "stdout" [_thread_in_native, id=33492, stack(0x000000002ff20000,0x0000000030020000)]
  0x000000002194d000 JavaThread "stderr" [_thread_in_native, id=38728, stack(0x000000002fe20000,0x000000002ff20000)]
  0x0000000021949000 JavaThread "stdout" [_thread_in_native, id=23748, stack(0x000000002fd20000,0x000000002fe20000)]
  0x0000000021947800 JavaThread "stderr" [_thread_in_native, id=22192, stack(0x000000002fc20000,0x000000002fd20000)]
  0x0000000021946000 JavaThread "stdout" [_thread_in_native, id=3988, stack(0x000000002f9e0000,0x000000002fae0000)]
  0x0000000021946800 JavaThread "stderr" [_thread_in_native, id=7368, stack(0x000000002f6d0000,0x000000002f7d0000)]
  0x000000002194b800 JavaThread "stdout" [_thread_in_native, id=12908, stack(0x000000002f8e0000,0x000000002f9e0000)]
  0x0000000021945000 JavaThread "stderr" [_thread_in_native, id=2608, stack(0x000000002f7e0000,0x000000002f8e0000)]
  0x000000002194a000 JavaThread "stdout" [_thread_in_native, id=6820, stack(0x000000002f5d0000,0x000000002f6d0000)]
  0x000000002194a800 JavaThread "stderr" [_thread_in_native, id=26476, stack(0x000000002f4d0000,0x000000002f5d0000)]
  0x000000002194c000 JavaThread "stdout" [_thread_in_native, id=38248, stack(0x000000002f3d0000,0x000000002f4d0000)]
  0x000000002bc7a000 JavaThread "stderr" [_thread_in_native, id=30672, stack(0x000000002f2d0000,0x000000002f3d0000)]
  0x000000001b538800 JavaThread "pool-2-thread-1" [_thread_blocked, id=35176, stack(0x000000002f050000,0x000000002f150000)]
  0x000000002bc87800 JavaThread "MarlinRenderer Disposer" daemon [_thread_blocked, id=31504, stack(0x000000002ee30000,0x000000002ef30000)]
  0x000000002bc87000 JavaThread "Java2D Disposer" daemon [_thread_blocked, id=39736, stack(0x000000002ed30000,0x000000002ee30000)]
  0x000000002bc85800 JavaThread "WorkerExecutor Queue Thread 12" [_thread_blocked, id=36728, stack(0x000000002ea30000,0x000000002eb30000)]
  0x000000002bc88800 JavaThread "WorkerExecutor Queue Thread 11" [_thread_blocked, id=28208, stack(0x000000002e930000,0x000000002ea30000)]
  0x000000002bc86000 JavaThread "WorkerExecutor Queue Thread 10" [_thread_blocked, id=31572, stack(0x000000002e830000,0x000000002e930000)]
  0x000000002bc7e000 JavaThread "WorkerExecutor Queue Thread 9" [_thread_blocked, id=32000, stack(0x000000002e730000,0x000000002e830000)]
  0x000000002bc84800 JavaThread "WorkerExecutor Queue Thread 8" [_thread_blocked, id=7792, stack(0x000000002e630000,0x000000002e730000)]
  0x000000002bc84000 JavaThread "WorkerExecutor Queue Thread 7" [_thread_blocked, id=38784, stack(0x000000002e530000,0x000000002e630000)]
  0x000000002bc7c800 JavaThread "WorkerExecutor Queue Thread 6" [_thread_blocked, id=30808, stack(0x000000002e430000,0x000000002e530000)]
  0x000000002bc82800 JavaThread "WorkerExecutor Queue Thread 5" [_thread_blocked, id=28724, stack(0x000000002e330000,0x000000002e430000)]
  0x000000002bc81800 JavaThread "WorkerExecutor Queue Thread 4" [_thread_blocked, id=38924, stack(0x000000002e230000,0x000000002e330000)]
  0x000000002bc81000 JavaThread "WorkerExecutor Queue Thread 3" [_thread_blocked, id=1864, stack(0x000000002e130000,0x000000002e230000)]
  0x000000002bc83000 JavaThread "WorkerExecutor Queue Thread 2" [_thread_blocked, id=35536, stack(0x000000002dda0000,0x000000002dea0000)]
  0x000000002bc80000 JavaThread "WorkerExecutor Queue" [_thread_blocked, id=39124, stack(0x000000002daa0000,0x000000002dba0000)]
  0x000000002bc7f800 JavaThread "Cache worker for execution history cache (C:\Users\97254\finalProjectAndroid1\.gradle\6.5\executionHistory)" [_thread_blocked, id=30436, stack(0x000000002d7a0000,0x000000002d8a0000)]
  0x000000002bc7b000 JavaThread "Execution worker for ':' Thread 11" [_thread_blocked, id=25588, stack(0x000000002d6a0000,0x000000002d7a0000)]
  0x000000001b53e800 JavaThread "Execution worker for ':' Thread 10" [_thread_blocked, id=14836, stack(0x000000002d5a0000,0x000000002d6a0000)]
  0x000000001b53d800 JavaThread "Execution worker for ':' Thread 9" [_thread_blocked, id=12836, stack(0x000000002d3a0000,0x000000002d4a0000)]
  0x000000001b542000 JavaThread "Execution worker for ':' Thread 8" [_thread_blocked, id=22472, stack(0x000000002d2a0000,0x000000002d3a0000)]
  0x000000001b53f000 JavaThread "Execution worker for ':' Thread 7" [_thread_blocked, id=2980, stack(0x000000002d1a0000,0x000000002d2a0000)]
  0x000000001b541800 JavaThread "Execution worker for ':' Thread 6" [_thread_blocked, id=29372, stack(0x000000002d0a0000,0x000000002d1a0000)]
  0x000000001b53d000 JavaThread "Execution worker for ':' Thread 5" [_thread_blocked, id=36616, stack(0x000000002cfa0000,0x000000002d0a0000)]
  0x000000001b540800 JavaThread "Execution worker for ':' Thread 4" [_thread_blocked, id=33808, stack(0x000000002cea0000,0x000000002cfa0000)]
  0x000000001b543800 JavaThread "Execution worker for ':' Thread 3" [_thread_blocked, id=33376, stack(0x000000002cda0000,0x000000002cea0000)]
  0x000000001b543000 JavaThread "Execution worker for ':' Thread 2" [_thread_blocked, id=32844, stack(0x000000002cca0000,0x000000002cda0000)]
  0x000000001b540000 JavaThread "Execution worker for ':'" [_thread_blocked, id=30724, stack(0x000000002b500000,0x000000002b600000)]
  0x000000001b53c000 JavaThread "Cache worker for file content cache (C:\Users\97254\finalProjectAndroid1\.gradle\6.5\fileContent)" [_thread_blocked, id=24500, stack(0x000000002b400000,0x000000002b500000)]
  0x000000001b53b800 JavaThread "Memory manager" [_thread_blocked, id=688, stack(0x000000002b300000,0x000000002b400000)]
  0x000000001b539000 JavaThread "Cache worker for Build Output Cleanup Cache (C:\Users\97254\finalProjectAndroid1\.gradle\buildOutputCleanup)" [_thread_blocked, id=9176, stack(0x000000002a600000,0x000000002a700000)]
  0x000000001b534800 JavaThread "jar transforms Thread 94" [_thread_blocked, id=32788, stack(0x000000002a100000,0x000000002a200000)]
  0x000000001b536000 JavaThread "jar transforms Thread 93" [_thread_blocked, id=38684, stack(0x000000002a000000,0x000000002a100000)]
  0x000000001b537800 JavaThread "jar transforms Thread 92" [_thread_blocked, id=20404, stack(0x0000000029f00000,0x000000002a000000)]
  0x0000000020d32000 JavaThread "jar transforms Thread 91" [_thread_blocked, id=20704, stack(0x0000000029e00000,0x0000000029f00000)]
  0x0000000020d31000 JavaThread "jar transforms Thread 90" [_thread_blocked, id=27572, stack(0x0000000029d00000,0x0000000029e00000)]
  0x0000000020d34000 JavaThread "jar transforms Thread 89" [_thread_blocked, id=35908, stack(0x0000000029c00000,0x0000000029d00000)]
  0x0000000020d30800 JavaThread "jar transforms Thread 88" [_thread_blocked, id=31068, stack(0x0000000029b00000,0x0000000029c00000)]
  0x0000000020d33800 JavaThread "jar transforms Thread 87" [_thread_blocked, id=31960, stack(0x0000000029a00000,0x0000000029b00000)]
  0x0000000020d35800 JavaThread "jar transforms Thread 86" [_thread_blocked, id=20640, stack(0x0000000029900000,0x0000000029a00000)]
  0x0000000020d37000 JavaThread "jar transforms Thread 85" [_thread_blocked, id=25456, stack(0x0000000029800000,0x0000000029900000)]
  0x0000000020d36800 JavaThread "jar transforms Thread 84" [_thread_blocked, id=32440, stack(0x0000000029700000,0x0000000029800000)]
  0x0000000020d35000 JavaThread "jar transforms Thread 83" [_thread_blocked, id=25148, stack(0x0000000029600000,0x0000000029700000)]
  0x0000000020d32800 JavaThread "jar transforms Thread 82" [_thread_blocked, id=4168, stack(0x0000000029500000,0x0000000029600000)]
  0x0000000020d2a000 JavaThread "jar transforms Thread 81" [_thread_blocked, id=38024, stack(0x0000000029400000,0x0000000029500000)]
  0x0000000020d2d000 JavaThread "jar transforms Thread 80" [_thread_blocked, id=20284, stack(0x0000000029300000,0x0000000029400000)]
  0x0000000020d28800 JavaThread "jar transforms Thread 79" [_thread_blocked, id=6360, stack(0x0000000029200000,0x0000000029300000)]
  0x0000000020d2f800 JavaThread "jar transforms Thread 78" [_thread_blocked, id=16440, stack(0x0000000029100000,0x0000000029200000)]
  0x0000000020d2b000 JavaThread "jar transforms Thread 77" [_thread_blocked, id=21036, stack(0x0000000029000000,0x0000000029100000)]
  0x0000000020d2c800 JavaThread "jar transforms Thread 76" [_thread_blocked, id=32652, stack(0x0000000028f00000,0x0000000029000000)]
  0x0000000020d29800 JavaThread "jar transforms Thread 75" [_thread_blocked, id=39360, stack(0x0000000028e00000,0x0000000028f00000)]
  0x0000000020d2e800 JavaThread "jar transforms Thread 74" [_thread_blocked, id=23820, stack(0x0000000028d00000,0x0000000028e00000)]
  0x0000000020d2e000 JavaThread "jar transforms Thread 73" [_thread_blocked, id=34588, stack(0x0000000028c00000,0x0000000028d00000)]
  0x0000000020d28000 JavaThread "jar transforms Thread 72" [_thread_blocked, id=30276, stack(0x0000000028b00000,0x0000000028c00000)]
  0x0000000020d2b800 JavaThread "jar transforms Thread 71" [_thread_blocked, id=39676, stack(0x0000000028a00000,0x0000000028b00000)]
  0x000000001fdfc000 JavaThread "jar transforms Thread 70" [_thread_blocked, id=37916, stack(0x0000000028900000,0x0000000028a00000)]
  0x000000001fdf7000 JavaThread "jar transforms Thread 69" [_thread_blocked, id=38976, stack(0x0000000028800000,0x0000000028900000)]
  0x000000001fdfb800 JavaThread "jar transforms Thread 68" [_thread_blocked, id=18588, stack(0x0000000028700000,0x0000000028800000)]
  0x000000001fdf4000 JavaThread "jar transforms Thread 67" [_thread_blocked, id=7312, stack(0x0000000028600000,0x0000000028700000)]
  0x000000001fdf5800 JavaThread "jar transforms Thread 66" [_thread_blocked, id=25704, stack(0x0000000028500000,0x0000000028600000)]
  0x000000001fdfa800 JavaThread "jar transforms Thread 65" [_thread_blocked, id=31816, stack(0x0000000028400000,0x0000000028500000)]
  0x000000001fdf7800 JavaThread "jar transforms Thread 64" [_thread_blocked, id=31480, stack(0x0000000028300000,0x0000000028400000)]
  0x000000001fdf6000 JavaThread "jar transforms Thread 63" [_thread_blocked, id=35216, stack(0x0000000028200000,0x0000000028300000)]
  0x000000001fdf8800 JavaThread "jar transforms Thread 62" [_thread_blocked, id=36944, stack(0x0000000028100000,0x0000000028200000)]
  0x000000001fdf4800 JavaThread "jar transforms Thread 61" [_thread_blocked, id=8396, stack(0x0000000028000000,0x0000000028100000)]
  0x000000001fdfa000 JavaThread "jar transforms Thread 60" [_thread_blocked, id=38472, stack(0x0000000027f00000,0x0000000028000000)]
  0x000000001fdf9000 JavaThread "jar transforms Thread 59" [_thread_blocked, id=12856, stack(0x0000000027e00000,0x0000000027f00000)]
  0x000000001fded000 JavaThread "jar transforms Thread 58" [_thread_blocked, id=21904, stack(0x0000000027d00000,0x0000000027e00000)]
  0x000000001fdf2800 JavaThread "jar transforms Thread 57" [_thread_blocked, id=12268, stack(0x0000000027c00000,0x0000000027d00000)]
  0x000000001fdf1000 JavaThread "jar transforms Thread 56" [_thread_blocked, id=24952, stack(0x0000000027b00000,0x0000000027c00000)]
  0x000000001fdf3000 JavaThread "jar transforms Thread 55" [_thread_blocked, id=24668, stack(0x0000000027a00000,0x0000000027b00000)]
  0x000000001fdf1800 JavaThread "jar transforms Thread 54" [_thread_blocked, id=37260, stack(0x0000000027900000,0x0000000027a00000)]
  0x000000001fdef800 JavaThread "jar transforms Thread 53" [_thread_blocked, id=39804, stack(0x0000000027800000,0x0000000027900000)]
  0x000000001fdee800 JavaThread "jar transforms Thread 52" [_thread_blocked, id=38956, stack(0x0000000027700000,0x0000000027800000)]
  0x000000001fdee000 JavaThread "jar transforms Thread 51" [_thread_blocked, id=11728, stack(0x0000000027600000,0x0000000027700000)]
  0x000000001fdf0000 JavaThread "jar transforms Thread 50" [_thread_blocked, id=37192, stack(0x0000000027500000,0x0000000027600000)]
  0x000000001fc38000 JavaThread "jar transforms Thread 49" [_thread_blocked, id=23812, stack(0x0000000027400000,0x0000000027500000)]
  0x000000001fc36800 JavaThread "jar transforms Thread 48" [_thread_blocked, id=12792, stack(0x0000000027300000,0x0000000027400000)]
  0x000000001fc35800 JavaThread "jar transforms Thread 47" [_thread_blocked, id=35948, stack(0x0000000027200000,0x0000000027300000)]
  0x000000001fc35000 JavaThread "jar transforms Thread 46" [_thread_blocked, id=38868, stack(0x0000000027100000,0x0000000027200000)]
  0x000000001fc37000 JavaThread "jar transforms Thread 45" [_thread_blocked, id=18284, stack(0x0000000027000000,0x0000000027100000)]
  0x000000001fc32800 JavaThread "jar transforms Thread 44" [_thread_blocked, id=6260, stack(0x0000000026f00000,0x0000000027000000)]
  0x000000001fc34000 JavaThread "jar transforms Thread 43" [_thread_blocked, id=33544, stack(0x0000000026e00000,0x0000000026f00000)]
  0x000000001fc2e000 JavaThread "jar transforms Thread 42" [_thread_blocked, id=17100, stack(0x0000000026d00000,0x0000000026e00000)]
  0x000000001fc33800 JavaThread "jar transforms Thread 41" [_thread_blocked, id=9100, stack(0x0000000026c00000,0x0000000026d00000)]
  0x000000001fc32000 JavaThread "jar transforms Thread 40" [_thread_blocked, id=10296, stack(0x0000000026b00000,0x0000000026c00000)]
  0x000000001fc30800 JavaThread "jar transforms Thread 39" [_thread_blocked, id=25172, stack(0x0000000026a00000,0x0000000026b00000)]
  0x000000001fc31000 JavaThread "jar transforms Thread 38" [_thread_blocked, id=38960, stack(0x0000000026900000,0x0000000026a00000)]
  0x000000001fc29000 JavaThread "jar transforms Thread 37" [_thread_blocked, id=18188, stack(0x0000000026800000,0x0000000026900000)]
  0x000000001fc2c800 JavaThread "jar transforms Thread 36" [_thread_blocked, id=39268, stack(0x0000000026700000,0x0000000026800000)]
  0x000000001fc2c000 JavaThread "jar transforms Thread 35" [_thread_blocked, id=28804, stack(0x0000000026600000,0x0000000026700000)]
  0x000000001fc29800 JavaThread "jar transforms Thread 34" [_thread_blocked, id=16040, stack(0x0000000026500000,0x0000000026600000)]
  0x000000001fc2d800 JavaThread "jar transforms Thread 33" [_thread_blocked, id=37624, stack(0x0000000026400000,0x0000000026500000)]
  0x000000001fc2f800 JavaThread "jar transforms Thread 32" [_thread_blocked, id=33488, stack(0x0000000026300000,0x0000000026400000)]
  0x000000001fc2b000 JavaThread "jar transforms Thread 31" [_thread_blocked, id=14936, stack(0x0000000026200000,0x0000000026300000)]
  0x000000001fc2a800 JavaThread "jar transforms Thread 30" [_thread_blocked, id=5468, stack(0x0000000026100000,0x0000000026200000)]
  0x000000001fc2f000 JavaThread "jar transforms Thread 29" [_thread_blocked, id=34704, stack(0x0000000026000000,0x0000000026100000)]
  0x000000001b5fd800 JavaThread "jar transforms Thread 28" [_thread_blocked, id=38704, stack(0x0000000025f00000,0x0000000026000000)]
  0x000000001b5fd000 JavaThread "jar transforms Thread 27" [_thread_blocked, id=17620, stack(0x0000000025e00000,0x0000000025f00000)]
  0x000000001b5ff000 JavaThread "jar transforms Thread 26" [_thread_blocked, id=3744, stack(0x0000000025d00000,0x0000000025e00000)]
  0x000000001b5fe800 JavaThread "jar transforms Thread 25" [_thread_blocked, id=9632, stack(0x0000000025c00000,0x0000000025d00000)]
  0x000000001b5f5800 JavaThread "jar transforms Thread 24" [_thread_blocked, id=38092, stack(0x0000000025b00000,0x0000000025c00000)]
  0x000000001b5fc000 JavaThread "jar transforms Thread 23" [_thread_blocked, id=38364, stack(0x0000000025a00000,0x0000000025b00000)]
  0x000000001b5f4800 JavaThread "jar transforms Thread 22" [_thread_blocked, id=17148, stack(0x0000000025900000,0x0000000025a00000)]
  0x000000001b5f6000 JavaThread "jar transforms Thread 21" [_thread_blocked, id=34568, stack(0x0000000025800000,0x0000000025900000)]
  0x000000001b5fb800 JavaThread "jar transforms Thread 20" [_thread_blocked, id=36052, stack(0x0000000025700000,0x0000000025800000)]
  0x000000001b5fa800 JavaThread "jar transforms Thread 19" [_thread_blocked, id=31864, stack(0x0000000025600000,0x0000000025700000)]
  0x000000001b5fa000 JavaThread "jar transforms Thread 18" [_thread_blocked, id=21100, stack(0x0000000025500000,0x0000000025600000)]
  0x000000001b5f9000 JavaThread "jar transforms Thread 17" [_thread_blocked, id=38056, stack(0x0000000025400000,0x0000000025500000)]
  0x000000001b5f7800 JavaThread "jar transforms Thread 16" [_thread_blocked, id=3888, stack(0x0000000025300000,0x0000000025400000)]
  0x000000001b5f4000 JavaThread "jar transforms Thread 15" [_thread_blocked, id=26528, stack(0x0000000025200000,0x0000000025300000)]
  0x000000001b5f8800 JavaThread "jar transforms Thread 14" [_thread_blocked, id=39100, stack(0x0000000025100000,0x0000000025200000)]
  0x000000001b5f0800 JavaThread "jar transforms Thread 13" [_thread_blocked, id=3524, stack(0x0000000025000000,0x0000000025100000)]
  0x000000001b5f2000 JavaThread "jar transforms Thread 12" [_thread_blocked, id=18392, stack(0x0000000024f00000,0x0000000025000000)]
  0x000000001b5f3000 JavaThread "jar transforms Thread 11" [_thread_blocked, id=12428, stack(0x0000000024e00000,0x0000000024f00000)]
  0x000000001b5f0000 JavaThread "jar transforms Thread 10" [_thread_blocked, id=37080, stack(0x0000000024d00000,0x0000000024e00000)]
  0x000000001b5f1800 JavaThread "jar transforms Thread 9" [_thread_blocked, id=7408, stack(0x0000000024c00000,0x0000000024d00000)]
  0x000000001b5f7000 JavaThread "jar transforms Thread 8" [_thread_blocked, id=38268, stack(0x0000000024b00000,0x0000000024c00000)]
  0x0000000020c45800 JavaThread "jar transforms Thread 7" [_thread_blocked, id=33548, stack(0x0000000024a00000,0x0000000024b00000)]
  0x0000000020c49800 JavaThread "jar transforms Thread 6" [_thread_blocked, id=6992, stack(0x0000000024900000,0x0000000024a00000)]
  0x0000000020c4a000 JavaThread "jar transforms Thread 5" [_thread_blocked, id=11288, stack(0x0000000024800000,0x0000000024900000)]
  0x0000000020c48800 JavaThread "jar transforms Thread 4" [_thread_blocked, id=14760, stack(0x0000000023970000,0x0000000023a70000)]
  0x0000000020c44000 JavaThread "jar transforms Thread 3" [_thread_blocked, id=22600, stack(0x0000000023870000,0x0000000023970000)]
  0x0000000020c48000 JavaThread "jar transforms Thread 2" [_thread_blocked, id=36348, stack(0x0000000023770000,0x0000000023870000)]
  0x0000000020c45000 JavaThread "Build operations Thread 12" [_thread_in_native, id=36260, stack(0x0000000024700000,0x0000000024800000)]
  0x0000000020c47000 JavaThread "Build operations Thread 11" [_thread_in_native, id=38520, stack(0x0000000024600000,0x0000000024700000)]
  0x0000000020c46800 JavaThread "Build operations Thread 10" [_thread_blocked, id=37132, stack(0x0000000024500000,0x0000000024600000)]
  0x0000000020c3c800 JavaThread "Build operations Thread 9" [_thread_in_native, id=34240, stack(0x0000000024400000,0x0000000024500000)]
  0x0000000020c43000 JavaThread "Build operations Thread 8" [_thread_blocked, id=39668, stack(0x0000000024300000,0x0000000024400000)]
  0x0000000020c42800 JavaThread "Build operations Thread 7" [_thread_blocked, id=38228, stack(0x0000000024200000,0x0000000024300000)]
  0x0000000020c41000 JavaThread "Build operations Thread 6" [_thread_in_native, id=10844, stack(0x0000000024000000,0x0000000024100000)]
  0x0000000020c40000 JavaThread "Build operations Thread 5" [_thread_blocked, id=4760, stack(0x0000000023f00000,0x0000000024000000)]
  0x0000000020c41800 JavaThread "Build operations Thread 4" [_thread_in_native, id=39368, stack(0x0000000023e00000,0x0000000023f00000)]
  0x0000000020c3f800 JavaThread "Build operations Thread 3" [_thread_in_native, id=25404, stack(0x0000000023d00000,0x0000000023e00000)]
  0x0000000020c3d000 JavaThread "Build operations Thread 2" [_thread_in_native, id=38844, stack(0x0000000023c00000,0x0000000023d00000)]
  0x0000000020c3b800 JavaThread "Build operations" [_thread_in_native, id=37736, stack(0x0000000023b00000,0x0000000023c00000)]
  0x000000001c807800 JavaThread "Cache worker for file content cache (C:\Users\97254\.gradle\caches\6.5\fileContent)" [_thread_blocked, id=18176, stack(0x0000000023070000,0x0000000023170000)]
  0x000000001c806000 JavaThread "jar transforms" [_thread_blocked, id=31940, stack(0x0000000022f70000,0x0000000023070000)]
  0x000000001c803800 JavaThread "Cache worker for execution history cache (C:\Users\97254\.gradle\caches\6.5\executionHistory)" [_thread_blocked, id=38700, stack(0x0000000022870000,0x0000000022970000)]
  0x000000001c804800 JavaThread "Cache worker for cache directory md-rule (C:\Users\97254\.gradle\caches\6.5\md-rule)" [_thread_blocked, id=20572, stack(0x0000000022770000,0x0000000022870000)]
  0x000000001c805000 JavaThread "Cache worker for cache directory md-supplier (C:\Users\97254\.gradle\caches\6.5\md-supplier)" [_thread_blocked, id=13016, stack(0x0000000022670000,0x0000000022770000)]
  0x000000001c803000 JavaThread "Cache worker for checksums cache (C:\Users\97254\finalProjectAndroid1\.gradle\checksums)" [_thread_blocked, id=37172, stack(0x00000000212c0000,0x00000000213c0000)]
  0x000000001c802000 JavaThread "Cache worker for file hash cache (C:\Users\97254\finalProjectAndroid1\.gradle\6.5\fileHashes)" [_thread_blocked, id=20180, stack(0x00000000201e0000,0x00000000202e0000)]
  0x000000001c806800 JavaThread "Cache worker for file hash cache (C:\Users\97254\.gradle\caches\6.5\fileHashes)" [_thread_blocked, id=26688, stack(0x000000001ec80000,0x000000001ed80000)]
  0x000000001c809000 JavaThread "File lock request listener" [_thread_in_native, id=17324, stack(0x000000001eb80000,0x000000001ec80000)]
  0x000000001c75b000 JavaThread "Cache worker for journal cache (C:\Users\97254\.gradle\caches\journal-1)" [_thread_blocked, id=38616, stack(0x000000001ea80000,0x000000001eb80000)]
  0x000000001c6b8000 JavaThread "Thread-9" [_thread_blocked, id=29176, stack(0x000000001e780000,0x000000001e880000)]
  0x000000001c6f2000 JavaThread "Stdin handler" [_thread_blocked, id=33524, stack(0x000000001e680000,0x000000001e780000)]
  0x000000001c6fd000 JavaThread "Asynchronous log dispatcher for DefaultDaemonConnection: socket connection from /127.0.0.1:54672 to /127.0.0.1:54673" [_thread_blocked, id=36576, stack(0x000000001e580000,0x000000001e680000)]
  0x000000001c635800 JavaThread "Daemon worker" [_thread_blocked, id=36200, stack(0x000000001e480000,0x000000001e580000)]
  0x000000001c634800 JavaThread "Cancel handler" [_thread_blocked, id=7392, stack(0x000000001e380000,0x000000001e480000)]
  0x000000001c60e000 JavaThread "Handler for socket connection from /127.0.0.1:54672 to /127.0.0.1:54673" [_thread_in_native, id=35320, stack(0x000000001e280000,0x000000001e380000)]
  0x000000001c5f0800 JavaThread "Daemon" [_thread_blocked, id=26500, stack(0x000000001e180000,0x000000001e280000)]
  0x000000001c5db800 JavaThread "Daemon periodic checks" [_thread_blocked, id=38216, stack(0x000000001de80000,0x000000001df80000)]
  0x000000001c5f5800 JavaThread "Incoming local TCP Connector on port 54672" [_thread_in_native, id=39848, stack(0x000000001dc40000,0x000000001dd40000)]
  0x000000001915c000 JavaThread "Daemon health stats" [_thread_blocked, id=1204, stack(0x000000001d600000,0x000000001d700000)]
  0x00000000190d3800 JavaThread "Service Thread" daemon [_thread_blocked, id=12764, stack(0x000000001aa60000,0x000000001ab60000)]
  0x0000000019057800 JavaThread "C1 CompilerThread3" daemon [_thread_blocked, id=3980, stack(0x000000001a960000,0x000000001aa60000)]
  0x000000001900b000 JavaThread "C2 CompilerThread2" daemon [_thread_blocked, id=15124, stack(0x000000001a860000,0x000000001a960000)]
=>0x000000001900a000 JavaThread "C2 CompilerThread1" daemon [_thread_in_native, id=13972, stack(0x000000001a760000,0x000000001a860000)]
  0x0000000019002800 JavaThread "C2 CompilerThread0" daemon [_thread_blocked, id=6960, stack(0x000000001a660000,0x000000001a760000)]
  0x0000000019000800 JavaThread "Attach Listener" daemon [_thread_blocked, id=32744, stack(0x000000001a560000,0x000000001a660000)]
  0x000000001904f800 JavaThread "Signal Dispatcher" daemon [_thread_blocked, id=23832, stack(0x000000001a460000,0x000000001a560000)]
  0x0000000017932800 JavaThread "Finalizer" daemon [_thread_blocked, id=35024, stack(0x000000001a260000,0x000000001a360000)]
  0x0000000018ff3000 JavaThread "Reference Handler" daemon [_thread_blocked, id=39716, stack(0x000000001a160000,0x000000001a260000)]
  0x0000000000bde800 JavaThread "main" [_thread_blocked, id=8908, stack(0x00000000024c0000,0x00000000025c0000)]

Other Threads:
  0x0000000017925800 VMThread [stack: 0x000000001a060000,0x000000001a160000] [id=10404]
  0x00000000190d5800 WatcherThread [stack: 0x000000001ab60000,0x000000001ac60000] [id=27396]

VM state:not at safepoint (normal execution)

VM Mutex/Monitor currently owned by a thread: None

heap address: 0x0000000080000000, size: 2048 MB, Compressed Oops mode: 32-bit
Narrow klass base: 0x0000000000000000, Narrow klass shift: 3
Compressed class space size: 1073741824 Address: 0x0000000100000000

Heap:
 PSYoungGen      total 259584K, used 146514K [0x00000000d5580000, 0x00000000ea680000, 0x0000000100000000)
  eden space 234496K, 51% used [0x00000000d5580000,0x00000000dcc16448,0x00000000e3a80000)
  from space 25088K, 99% used [0x00000000e5f80000,0x00000000e77fe5c8,0x00000000e7800000)
  to   space 37888K, 0% used [0x00000000e3a80000,0x00000000e3a80000,0x00000000e5f80000)
 ParOldGen       total 132608K, used 57778K [0x0000000080000000, 0x0000000088180000, 0x00000000d5580000)
  object space 132608K, 43% used [0x0000000080000000,0x000000008386c9e0,0x0000000088180000)
 Metaspace       used 73131K, capacity 77192K, committed 77464K, reserved 1116160K
  class space    used 9944K, capacity 10637K, committed 10672K, reserved 1048576K

Card table byte_map: [0x0000000011a80000,0x0000000011e90000] byte_map_base: 0x0000000011680000

Marking Bits: (ParMarkBitMap*) 0x000000006854f030
 Begin Bits: [0x0000000012b40000, 0x0000000014b40000)
 End Bits:   [0x0000000014b40000, 0x0000000016b40000)

Polling page: 0x0000000000b90000

CodeCache: size=245760Kb used=27970Kb max_used=27970Kb free=217789Kb
 bounds [0x00000000026c0000, 0x0000000004240000, 0x00000000116c0000]
 total_blobs=9493 nmethods=8567 adapters=837
 compilation: enabled

Compilation events (10 events):
Event: 17.390 Thread 0x0000000019057800 nmethod 9983 0x000000000420bf10 code [0x000000000420c060, 0x000000000420c170]
Event: 17.390 Thread 0x0000000019057800 9988       1       java.util.Collections$EmptyMap::size (2 bytes)
Event: 17.390 Thread 0x0000000019057800 nmethod 9988 0x000000000420c1d0 code [0x000000000420c320, 0x000000000420c430]
Event: 17.390 Thread 0x0000000019057800 9992       1       org.gradle.internal.execution.history.impl.DefaultBeforeExecutionState::getOutputFileSnapshots (5 bytes)
Event: 17.390 Thread 0x0000000019057800 nmethod 9992 0x000000000420c490 code [0x000000000420c5e0, 0x000000000420c6f0]
Event: 17.390 Thread 0x0000000019057800 9993       3       org.gradle.internal.execution.steps.SnapshotOutputsStep$1::getOutcome (10 bytes)
Event: 17.390 Thread 0x0000000019057800 nmethod 9993 0x000000000420c750 code [0x000000000420c8c0, 0x000000000420cae8]
Event: 17.390 Thread 0x0000000019057800 9994       3       org.gradle.internal.execution.steps.ExecuteStep$$Lambda$592/59906208::getOutcome (8 bytes)
Event: 17.390 Thread 0x0000000019057800 nmethod 9994 0x000000000420cb90 code [0x000000000420cd20, 0x000000000420d110]
Event: 17.390 Thread 0x0000000019057800 9995       3       org.gradle.api.internal.artifacts.transform.DefaultTransformerInvocationFactory$2$$Lambda$757/1065201646::apply (12 bytes)

GC Heap History (10 events):
Event: 8.551 GC heap before
{Heap before GC invocations=11 (full 2):
 PSYoungGen      total 186368K, used 185959K [0x00000000d5580000, 0x00000000e3880000, 0x0000000100000000)
  eden space 175616K, 100% used [0x00000000d5580000,0x00000000e0100000,0x00000000e0100000)
  from space 10752K, 96% used [0x00000000e2e00000,0x00000000e3819d68,0x00000000e3880000)
  to   space 14848K, 0% used [0x00000000e1b80000,0x00000000e1b80000,0x00000000e2a00000)
 ParOldGen       total 88576K, used 17196K [0x0000000080000000, 0x0000000085680000, 0x00000000d5580000)
  object space 88576K, 19% used [0x0000000080000000,0x00000000810cb378,0x0000000085680000)
 Metaspace       used 55226K, capacity 57556K, committed 57640K, reserved 1099776K
  class space    used 7523K, capacity 7981K, committed 7984K, reserved 1048576K
Event: 8.573 GC heap after
Heap after GC invocations=11 (full 2):
 PSYoungGen      total 217600K, used 14828K [0x00000000d5580000, 0x00000000e4d80000, 0x0000000100000000)
  eden space 202752K, 0% used [0x00000000d5580000,0x00000000d5580000,0x00000000e1b80000)
  from space 14848K, 99% used [0x00000000e1b80000,0x00000000e29fb310,0x00000000e2a00000)
  to   space 21504K, 0% used [0x00000000e3880000,0x00000000e3880000,0x00000000e4d80000)
 ParOldGen       total 88576K, used 29479K [0x0000000080000000, 0x0000000085680000, 0x00000000d5580000)
  object space 88576K, 33% used [0x0000000080000000,0x0000000081cc9e60,0x0000000085680000)
 Metaspace       used 55226K, capacity 57556K, committed 57640K, reserved 1099776K
  class space    used 7523K, capacity 7981K, committed 7984K, reserved 1048576K
}
Event: 8.881 GC heap before
{Heap before GC invocations=12 (full 2):
 PSYoungGen      total 217600K, used 65198K [0x00000000d5580000, 0x00000000e4d80000, 0x0000000100000000)
  eden space 202752K, 24% used [0x00000000d5580000,0x00000000d86b05b8,0x00000000e1b80000)
  from space 14848K, 99% used [0x00000000e1b80000,0x00000000e29fb310,0x00000000e2a00000)
  to   space 21504K, 0% used [0x00000000e3880000,0x00000000e3880000,0x00000000e4d80000)
 ParOldGen       total 88576K, used 29479K [0x0000000080000000, 0x0000000085680000, 0x00000000d5580000)
  object space 88576K, 33% used [0x0000000080000000,0x0000000081cc9e60,0x0000000085680000)
 Metaspace       used 56632K, capacity 59102K, committed 59160K, reserved 1099776K
  class space    used 7753K, capacity 8236K, committed 8240K, reserved 1048576K
Event: 8.897 GC heap after
Heap after GC invocations=12 (full 2):
 PSYoungGen      total 229888K, used 19089K [0x00000000d5580000, 0x00000000e7d80000, 0x0000000100000000)
  eden space 208384K, 0% used [0x00000000d5580000,0x00000000d5580000,0x00000000e2100000)
  from space 21504K, 88% used [0x00000000e3880000,0x00000000e4b24620,0x00000000e4d80000)
  to   space 24064K, 0% used [0x00000000e2100000,0x00000000e2100000,0x00000000e3880000)
 ParOldGen       total 88576K, used 29487K [0x0000000080000000, 0x0000000085680000, 0x00000000d5580000)
  object space 88576K, 33% used [0x0000000080000000,0x0000000081ccbe60,0x0000000085680000)
 Metaspace       used 56632K, capacity 59102K, committed 59160K, reserved 1099776K
  class space    used 7753K, capacity 8236K, committed 8240K, reserved 1048576K
}
Event: 8.897 GC heap before
{Heap before GC invocations=13 (full 3):
 PSYoungGen      total 229888K, used 19089K [0x00000000d5580000, 0x00000000e7d80000, 0x0000000100000000)
  eden space 208384K, 0% used [0x00000000d5580000,0x00000000d5580000,0x00000000e2100000)
  from space 21504K, 88% used [0x00000000e3880000,0x00000000e4b24620,0x00000000e4d80000)
  to   space 24064K, 0% used [0x00000000e2100000,0x00000000e2100000,0x00000000e3880000)
 ParOldGen       total 88576K, used 29487K [0x0000000080000000, 0x0000000085680000, 0x00000000d5580000)
  object space 88576K, 33% used [0x0000000080000000,0x0000000081ccbe60,0x0000000085680000)
 Metaspace       used 56632K, capacity 59102K, committed 59160K, reserved 1099776K
  class space    used 7753K, capacity 8236K, committed 8240K, reserved 1048576K
Event: 9.132 GC heap after
Heap after GC invocations=13 (full 3):
 PSYoungGen      total 229888K, used 0K [0x00000000d5580000, 0x00000000e7d80000, 0x0000000100000000)
  eden space 208384K, 0% used [0x00000000d5580000,0x00000000d5580000,0x00000000e2100000)
  from space 21504K, 0% used [0x00000000e3880000,0x00000000e3880000,0x00000000e4d80000)
  to   space 24064K, 0% used [0x00000000e2100000,0x00000000e2100000,0x00000000e3880000)
 ParOldGen       total 132608K, used 33220K [0x0000000080000000, 0x0000000088180000, 0x00000000d5580000)
  object space 132608K, 25% used [0x0000000080000000,0x00000000820711b8,0x0000000088180000)
 Metaspace       used 56560K, capacity 58856K, committed 59160K, reserved 1099776K
  class space    used 7731K, capacity 8195K, committed 8240K, reserved 1048576K
}
Event: 11.678 GC heap before
{Heap before GC invocations=14 (full 3):
 PSYoungGen      total 229888K, used 208384K [0x00000000d5580000, 0x00000000e7d80000, 0x0000000100000000)
  eden space 208384K, 100% used [0x00000000d5580000,0x00000000e2100000,0x00000000e2100000)
  from space 21504K, 0% used [0x00000000e3880000,0x00000000e3880000,0x00000000e4d80000)
  to   space 24064K, 0% used [0x00000000e2100000,0x00000000e2100000,0x00000000e3880000)
 ParOldGen       total 132608K, used 33220K [0x0000000080000000, 0x0000000088180000, 0x00000000d5580000)
  object space 132608K, 25% used [0x0000000080000000,0x00000000820711b8,0x0000000088180000)
 Metaspace       used 65711K, capacity 69594K, committed 69784K, reserved 1110016K
  class space    used 9152K, capacity 9858K, committed 9904K, reserved 1048576K
Event: 11.692 GC heap after
Heap after GC invocations=14 (full 3):
 PSYoungGen      total 232448K, used 17527K [0x00000000d5580000, 0x00000000e7800000, 0x0000000100000000)
  eden space 208384K, 0% used [0x00000000d5580000,0x00000000d5580000,0x00000000e2100000)
  from space 24064K, 72% used [0x00000000e2100000,0x00000000e321df98,0x00000000e3880000)
  to   space 25088K, 0% used [0x00000000e5f80000,0x00000000e5f80000,0x00000000e7800000)
 ParOldGen       total 132608K, used 33228K [0x0000000080000000, 0x0000000088180000, 0x00000000d5580000)
  object space 132608K, 25% used [0x0000000080000000,0x00000000820731b8,0x0000000088180000)
 Metaspace       used 65711K, capacity 69594K, committed 69784K, reserved 1110016K
  class space    used 9152K, capacity 9858K, committed 9904K, reserved 1048576K
}
Event: 13.997 GC heap before
{Heap before GC invocations=15 (full 3):
 PSYoungGen      total 232448K, used 225911K [0x00000000d5580000, 0x00000000e7800000, 0x0000000100000000)
  eden space 208384K, 100% used [0x00000000d5580000,0x00000000e2100000,0x00000000e2100000)
  from space 24064K, 72% used [0x00000000e2100000,0x00000000e321df98,0x00000000e3880000)
  to   space 25088K, 0% used [0x00000000e5f80000,0x00000000e5f80000,0x00000000e7800000)
 ParOldGen       total 132608K, used 33228K [0x0000000080000000, 0x0000000088180000, 0x00000000d5580000)
  object space 132608K, 25% used [0x0000000080000000,0x00000000820731b8,0x0000000088180000)
 Metaspace       used 69152K, capacity 73158K, committed 73496K, reserved 1112064K
  class space    used 9474K, capacity 10192K, committed 10288K, reserved 1048576K
Event: 14.284 GC heap after
Heap after GC invocations=15 (full 3):
 PSYoungGen      total 259584K, used 25081K [0x00000000d5580000, 0x00000000ea680000, 0x0000000100000000)
  eden space 234496K, 0% used [0x00000000d5580000,0x00000000d5580000,0x00000000e3a80000)
  from space 25088K, 99% used [0x00000000e5f80000,0x00000000e77fe5c8,0x00000000e7800000)
  to   space 37888K, 0% used [0x00000000e3a80000,0x00000000e3a80000,0x00000000e5f80000)
 ParOldGen       total 132608K, used 57778K [0x0000000080000000, 0x0000000088180000, 0x00000000d5580000)
  object space 132608K, 43% used [0x0000000080000000,0x000000008386c9e0,0x0000000088180000)
 Metaspace       used 69152K, capacity 73158K, committed 73496K, reserved 1112064K
  class space    used 9474K, capacity 10192K, committed 10288K, reserved 1048576K
}

Deoptimization events (10 events):
Event: 15.337 Thread 0x000000001b541800 Uncommon trap: reason=unstable_if action=reinterpret pc=0x0000000002900680 method=java.lang.AbstractStringBuilder.append(Ljava/lang/String;)Ljava/lang/AbstractStringBuilder; @ 1
Event: 15.389 Thread 0x000000001b541800 Uncommon trap: reason=class_check action=maybe_recompile pc=0x0000000004049374 method=java.util.HashMap.removeNode(ILjava/lang/Object;Ljava/lang/Object;ZZ)Ljava/util/HashMap$Node; @ 68
Event: 15.426 Thread 0x000000001b541800 Uncommon trap: reason=unstable_if action=reinterpret pc=0x0000000003d96104 method=com.sun.org.apache.xerces.internal.impl.XMLDocumentFragmentScannerImpl.getString()Lcom/sun/org/apache/xerces/internal/xni/XMLString; @ 8
Event: 15.626 Thread 0x000000001b541800 Uncommon trap: reason=unstable_if action=reinterpret pc=0x0000000003d4eaf8 method=sun.misc.URLClassPath$1.next()Z @ 56
Event: 15.628 Thread 0x000000001b541800 Uncommon trap: reason=unstable_if action=reinterpret pc=0x0000000003a2e97c method=java.lang.CharacterDataLatin1.isJavaIdentifierPart(I)Z @ 11
Event: 17.225 Thread 0x000000002bc88800 Uncommon trap: reason=class_check action=maybe_recompile pc=0x0000000002fc1cd4 method=com.sun.org.apache.xerces.internal.dom.ElementImpl.getTagName()Ljava/lang/String; @ 8
Event: 17.225 Thread 0x000000002bc88800 Uncommon trap: reason=class_check action=maybe_recompile pc=0x0000000002fc1cd4 method=com.sun.org.apache.xerces.internal.dom.ElementImpl.getTagName()Ljava/lang/String; @ 8
Event: 17.225 Thread 0x000000002bc88800 Uncommon trap: reason=class_check action=maybe_recompile pc=0x0000000002fc1cd4 method=com.sun.org.apache.xerces.internal.dom.ElementImpl.getTagName()Ljava/lang/String; @ 8
Event: 17.225 Thread 0x000000002bc88800 Uncommon trap: reason=class_check action=maybe_recompile pc=0x0000000002fc1cd4 method=com.sun.org.apache.xerces.internal.dom.ElementImpl.getTagName()Ljava/lang/String; @ 8
Event: 17.389 Thread 0x0000000020c45000 Uncommon trap: reason=unstable_if action=reinterpret pc=0x0000000003a2f908 method=java.util.concurrent.ConcurrentLinkedQueue.poll()Ljava/lang/Object; @ 74

Classes redefined (0 events):
No events

Internal exceptions (10 events):
Event: 13.993 Thread 0x000000001c635800 Implicit null exception at 0x00000000040b2aba to 0x00000000040b09d9
Event: 14.305 Thread 0x000000001b53b800 Exception <a 'java/lang/NoSuchMethodError': java.lang.Object.lambda$comparingInt$7b0bb60$1(Ljava/util/function/ToIntFunction;Ljava/lang/Object;Ljava/lang/Object;)I> (0x00000000d5e9ded0) thrown at [C:\src\AOSP-openjdk-git\hotspot\src\share\vm\interpreter\l
Event: 14.455 Thread 0x000000001c635800 Exception <a 'java/lang/NoSuchMethodError': <clinit>> (0x00000000d5bef2e0) thrown at [C:\src\AOSP-openjdk-git\hotspot\src\share\vm\prims\jni.cpp, line 1615]
Event: 14.456 Thread 0x000000001c635800 Exception <a 'java/lang/NoSuchMethodError': <clinit>> (0x00000000d5c03030) thrown at [C:\src\AOSP-openjdk-git\hotspot\src\share\vm\prims\jni.cpp, line 1615]
Event: 14.457 Thread 0x000000001c635800 Exception <a 'java/lang/NoSuchMethodError': <clinit>> (0x00000000d5c1a1b8) thrown at [C:\src\AOSP-openjdk-git\hotspot\src\share\vm\prims\jni.cpp, line 1615]
Event: 14.565 Thread 0x000000001b53f000 Exception <a 'java/lang/NoSuchMethodError': <clinit>> (0x00000000d6fa1e00) thrown at [C:\src\AOSP-openjdk-git\hotspot\src\share\vm\prims\jni.cpp, line 1615]
Event: 14.624 Thread 0x000000001b541800 Implicit null exception at 0x0000000003e1ebbf to 0x0000000003e1ed09
Event: 15.335 Thread 0x000000001b541800 Implicit null exception at 0x00000000040a1966 to 0x00000000040a30f9
Event: 15.336 Thread 0x000000001b541800 Implicit null exception at 0x0000000002945756 to 0x0000000002945af1
Event: 15.337 Thread 0x000000001b541800 Implicit null exception at 0x00000000029002d6 to 0x0000000002900669

Events (10 events):
Event: 17.324 Thread 0x0000000020c46800 DEOPT PACKING pc=0x0000000003de6524 sp=0x00000000245fdb00
Event: 17.325 Thread 0x0000000020c46800 DEOPT UNPACKING pc=0x00000000027075d0 sp=0x00000000245fd9b8 mode 0
Event: 17.332 Thread 0x0000000019057800 flushing nmethod 0x0000000003d98410
Event: 17.334 Thread 0x0000000019057800 flushing nmethod 0x0000000003f7db90
Event: 17.334 Thread 0x0000000019057800 flushing nmethod 0x0000000003f80050
Event: 17.334 Thread 0x0000000019057800 flushing nmethod 0x0000000003fa8090
Event: 17.334 Thread 0x0000000019057800 flushing nmethod 0x0000000003fbc1d0
Event: 17.389 Thread 0x0000000020c45000 Uncommon trap: trap_request=0xffffff65 fr.pc=0x0000000003a2f908
Event: 17.389 Thread 0x0000000020c45000 DEOPT PACKING pc=0x0000000003a2f908 sp=0x00000000247fb270
Event: 17.389 Thread 0x0000000020c45000 DEOPT UNPACKING pc=0x000000000270557b sp=0x00000000247fb190 mode 2


Dynamic libraries:
0x00007ff6dec80000 - 0x00007ff6decb1000 	C:\Program Files\Android\Android Studio\jre\bin\java.exe
0x00007ffc9af90000 - 0x00007ffc9b185000 	C:\WINDOWS\SYSTEM32\ntdll.dll
0x00007ffc9a180000 - 0x00007ffc9a23d000 	C:\WINDOWS\System32\KERNEL32.DLL
0x00007ffc988e0000 - 0x00007ffc98ba9000 	C:\WINDOWS\System32\KERNELBASE.dll
0x00007ffc993f0000 - 0x00007ffc9949c000 	C:\WINDOWS\System32\ADVAPI32.dll
0x00007ffc9acd0000 - 0x00007ffc9ad6e000 	C:\WINDOWS\System32\msvcrt.dll
0x00007ffc9a410000 - 0x00007ffc9a4ac000 	C:\WINDOWS\System32\sechost.dll
0x00007ffc9a5a0000 - 0x00007ffc9a6cb000 	C:\WINDOWS\System32\RPCRT4.dll
0x00007ffc99250000 - 0x00007ffc993f0000 	C:\WINDOWS\System32\USER32.dll
0x00007ffc988b0000 - 0x00007ffc988d2000 	C:\WINDOWS\System32\win32u.dll
0x00007ffc9af20000 - 0x00007ffc9af4a000 	C:\WINDOWS\System32\GDI32.dll
0x00007ffc98e30000 - 0x00007ffc98f3b000 	C:\WINDOWS\System32\gdi32full.dll
0x00007ffc98c60000 - 0x00007ffc98cfd000 	C:\WINDOWS\System32\msvcp_win.dll
0x00007ffc98d00000 - 0x00007ffc98e00000 	C:\WINDOWS\System32\ucrtbase.dll
0x00007ffc87f90000 - 0x00007ffc8822a000 	C:\WINDOWS\WinSxS\amd64_microsoft.windows.common-controls_6595b64144ccf1df_6.0.19041.844_none_ca00b6081b84eb1d\COMCTL32.dll
0x00007ffc9a3e0000 - 0x00007ffc9a410000 	C:\WINDOWS\System32\IMM32.DLL
0x0000000067270000 - 0x0000000067342000 	C:\Program Files\Android\Android Studio\jre\jre\bin\msvcr100.dll
0x0000000067d80000 - 0x00000000685cb000 	C:\Program Files\Android\Android Studio\jre\jre\bin\server\jvm.dll
0x00007ffc9a240000 - 0x00007ffc9a248000 	C:\WINDOWS\System32\PSAPI.DLL
0x00007ffc8f1a0000 - 0x00007ffc8f1aa000 	C:\WINDOWS\SYSTEM32\VERSION.dll
0x00007ffc883e0000 - 0x00007ffc88407000 	C:\WINDOWS\SYSTEM32\WINMM.dll
0x00007ffc937a0000 - 0x00007ffc937a9000 	C:\WINDOWS\SYSTEM32\WSOCK32.dll
0x00007ffc9a4b0000 - 0x00007ffc9a51b000 	C:\WINDOWS\System32\WS2_32.dll
0x00007ffc84400000 - 0x00007ffc8440f000 	C:\Program Files\Android\Android Studio\jre\jre\bin\verify.dll
0x00007ffc6f420000 - 0x00007ffc6f449000 	C:\Program Files\Android\Android Studio\jre\jre\bin\java.dll
0x00007ffc72900000 - 0x00007ffc72916000 	C:\Program Files\Android\Android Studio\jre\jre\bin\zip.dll
0x00007ffc994a0000 - 0x00007ffc99be2000 	C:\WINDOWS\System32\SHELL32.dll
0x00007ffc96810000 - 0x00007ffc96fa0000 	C:\WINDOWS\SYSTEM32\windows.storage.dll
0x00007ffc99e20000 - 0x00007ffc9a175000 	C:\WINDOWS\System32\combase.dll
0x00007ffc98140000 - 0x00007ffc9816c000 	C:\WINDOWS\SYSTEM32\Wldp.dll
0x00007ffc990c0000 - 0x00007ffc9916e000 	C:\WINDOWS\System32\SHCORE.dll
0x00007ffc9ab80000 - 0x00007ffc9abd5000 	C:\WINDOWS\System32\shlwapi.dll
0x00007ffc98610000 - 0x00007ffc9862f000 	C:\WINDOWS\SYSTEM32\profapi.dll
0x00007ffc71b40000 - 0x00007ffc71b5a000 	C:\Program Files\Android\Android Studio\jre\jre\bin\net.dll
0x00007ffc97e50000 - 0x00007ffc97eba000 	C:\WINDOWS\system32\mswsock.dll
0x00007ffc709c0000 - 0x00007ffc709d3000 	C:\Program Files\Android\Android Studio\jre\jre\bin\nio.dll
0x00007ffc7f260000 - 0x00007ffc7f287000 	C:\Users\97254\.gradle\native\f6784746aeab05261644944871eae4fe03e0ef1612fff0a4a95f87b438bc6780\windows-amd64\native-platform.dll
0x00007ffc7bfc0000 - 0x00007ffc7bfcd000 	C:\Program Files\Android\Android Studio\jre\jre\bin\management.dll
0x00007ffc980a0000 - 0x00007ffc980b8000 	C:\WINDOWS\SYSTEM32\CRYPTSP.dll
0x00007ffc97790000 - 0x00007ffc977c4000 	C:\WINDOWS\system32\rsaenh.dll
0x00007ffc98e00000 - 0x00007ffc98e27000 	C:\WINDOWS\System32\bcrypt.dll
0x00007ffc98590000 - 0x00007ffc985be000 	C:\WINDOWS\SYSTEM32\USERENV.dll
0x00007ffc98830000 - 0x00007ffc988b0000 	C:\WINDOWS\System32\bcryptprimitives.dll
0x00007ffc98090000 - 0x00007ffc9809c000 	C:\WINDOWS\SYSTEM32\CRYPTBASE.dll
0x00007ffc97b40000 - 0x00007ffc97b7b000 	C:\WINDOWS\SYSTEM32\IPHLPAPI.DLL
0x00007ffc9ab70000 - 0x00007ffc9ab78000 	C:\WINDOWS\System32\NSI.dll
0x00007ffc8fb60000 - 0x00007ffc8fb77000 	C:\WINDOWS\SYSTEM32\dhcpcsvc6.DLL
0x00007ffc8fb40000 - 0x00007ffc8fb5d000 	C:\WINDOWS\SYSTEM32\dhcpcsvc.DLL
0x00007ffc97b80000 - 0x00007ffc97c4b000 	C:\WINDOWS\SYSTEM32\DNSAPI.dll
0x00007ffc91130000 - 0x00007ffc9113b000 	C:\WINDOWS\SYSTEM32\WINNSI.DLL
0x00007ffc50330000 - 0x00007ffc504cc000 	C:\Program Files\Android\Android Studio\jre\jre\bin\awt.dll
0x00007ffc98ff0000 - 0x00007ffc990bd000 	C:\WINDOWS\System32\OLEAUT32.dll
0x00007ffc95fa0000 - 0x00007ffc95fcf000 	C:\WINDOWS\SYSTEM32\dwmapi.dll
0x00007ffc94470000 - 0x00007ffc94a30000 	C:\WINDOWS\SYSTEM32\d2d1.dll
0x00007ffc95d20000 - 0x00007ffc95db0000 	C:\WINDOWS\SYSTEM32\apphelp.dll
0x00007ffc95dd0000 - 0x00007ffc95e6e000 	C:\WINDOWS\system32\uxtheme.dll

VM Arguments:
jvm_args: -Xmx2048m -Dfile.encoding=UTF-8 -Duser.country=IL -Duser.language=iw -Duser.variant 
java_command: org.gradle.launcher.daemon.bootstrap.GradleDaemon 6.5
java_class_path (initial): C:\Users\97254\.gradle\wrapper\dists\gradle-6.5-bin\6nifqtx7604sqp1q6g8wikw7p\gradle-6.5\lib\gradle-launcher-6.5.jar
Launcher Type: SUN_STANDARD

Environment Variables:
PATH=C:\Program Files\AdoptOpenJDK\jdk-11.0.10.9-hotspot\bin;C:\Python38\Scripts\;C:\Python38\;C:\Windows\system32;C:\Windows;C:\Windows\System32\Wbem;C:\Windows\System32\WindowsPowerShell\v1.0\;C:\Windows\System32\OpenSSH\;C:\Program Files (x86)\NVIDIA Corporation\PhysX\Common;C:\Program Files\NVIDIA Corporation\NVIDIA NvDLISR;C:\WINDOWS\system32;C:\WINDOWS;C:\WINDOWS\System32\Wbem;C:\WINDOWS\System32\WindowsPowerShell\v1.0\;C:\WINDOWS\System32\OpenSSH\;C:\Program Files\nodejs\;C:\ProgramData\chocolatey\bin;C:\Users\97254\AppData\Local\Microsoft\WindowsApps;C:\Users\97254\AppData\Roaming\npm;C:\Users\97254\AppData\Local\Programs\Microsoft VS Code\bin;
USERNAME=97254
OS=Windows_NT
PROCESSOR_IDENTIFIER=Intel64 Family 6 Model 158 Stepping 10, GenuineIntel



---------------  S Y S T E M  ---------------

OS: Windows 10.0 , 64 bit Build 19041 (10.0.19041.804)

CPU:total 12 (initial active 12) (6 cores per cpu, 2 threads per core) family 6 model 158 stepping 10, cmov, cx8, fxsr, mmx, sse, sse2, sse3, ssse3, sse4.1, sse4.2, popcnt, avx, avx2, aes, clmul, erms, 3dnowpref, lzcnt, ht, tsc, tscinvbit, bmi1, bmi2, adx

Memory: 4k page, physical 8264948k(94752k free), swap 33430772k(0k free)

vm_info: OpenJDK 64-Bit Server VM (25.242-b01) for windows-amd64 JRE (1.8.0_242-release-1644-b01), built by "builder" with MS VC++ 10.0 (VS2010)

time: Wed May 05 00:49:12 2021
timezone: שעון קיץ ירושלים
elapsed time: 17 seconds (0d 0h 0m 17s)

